Traceback (most recent call last):
  File "./mmdetection/tools/train_adaptive.py", line 8, in <module>
    import mmcv
ModuleNotFoundError: No module named 'mmcv'
Traceback (most recent call last):
  File "./mmdetection/tools/train_adaptive.py", line 8, in <module>
    import mmcv
ModuleNotFoundError: No module named 'mmcv'
Traceback (most recent call last):
  File "/usr/lib/python3.6/runpy.py", line 193, in _run_module_as_main
    "__main__", mod_spec)
  File "/usr/lib/python3.6/runpy.py", line 85, in _run_code
    exec(code, run_globals)
  File "/usr/local/lib/python3.6/dist-packages/torch/distributed/launch.py", line 263, in <module>
    main()
  File "/usr/local/lib/python3.6/dist-packages/torch/distributed/launch.py", line 259, in main
    cmd=cmd)
subprocess.CalledProcessError: Command '['/usr/bin/python', '-u', './mmdetection/tools/train_adaptive.py', '--local_rank=7', 'mmdetection/configs/adaptive/faster_rcnn_r50_caffe_fpn_mstrain_1x_coco-person_adaptive.py', '--launcher', 'pytorch', '--work-dir', '/root/WORK_DIRS/GPA/tuning/coco_piropo_100a_da_rcnn01_intra_inter0_cosine_divd_nostep_iter', '--cfg-options', 'data.samples_per_gpu=2', 'data.train_src.ann_file=/data/COCO/annotations/person_train2017.json', 'data.train_src.img_prefix=/data/COCO/train2017', 'data.train_tgt.ann_file=/data/PIROPO/omni_training_100a.json', 'data.train_tgt.img_prefix=None', 'data.val.ann_file=/data/PIROPO/omni_test2.json', 'data.val.img_prefix=None', 'runner._delete_=True', 'runner.type=IterBasedRunnerAdaptive', 'runner.max_iters=140', 'lr_config.step=[200]', 'evaluation.interval=7', 'checkpoint_config.interval=200', 'model.train_cfg.loss_weight_da=1.0', 'model.train_cfg.loss_weight_da_roi=0', 'model.train_cfg.loss_weight_da_rcnn=0.1', 'model.train_cfg.loss_weight_da_intra=1.0', 'model.train_cfg.loss_weight_da_inter=0']' returned non-zero exit status 1.
*****************************************
Setting OMP_NUM_THREADS environment variable for each process to be 1 in default, to avoid your system being overloaded, please further tune the variable for optimal performance in your application as needed. 
*****************************************
Traceback (most recent call last):
  File "./mmdetection/tools/train_adaptive.py", line 8, in <module>
    import mmcv
ModuleNotFoundError: No module named 'mmcv'
Traceback (most recent call last):
  File "./mmdetection/tools/train_adaptive.py", line 8, in <module>
    import mmcv
ModuleNotFoundError: No module named 'mmcv'
Traceback (most recent call last):
  File "./mmdetection/tools/train_adaptive.py", line 8, in <module>
    import mmcv
ModuleNotFoundError: No module named 'mmcv'
Traceback (most recent call last):
  File "./mmdetection/tools/train_adaptive.py", line 8, in <module>
    import mmcv
ModuleNotFoundError: No module named 'mmcv'
Traceback (most recent call last):
  File "./mmdetection/tools/train_adaptive.py", line 8, in <module>
    import mmcv
ModuleNotFoundError: No module named 'mmcv'
Traceback (most recent call last):
  File "./mmdetection/tools/train_adaptive.py", line 8, in <module>
    import mmcv
ModuleNotFoundError: No module named 'mmcv'
