2021-09-07 20:53:19,153 - mmdet - INFO - Evaluating bbox...
INFO:mmdet:Evaluating bbox...
Loading and preparing results...
DONE (t=0.00s)
creating index...
index created!
Running per image evaluation...
Evaluate annotation type *bbox*
DONE (t=0.22s).
Accumulating evaluation results...
DONE (t=0.07s).
 Average Precision  (AP) @[ IoU=0.50:0.95 | area=   all | maxDets=100 ] = 0.568
 Average Precision  (AP) @[ IoU=0.50      | area=   all | maxDets=1000 ] = 0.879
 Average Precision  (AP) @[ IoU=0.75      | area=   all | maxDets=1000 ] = 0.652
 Average Precision  (AP) @[ IoU=0.50:0.95 | area= small | maxDets=1000 ] = 0.366
 Average Precision  (AP) @[ IoU=0.50:0.95 | area=medium | maxDets=1000 ] = 0.599
 Average Precision  (AP) @[ IoU=0.50:0.95 | area= large | maxDets=1000 ] = 0.712
 Average Recall     (AR) @[ IoU=0.50:0.95 | area=   all | maxDets=100 ] = 0.630
 Average Recall     (AR) @[ IoU=0.50:0.95 | area=   all | maxDets=300 ] = 0.630
 Average Recall     (AR) @[ IoU=0.50:0.95 | area=   all | maxDets=1000 ] = 0.630
 Average Recall     (AR) @[ IoU=0.50:0.95 | area= small | maxDets=1000 ] = 0.458
 Average Recall     (AR) @[ IoU=0.50:0.95 | area=medium | maxDets=1000 ] = 0.652
 Average Recall     (AR) @[ IoU=0.50:0.95 | area= large | maxDets=1000 ] = 0.778
Calculating miss-rate@FPPI and LAMR...
LAMR = 0.15960448707695896
2021-09-07 20:53:20,844 - mmdet - INFO - Now best checkpoint is saved as best_bbox_mAP_50_epoch_18.pth.
INFO:mmdet:Now best checkpoint is saved as best_bbox_mAP_50_epoch_18.pth.
2021-09-07 20:53:20,845 - mmdet - INFO - Best bbox_mAP_50 is 0.8790 at 18 epoch.
INFO:mmdet:Best bbox_mAP_50 is 0.8790 at 18 epoch.
2021-09-07 20:53:20,846 - mmdet - INFO - Exp name: faster_rcnn_r50_caffe_fpn_mstrain_1x_coco-person_adaptive.py
INFO:mmdet:Exp name: faster_rcnn_r50_caffe_fpn_mstrain_1x_coco-person_adaptive.py
2021-09-07 20:53:20,846 - mmdet - INFO - Epoch(val) [18][47]    bbox_LAMR: 0.1596, bbox_mAP: 0.5680, bbox_mAP_50: 0.8790, bbox_mAP_75: 0.6520, bbox_mAP_s: 0.3660, bbox_mAP_m: 0.5990, bbox_mAP_l: 0.7120, bbox_mAP_copypaste: 0.568 0.879 0.652 0.366 0.599 0.712
INFO:mmdet:Epoch(val) [18][47]  bbox_LAMR: 0.1596, bbox_mAP: 0.5680, bbox_mAP_50: 0.8790, bbox_mAP_75: 0.6520, bbox_mAP_s: 0.3660, bbox_mAP_m: 0.5990, bbox_mAP_l: 0.7120, bbox_mAP_copypaste: 0.568 0.879 0.652 0.366 0.599 0.712
2021-09-07 20:54:26,306 - mmdet - INFO - Epoch [19][1/2]        lr: 1.000e-03, eta: 0:27:31, time: 65.234, data_time: 52.688, memory: 3709, loss_rpn_cls: 0.0004, loss_rpn_bbox: 0.0024, loss_cls: 0.0204, acc: 99.3042, loss_bbox: 0.0429, loss_neck_4_adversarial: 0.1604, loss: 0.2266
INFO:mmdet:Epoch [19][1/2]      lr: 1.000e-03, eta: 0:27:31, time: 65.234, data_time: 52.688, memory: 3709, loss_rpn_cls: 0.0004, loss_rpn_bbox: 0.0024, loss_cls: 0.0204, acc: 99.3042, loss_bbox: 0.0429, loss_neck_4_adversarial: 0.1604, loss: 0.2266
2021-09-07 20:54:27,381 - mmdet - INFO - Exp name: faster_rcnn_r50_caffe_fpn_mstrain_1x_coco-person_adaptive.py
INFO:mmdet:Exp name: faster_rcnn_r50_caffe_fpn_mstrain_1x_coco-person_adaptive.py
2021-09-07 20:54:27,381 - mmdet - INFO - Epoch [19][2/2]        lr: 1.000e-03, eta: 0:26:11, time: 1.093, data_time: 0.225, memory: 3709, loss_rpn_cls: 0.0020, loss_rpn_bbox: 0.0031, loss_cls: 0.0224, acc: 99.0723, loss_bbox: 0.0471, loss_neck_4_adversarial: 0.1407, loss: 0.2152
INFO:mmdet:Epoch [19][2/2]      lr: 1.000e-03, eta: 0:26:11, time: 1.093, data_time: 0.225, memory: 3709, loss_rpn_cls: 0.0020, loss_rpn_bbox: 0.0031, loss_cls: 0.0224, acc: 99.0723, loss_bbox: 0.0471, loss_neck_4_adversarial: 0.1407, loss: 0.2152
[>>>>>>>>>>>>>>>>>>>>>>>>>>>>>] 376/375, 21.2 task/s, elapsed: 18s, ETA:     0s

2021-09-07 20:55:10,829 - mmdet - INFO - Evaluating bbox...
INFO:mmdet:Evaluating bbox...
Loading and preparing results...
DONE (t=0.00s)
creating index...
index created!
Running per image evaluation...
Evaluate annotation type *bbox*
DONE (t=0.22s).
Accumulating evaluation results...
DONE (t=0.07s).
 Average Precision  (AP) @[ IoU=0.50:0.95 | area=   all | maxDets=100 ] = 0.567
 Average Precision  (AP) @[ IoU=0.50      | area=   all | maxDets=1000 ] = 0.881
 Average Precision  (AP) @[ IoU=0.75      | area=   all | maxDets=1000 ] = 0.650
 Average Precision  (AP) @[ IoU=0.50:0.95 | area= small | maxDets=1000 ] = 0.365
 Average Precision  (AP) @[ IoU=0.50:0.95 | area=medium | maxDets=1000 ] = 0.597
 Average Precision  (AP) @[ IoU=0.50:0.95 | area= large | maxDets=1000 ] = 0.719
 Average Recall     (AR) @[ IoU=0.50:0.95 | area=   all | maxDets=100 ] = 0.629
 Average Recall     (AR) @[ IoU=0.50:0.95 | area=   all | maxDets=300 ] = 0.629
 Average Recall     (AR) @[ IoU=0.50:0.95 | area=   all | maxDets=1000 ] = 0.629
 Average Recall     (AR) @[ IoU=0.50:0.95 | area= small | maxDets=1000 ] = 0.456
 Average Recall     (AR) @[ IoU=0.50:0.95 | area=medium | maxDets=1000 ] = 0.651
 Average Recall     (AR) @[ IoU=0.50:0.95 | area= large | maxDets=1000 ] = 0.784
Calculating miss-rate@FPPI and LAMR...
LAMR = 0.15735564283196202
2021-09-07 20:55:12,774 - mmdet - INFO - Now best checkpoint is saved as best_bbox_mAP_50_epoch_19.pth.
INFO:mmdet:Now best checkpoint is saved as best_bbox_mAP_50_epoch_19.pth.
2021-09-07 20:55:12,775 - mmdet - INFO - Best bbox_mAP_50 is 0.8810 at 19 epoch.
INFO:mmdet:Best bbox_mAP_50 is 0.8810 at 19 epoch.
2021-09-07 20:55:12,776 - mmdet - INFO - Exp name: faster_rcnn_r50_caffe_fpn_mstrain_1x_coco-person_adaptive.py
INFO:mmdet:Exp name: faster_rcnn_r50_caffe_fpn_mstrain_1x_coco-person_adaptive.py
2021-09-07 20:55:12,776 - mmdet - INFO - Epoch(val) [19][47]    bbox_LAMR: 0.1574, bbox_mAP: 0.5670, bbox_mAP_50: 0.8810, bbox_mAP_75: 0.6500, bbox_mAP_s: 0.3650, bbox_mAP_m: 0.5970, bbox_mAP_l: 0.7190, bbox_mAP_copypaste: 0.567 0.881 0.650 0.365 0.597 0.719
INFO:mmdet:Epoch(val) [19][47]  bbox_LAMR: 0.1574, bbox_mAP: 0.5670, bbox_mAP_50: 0.8810, bbox_mAP_75: 0.6500, bbox_mAP_s: 0.3650, bbox_mAP_m: 0.5970, bbox_mAP_l: 0.7190, bbox_mAP_copypaste: 0.567 0.881 0.650 0.365 0.597 0.719
2021-09-07 20:56:19,436 - mmdet - INFO - Epoch [20][1/2]        lr: 1.000e-03, eta: 0:26:04, time: 66.390, data_time: 50.563, memory: 3709, loss_rpn_cls: 0.0012, loss_rpn_bbox: 0.0029, loss_cls: 0.0187, acc: 99.4629, loss_bbox: 0.0348, loss_neck_4_adversarial: 0.1883, loss: 0.2458
INFO:mmdet:Epoch [20][1/2]      lr: 1.000e-03, eta: 0:26:04, time: 66.390, data_time: 50.563, memory: 3709, loss_rpn_cls: 0.0012, loss_rpn_bbox: 0.0029, loss_cls: 0.0187, acc: 99.4629, loss_bbox: 0.0348, loss_neck_4_adversarial: 0.1883, loss: 0.2458
2021-09-07 20:56:20,907 - mmdet - INFO - Exp name: faster_rcnn_r50_caffe_fpn_mstrain_1x_coco-person_adaptive.py
INFO:mmdet:Exp name: faster_rcnn_r50_caffe_fpn_mstrain_1x_coco-person_adaptive.py
2021-09-07 20:56:20,908 - mmdet - INFO - Epoch [20][2/2]        lr: 1.000e-03, eta: 0:24:50, time: 1.478, data_time: 0.278, memory: 3709, loss_rpn_cls: 0.0009, loss_rpn_bbox: 0.0028, loss_cls: 0.0262, acc: 98.9990, loss_bbox: 0.0526, loss_neck_4_adversarial: 0.1758, loss: 0.2582
INFO:mmdet:Epoch [20][2/2]      lr: 1.000e-03, eta: 0:24:50, time: 1.478, data_time: 0.278, memory: 3709, loss_rpn_cls: 0.0009, loss_rpn_bbox: 0.0028, loss_cls: 0.0262, acc: 98.9990, loss_bbox: 0.0526, loss_neck_4_adversarial: 0.1758, loss: 0.2582
[>>>>>>>>>>>>>>>>>>>>>>>>>>>>>] 376/375, 13.3 task/s, elapsed: 28s, ETA:     0s

2021-09-07 20:57:02,003 - mmdet - INFO - Evaluating bbox...
INFO:mmdet:Evaluating bbox...
Loading and preparing results...
DONE (t=0.00s)
creating index...
index created!
Running per image evaluation...
Evaluate annotation type *bbox*
DONE (t=0.22s).
Accumulating evaluation results...
DONE (t=0.07s).
 Average Precision  (AP) @[ IoU=0.50:0.95 | area=   all | maxDets=100 ] = 0.568
 Average Precision  (AP) @[ IoU=0.50      | area=   all | maxDets=1000 ] = 0.883
 Average Precision  (AP) @[ IoU=0.75      | area=   all | maxDets=1000 ] = 0.651
 Average Precision  (AP) @[ IoU=0.50:0.95 | area= small | maxDets=1000 ] = 0.371
 Average Precision  (AP) @[ IoU=0.50:0.95 | area=medium | maxDets=1000 ] = 0.596
 Average Precision  (AP) @[ IoU=0.50:0.95 | area= large | maxDets=1000 ] = 0.717
 Average Recall     (AR) @[ IoU=0.50:0.95 | area=   all | maxDets=100 ] = 0.629
 Average Recall     (AR) @[ IoU=0.50:0.95 | area=   all | maxDets=300 ] = 0.629
 Average Recall     (AR) @[ IoU=0.50:0.95 | area=   all | maxDets=1000 ] = 0.629
 Average Recall     (AR) @[ IoU=0.50:0.95 | area= small | maxDets=1000 ] = 0.457
 Average Recall     (AR) @[ IoU=0.50:0.95 | area=medium | maxDets=1000 ] = 0.650
 Average Recall     (AR) @[ IoU=0.50:0.95 | area= large | maxDets=1000 ] = 0.781
Calculating miss-rate@FPPI and LAMR...
LAMR = 0.17279013501799884
2021-09-07 20:57:03,846 - mmdet - INFO - Now best checkpoint is saved as best_bbox_mAP_50_epoch_20.pth.
INFO:mmdet:Now best checkpoint is saved as best_bbox_mAP_50_epoch_20.pth.
2021-09-07 20:57:03,847 - mmdet - INFO - Best bbox_mAP_50 is 0.8830 at 20 epoch.
INFO:mmdet:Best bbox_mAP_50 is 0.8830 at 20 epoch.
2021-09-07 20:57:03,847 - mmdet - INFO - Exp name: faster_rcnn_r50_caffe_fpn_mstrain_1x_coco-person_adaptive.py
INFO:mmdet:Exp name: faster_rcnn_r50_caffe_fpn_mstrain_1x_coco-person_adaptive.py
2021-09-07 20:57:03,848 - mmdet - INFO - Epoch(val) [20][47]    bbox_LAMR: 0.1728, bbox_mAP: 0.5680, bbox_mAP_50: 0.8830, bbox_mAP_75: 0.6510, bbox_mAP_s: 0.3710, bbox_mAP_m: 0.5960, bbox_mAP_l: 0.7170, bbox_mAP_copypaste: 0.568 0.883 0.651 0.371 0.596 0.717
INFO:mmdet:Epoch(val) [20][47]  bbox_LAMR: 0.1728, bbox_mAP: 0.5680, bbox_mAP_50: 0.8830, bbox_mAP_75: 0.6510, bbox_mAP_s: 0.3710, bbox_mAP_m: 0.5960, bbox_mAP_l: 0.7170, bbox_mAP_copypaste: 0.568 0.883 0.651 0.371 0.596 0.717
2021-09-07 20:58:08,198 - mmdet - INFO - Epoch [21][1/2]        lr: 1.000e-03, eta: 0:24:38, time: 64.136, data_time: 57.925, memory: 3709, loss_rpn_cls: 0.0006, loss_rpn_bbox: 0.0027, loss_cls: 0.0257, acc: 98.9380, loss_bbox: 0.0471, loss_neck_4_adversarial: 0.2202, loss: 0.2962
INFO:mmdet:Epoch [21][1/2]      lr: 1.000e-03, eta: 0:24:38, time: 64.136, data_time: 57.925, memory: 3709, loss_rpn_cls: 0.0006, loss_rpn_bbox: 0.0027, loss_cls: 0.0257, acc: 98.9380, loss_bbox: 0.0471, loss_neck_4_adversarial: 0.2202, loss: 0.2962
2021-09-07 20:58:09,907 - mmdet - INFO - Exp name: faster_rcnn_r50_caffe_fpn_mstrain_1x_coco-person_adaptive.py
INFO:mmdet:Exp name: faster_rcnn_r50_caffe_fpn_mstrain_1x_coco-person_adaptive.py
2021-09-07 20:58:09,907 - mmdet - INFO - Epoch [21][2/2]        lr: 1.000e-03, eta: 0:23:27, time: 1.684, data_time: 0.236, memory: 3709, loss_rpn_cls: 0.0009, loss_rpn_bbox: 0.0026, loss_cls: 0.0188, acc: 99.3774, loss_bbox: 0.0458, loss_neck_4_adversarial: 0.2671, loss: 0.3353
INFO:mmdet:Epoch [21][2/2]      lr: 1.000e-03, eta: 0:23:27, time: 1.684, data_time: 0.236, memory: 3709, loss_rpn_cls: 0.0009, loss_rpn_bbox: 0.0026, loss_cls: 0.0188, acc: 99.3774, loss_bbox: 0.0458, loss_neck_4_adversarial: 0.2671, loss: 0.3353
[>>>>>>>>>>>>>>>>>>>>>>>>>>>>>] 376/375, 19.3 task/s, elapsed: 20s, ETA:     0s

2021-09-07 20:58:55,767 - mmdet - INFO - Evaluating bbox...
INFO:mmdet:Evaluating bbox...
Loading and preparing results...
DONE (t=0.00s)
creating index...
index created!
Running per image evaluation...
Evaluate annotation type *bbox*
DONE (t=0.22s).
Accumulating evaluation results...
DONE (t=0.07s).
 Average Precision  (AP) @[ IoU=0.50:0.95 | area=   all | maxDets=100 ] = 0.563
 Average Precision  (AP) @[ IoU=0.50      | area=   all | maxDets=1000 ] = 0.875
 Average Precision  (AP) @[ IoU=0.75      | area=   all | maxDets=1000 ] = 0.649
 Average Precision  (AP) @[ IoU=0.50:0.95 | area= small | maxDets=1000 ] = 0.370
 Average Precision  (AP) @[ IoU=0.50:0.95 | area=medium | maxDets=1000 ] = 0.592
 Average Precision  (AP) @[ IoU=0.50:0.95 | area= large | maxDets=1000 ] = 0.720
 Average Recall     (AR) @[ IoU=0.50:0.95 | area=   all | maxDets=100 ] = 0.624
 Average Recall     (AR) @[ IoU=0.50:0.95 | area=   all | maxDets=300 ] = 0.624
 Average Recall     (AR) @[ IoU=0.50:0.95 | area=   all | maxDets=1000 ] = 0.624
 Average Recall     (AR) @[ IoU=0.50:0.95 | area= small | maxDets=1000 ] = 0.448
 Average Recall     (AR) @[ IoU=0.50:0.95 | area=medium | maxDets=1000 ] = 0.645
 Average Recall     (AR) @[ IoU=0.50:0.95 | area= large | maxDets=1000 ] = 0.781
Calculating miss-rate@FPPI and LAMR...
LAMR = 0.1811630801124143
2021-09-07 20:58:56,102 - mmdet - INFO - Exp name: faster_rcnn_r50_caffe_fpn_mstrain_1x_coco-person_adaptive.py
INFO:mmdet:Exp name: faster_rcnn_r50_caffe_fpn_mstrain_1x_coco-person_adaptive.py
2021-09-07 20:58:56,103 - mmdet - INFO - Epoch(val) [21][47]    bbox_LAMR: 0.1812, bbox_mAP: 0.5630, bbox_mAP_50: 0.8750, bbox_mAP_75: 0.6490, bbox_mAP_s: 0.3700, bbox_mAP_m: 0.5920, bbox_mAP_l: 0.7200, bbox_mAP_copypaste: 0.563 0.875 0.649 0.370 0.592 0.720
INFO:mmdet:Epoch(val) [21][47]  bbox_LAMR: 0.1812, bbox_mAP: 0.5630, bbox_mAP_50: 0.8750, bbox_mAP_75: 0.6490, bbox_mAP_s: 0.3700, bbox_mAP_m: 0.5920, bbox_mAP_l: 0.7200, bbox_mAP_copypaste: 0.563 0.875 0.649 0.370 0.592 0.720
2021-09-07 21:00:06,178 - mmdet - INFO - Epoch [22][1/2]        lr: 1.000e-03, eta: 0:23:18, time: 69.778, data_time: 58.999, memory: 3709, loss_rpn_cls: 0.0009, loss_rpn_bbox: 0.0025, loss_cls: 0.0195, acc: 99.3164, loss_bbox: 0.0411, loss_neck_4_adversarial: 0.3127, loss: 0.3768
INFO:mmdet:Epoch [22][1/2]      lr: 1.000e-03, eta: 0:23:18, time: 69.778, data_time: 58.999, memory: 3709, loss_rpn_cls: 0.0009, loss_rpn_bbox: 0.0025, loss_cls: 0.0195, acc: 99.3164, loss_bbox: 0.0411, loss_neck_4_adversarial: 0.3127, loss: 0.3768
2021-09-07 21:00:07,602 - mmdet - INFO - Exp name: faster_rcnn_r50_caffe_fpn_mstrain_1x_coco-person_adaptive.py
INFO:mmdet:Exp name: faster_rcnn_r50_caffe_fpn_mstrain_1x_coco-person_adaptive.py
2021-09-07 21:00:07,603 - mmdet - INFO - Epoch [22][2/2]        lr: 1.000e-03, eta: 0:22:11, time: 1.424, data_time: 0.304, memory: 3709, loss_rpn_cls: 0.0005, loss_rpn_bbox: 0.0027, loss_cls: 0.0275, acc: 98.8770, loss_bbox: 0.0488, loss_neck_4_adversarial: 0.5116, loss: 0.5911
INFO:mmdet:Epoch [22][2/2]      lr: 1.000e-03, eta: 0:22:11, time: 1.424, data_time: 0.304, memory: 3709, loss_rpn_cls: 0.0005, loss_rpn_bbox: 0.0027, loss_cls: 0.0275, acc: 98.8770, loss_bbox: 0.0488, loss_neck_4_adversarial: 0.5116, loss: 0.5911
[>>>>>>>>>>>>>>>>>>>>>>>>>>>>>] 376/375, 20.4 task/s, elapsed: 18s, ETA:     0s

2021-09-07 21:00:53,071 - mmdet - INFO - Evaluating bbox...
INFO:mmdet:Evaluating bbox...
Loading and preparing results...
DONE (t=0.00s)
creating index...
index created!
Running per image evaluation...
Evaluate annotation type *bbox*
DONE (t=0.27s).
Accumulating evaluation results...
DONE (t=0.07s).
 Average Precision  (AP) @[ IoU=0.50:0.95 | area=   all | maxDets=100 ] = 0.557
 Average Precision  (AP) @[ IoU=0.50      | area=   all | maxDets=1000 ] = 0.867
 Average Precision  (AP) @[ IoU=0.75      | area=   all | maxDets=1000 ] = 0.636
 Average Precision  (AP) @[ IoU=0.50:0.95 | area= small | maxDets=1000 ] = 0.375
 Average Precision  (AP) @[ IoU=0.50:0.95 | area=medium | maxDets=1000 ] = 0.582
 Average Precision  (AP) @[ IoU=0.50:0.95 | area= large | maxDets=1000 ] = 0.737
 Average Recall     (AR) @[ IoU=0.50:0.95 | area=   all | maxDets=100 ] = 0.613
 Average Recall     (AR) @[ IoU=0.50:0.95 | area=   all | maxDets=300 ] = 0.613
 Average Recall     (AR) @[ IoU=0.50:0.95 | area=   all | maxDets=1000 ] = 0.613
 Average Recall     (AR) @[ IoU=0.50:0.95 | area= small | maxDets=1000 ] = 0.455
 Average Recall     (AR) @[ IoU=0.50:0.95 | area=medium | maxDets=1000 ] = 0.631
 Average Recall     (AR) @[ IoU=0.50:0.95 | area= large | maxDets=1000 ] = 0.781
Calculating miss-rate@FPPI and LAMR...
LAMR = 0.18387632604441562
2021-09-07 21:00:53,456 - mmdet - INFO - Exp name: faster_rcnn_r50_caffe_fpn_mstrain_1x_coco-person_adaptive.py
INFO:mmdet:Exp name: faster_rcnn_r50_caffe_fpn_mstrain_1x_coco-person_adaptive.py
2021-09-07 21:00:53,457 - mmdet - INFO - Epoch(val) [22][47]    bbox_LAMR: 0.1839, bbox_mAP: 0.5570, bbox_mAP_50: 0.8670, bbox_mAP_75: 0.6360, bbox_mAP_s: 0.3750, bbox_mAP_m: 0.5820, bbox_mAP_l: 0.7370, bbox_mAP_copypaste: 0.557 0.867 0.636 0.375 0.582 0.737
INFO:mmdet:Epoch(val) [22][47]  bbox_LAMR: 0.1839, bbox_mAP: 0.5570, bbox_mAP_50: 0.8670, bbox_mAP_75: 0.6360, bbox_mAP_s: 0.3750, bbox_mAP_m: 0.5820, bbox_mAP_l: 0.7370, bbox_mAP_copypaste: 0.557 0.867 0.636 0.375 0.582 0.737
2021-09-07 21:02:04,345 - mmdet - INFO - Epoch [23][1/2]        lr: 1.000e-03, eta: 0:22:00, time: 70.639, data_time: 51.130, memory: 3709, loss_rpn_cls: 0.0004, loss_rpn_bbox: 0.0021, loss_cls: 0.0185, acc: 99.5361, loss_bbox: 0.0393, loss_neck_4_adversarial: 0.4511, loss: 0.5114
INFO:mmdet:Epoch [23][1/2]      lr: 1.000e-03, eta: 0:22:00, time: 70.639, data_time: 51.130, memory: 3709, loss_rpn_cls: 0.0004, loss_rpn_bbox: 0.0021, loss_cls: 0.0185, acc: 99.5361, loss_bbox: 0.0393, loss_neck_4_adversarial: 0.4511, loss: 0.5114
2021-09-07 21:02:06,312 - mmdet - INFO - Exp name: faster_rcnn_r50_caffe_fpn_mstrain_1x_coco-person_adaptive.py
INFO:mmdet:Exp name: faster_rcnn_r50_caffe_fpn_mstrain_1x_coco-person_adaptive.py
2021-09-07 21:02:06,312 - mmdet - INFO - Epoch [23][2/2]        lr: 1.000e-03, eta: 0:20:56, time: 1.967, data_time: 0.251, memory: 3709, loss_rpn_cls: 0.0017, loss_rpn_bbox: 0.0031, loss_cls: 0.0319, acc: 98.6206, loss_bbox: 0.0516, loss_neck_4_adversarial: 0.7334, loss: 0.8218
INFO:mmdet:Epoch [23][2/2]      lr: 1.000e-03, eta: 0:20:56, time: 1.967, data_time: 0.251, memory: 3709, loss_rpn_cls: 0.0017, loss_rpn_bbox: 0.0031, loss_cls: 0.0319, acc: 98.6206, loss_bbox: 0.0516, loss_neck_4_adversarial: 0.7334, loss: 0.8218
[>>>>>>>>>>>>>>>>>>>>>>>>>>>>>] 376/375, 20.3 task/s, elapsed: 18s, ETA:     0s

2021-09-07 21:02:50,015 - mmdet - INFO - Evaluating bbox...
INFO:mmdet:Evaluating bbox...
Loading and preparing results...
DONE (t=0.00s)
creating index...
index created!
Running per image evaluation...
Evaluate annotation type *bbox*
DONE (t=0.25s).
Accumulating evaluation results...
DONE (t=0.08s).
 Average Precision  (AP) @[ IoU=0.50:0.95 | area=   all | maxDets=100 ] = 0.535
 Average Precision  (AP) @[ IoU=0.50      | area=   all | maxDets=1000 ] = 0.845
 Average Precision  (AP) @[ IoU=0.75      | area=   all | maxDets=1000 ] = 0.618
 Average Precision  (AP) @[ IoU=0.50:0.95 | area= small | maxDets=1000 ] = 0.375
 Average Precision  (AP) @[ IoU=0.50:0.95 | area=medium | maxDets=1000 ] = 0.557
 Average Precision  (AP) @[ IoU=0.50:0.95 | area= large | maxDets=1000 ] = 0.707
 Average Recall     (AR) @[ IoU=0.50:0.95 | area=   all | maxDets=100 ] = 0.592
 Average Recall     (AR) @[ IoU=0.50:0.95 | area=   all | maxDets=300 ] = 0.592
 Average Recall     (AR) @[ IoU=0.50:0.95 | area=   all | maxDets=1000 ] = 0.592
 Average Recall     (AR) @[ IoU=0.50:0.95 | area= small | maxDets=1000 ] = 0.456
 Average Recall     (AR) @[ IoU=0.50:0.95 | area=medium | maxDets=1000 ] = 0.608
 Average Recall     (AR) @[ IoU=0.50:0.95 | area= large | maxDets=1000 ] = 0.743
Calculating miss-rate@FPPI and LAMR...
LAMR = 0.19616314868005627
2021-09-07 21:02:50,396 - mmdet - INFO - Exp name: faster_rcnn_r50_caffe_fpn_mstrain_1x_coco-person_adaptive.py
INFO:mmdet:Exp name: faster_rcnn_r50_caffe_fpn_mstrain_1x_coco-person_adaptive.py
2021-09-07 21:02:50,397 - mmdet - INFO - Epoch(val) [23][47]    bbox_LAMR: 0.1962, bbox_mAP: 0.5350, bbox_mAP_50: 0.8450, bbox_mAP_75: 0.6180, bbox_mAP_s: 0.3750, bbox_mAP_m: 0.5570, bbox_mAP_l: 0.7070, bbox_mAP_copypaste: 0.535 0.845 0.618 0.375 0.557 0.707
INFO:mmdet:Epoch(val) [23][47]  bbox_LAMR: 0.1962, bbox_mAP: 0.5350, bbox_mAP_50: 0.8450, bbox_mAP_75: 0.6180, bbox_mAP_s: 0.3750, bbox_mAP_m: 0.5570, bbox_mAP_l: 0.7070, bbox_mAP_copypaste: 0.535 0.845 0.618 0.375 0.557 0.707
2021-09-07 21:03:57,446 - mmdet - INFO - Epoch [24][1/2]        lr: 1.000e-03, eta: 0:20:40, time: 66.828, data_time: 54.494, memory: 3709, loss_rpn_cls: 0.0016, loss_rpn_bbox: 0.0028, loss_cls: 0.0282, acc: 98.8892, loss_bbox: 0.0388, loss_neck_4_adversarial: 0.5087, loss: 0.5802
INFO:mmdet:Epoch [24][1/2]      lr: 1.000e-03, eta: 0:20:40, time: 66.828, data_time: 54.494, memory: 3709, loss_rpn_cls: 0.0016, loss_rpn_bbox: 0.0028, loss_cls: 0.0282, acc: 98.8892, loss_bbox: 0.0388, loss_neck_4_adversarial: 0.5087, loss: 0.5802
2021-09-07 21:03:59,002 - mmdet - INFO - Exp name: faster_rcnn_r50_caffe_fpn_mstrain_1x_coco-person_adaptive.py
INFO:mmdet:Exp name: faster_rcnn_r50_caffe_fpn_mstrain_1x_coco-person_adaptive.py
2021-09-07 21:03:59,003 - mmdet - INFO - Epoch [24][2/2]        lr: 1.000e-03, eta: 0:19:38, time: 1.526, data_time: 0.216, memory: 3709, loss_rpn_cls: 0.0047, loss_rpn_bbox: 0.0028, loss_cls: 0.0296, acc: 98.7793, loss_bbox: 0.0469, loss_neck_4_adversarial: 0.5784, loss: 0.6624
INFO:mmdet:Epoch [24][2/2]      lr: 1.000e-03, eta: 0:19:38, time: 1.526, data_time: 0.216, memory: 3709, loss_rpn_cls: 0.0047, loss_rpn_bbox: 0.0028, loss_cls: 0.0296, acc: 98.7793, loss_bbox: 0.0469, loss_neck_4_adversarial: 0.5784, loss: 0.6624
[>>>>>>>>>>>>>>>>>>>>>>>>>>>>>] 376/375, 18.8 task/s, elapsed: 20s, ETA:     0s

2021-09-07 21:04:42,284 - mmdet - INFO - Evaluating bbox...
INFO:mmdet:Evaluating bbox...
Loading and preparing results...
DONE (t=0.01s)
creating index...
index created!
Running per image evaluation...
Evaluate annotation type *bbox*
DONE (t=3.07s).
Accumulating evaluation results...
DONE (t=0.16s).
 Average Precision  (AP) @[ IoU=0.50:0.95 | area=   all | maxDets=100 ] = 0.512
 Average Precision  (AP) @[ IoU=0.50      | area=   all | maxDets=1000 ] = 0.807
 Average Precision  (AP) @[ IoU=0.75      | area=   all | maxDets=1000 ] = 0.592
 Average Precision  (AP) @[ IoU=0.50:0.95 | area= small | maxDets=1000 ] = 0.373
 Average Precision  (AP) @[ IoU=0.50:0.95 | area=medium | maxDets=1000 ] = 0.536
 Average Precision  (AP) @[ IoU=0.50:0.95 | area= large | maxDets=1000 ] = 0.673
 Average Recall     (AR) @[ IoU=0.50:0.95 | area=   all | maxDets=100 ] = 0.573
 Average Recall     (AR) @[ IoU=0.50:0.95 | area=   all | maxDets=300 ] = 0.573
 Average Recall     (AR) @[ IoU=0.50:0.95 | area=   all | maxDets=1000 ] = 0.573
 Average Recall     (AR) @[ IoU=0.50:0.95 | area= small | maxDets=1000 ] = 0.456
 Average Recall     (AR) @[ IoU=0.50:0.95 | area=medium | maxDets=1000 ] = 0.587
 Average Recall     (AR) @[ IoU=0.50:0.95 | area= large | maxDets=1000 ] = 0.705
Calculating miss-rate@FPPI and LAMR...
LAMR = 0.23562657093100295
2021-09-07 21:04:45,606 - mmdet - INFO - Exp name: faster_rcnn_r50_caffe_fpn_mstrain_1x_coco-person_adaptive.py
INFO:mmdet:Exp name: faster_rcnn_r50_caffe_fpn_mstrain_1x_coco-person_adaptive.py
2021-09-07 21:04:45,608 - mmdet - INFO - Epoch(val) [24][47]    bbox_LAMR: 0.2356, bbox_mAP: 0.5120, bbox_mAP_50: 0.8070, bbox_mAP_75: 0.5920, bbox_mAP_s: 0.3730, bbox_mAP_m: 0.5360, bbox_mAP_l: 0.6730, bbox_mAP_copypaste: 0.512 0.807 0.592 0.373 0.536 0.673
INFO:mmdet:Epoch(val) [24][47]  bbox_LAMR: 0.2356, bbox_mAP: 0.5120, bbox_mAP_50: 0.8070, bbox_mAP_75: 0.5920, bbox_mAP_s: 0.3730, bbox_mAP_m: 0.5360, bbox_mAP_l: 0.6730, bbox_mAP_copypaste: 0.512 0.807 0.592 0.373 0.536 0.673
2021-09-07 21:05:53,881 - mmdet - INFO - Epoch [25][1/2]        lr: 1.000e-03, eta: 0:19:21, time: 68.057, data_time: 55.041, memory: 3709, loss_rpn_cls: 0.0047, loss_rpn_bbox: 0.0027, loss_cls: 0.0360, acc: 98.4253, loss_bbox: 0.0423, loss_neck_4_adversarial: 0.3997, loss: 0.4854
INFO:mmdet:Epoch [25][1/2]      lr: 1.000e-03, eta: 0:19:21, time: 68.057, data_time: 55.041, memory: 3709, loss_rpn_cls: 0.0047, loss_rpn_bbox: 0.0027, loss_cls: 0.0360, acc: 98.4253, loss_bbox: 0.0423, loss_neck_4_adversarial: 0.3997, loss: 0.4854
2021-09-07 21:05:55,011 - mmdet - INFO - Exp name: faster_rcnn_r50_caffe_fpn_mstrain_1x_coco-person_adaptive.py
INFO:mmdet:Exp name: faster_rcnn_r50_caffe_fpn_mstrain_1x_coco-person_adaptive.py
2021-09-07 21:05:55,011 - mmdet - INFO - Epoch [25][2/2]        lr: 1.000e-03, eta: 0:18:22, time: 1.070, data_time: 0.220, memory: 3709, loss_rpn_cls: 0.0046, loss_rpn_bbox: 0.0033, loss_cls: 0.0332, acc: 98.6450, loss_bbox: 0.0444, loss_neck_4_adversarial: 0.4114, loss: 0.4969
INFO:mmdet:Epoch [25][2/2]      lr: 1.000e-03, eta: 0:18:22, time: 1.070, data_time: 0.220, memory: 3709, loss_rpn_cls: 0.0046, loss_rpn_bbox: 0.0033, loss_cls: 0.0332, acc: 98.6450, loss_bbox: 0.0444, loss_neck_4_adversarial: 0.4114, loss: 0.4969
[>>>>>>>>>>>>>>>>>>>>>>>>>>>>>] 376/375, 19.9 task/s, elapsed: 19s, ETA:     0s

2021-09-07 21:06:41,208 - mmdet - INFO - Evaluating bbox...
INFO:mmdet:Evaluating bbox...
Loading and preparing results...
DONE (t=0.01s)
creating index...
index created!
Running per image evaluation...
Evaluate annotation type *bbox*
DONE (t=0.47s).
Accumulating evaluation results...
DONE (t=0.18s).
 Average Precision  (AP) @[ IoU=0.50:0.95 | area=   all | maxDets=100 ] = 0.504
 Average Precision  (AP) @[ IoU=0.50      | area=   all | maxDets=1000 ] = 0.801
 Average Precision  (AP) @[ IoU=0.75      | area=   all | maxDets=1000 ] = 0.584
 Average Precision  (AP) @[ IoU=0.50:0.95 | area= small | maxDets=1000 ] = 0.372
 Average Precision  (AP) @[ IoU=0.50:0.95 | area=medium | maxDets=1000 ] = 0.531
 Average Precision  (AP) @[ IoU=0.50:0.95 | area= large | maxDets=1000 ] = 0.634
 Average Recall     (AR) @[ IoU=0.50:0.95 | area=   all | maxDets=100 ] = 0.573
 Average Recall     (AR) @[ IoU=0.50:0.95 | area=   all | maxDets=300 ] = 0.573
 Average Recall     (AR) @[ IoU=0.50:0.95 | area=   all | maxDets=1000 ] = 0.573
 Average Recall     (AR) @[ IoU=0.50:0.95 | area= small | maxDets=1000 ] = 0.459
 Average Recall     (AR) @[ IoU=0.50:0.95 | area=medium | maxDets=1000 ] = 0.588
 Average Recall     (AR) @[ IoU=0.50:0.95 | area= large | maxDets=1000 ] = 0.673
Calculating miss-rate@FPPI and LAMR...
LAMR = 0.24576577355722037
2021-09-07 21:06:41,932 - mmdet - INFO - Exp name: faster_rcnn_r50_caffe_fpn_mstrain_1x_coco-person_adaptive.py
INFO:mmdet:Exp name: faster_rcnn_r50_caffe_fpn_mstrain_1x_coco-person_adaptive.py
2021-09-07 21:06:41,933 - mmdet - INFO - Epoch(val) [25][47]    bbox_LAMR: 0.2458, bbox_mAP: 0.5040, bbox_mAP_50: 0.8010, bbox_mAP_75: 0.5840, bbox_mAP_s: 0.3720, bbox_mAP_m: 0.5310, bbox_mAP_l: 0.6340, bbox_mAP_copypaste: 0.504 0.801 0.584 0.372 0.531 0.634
INFO:mmdet:Epoch(val) [25][47]  bbox_LAMR: 0.2458, bbox_mAP: 0.5040, bbox_mAP_50: 0.8010, bbox_mAP_75: 0.5840, bbox_mAP_s: 0.3720, bbox_mAP_m: 0.5310, bbox_mAP_l: 0.6340, bbox_mAP_copypaste: 0.504 0.801 0.584 0.372 0.531 0.634
2021-09-07 21:07:46,566 - mmdet - INFO - Epoch [26][1/2]        lr: 1.000e-03, eta: 0:18:01, time: 64.419, data_time: 50.326, memory: 3709, loss_rpn_cls: 0.0095, loss_rpn_bbox: 0.0037, loss_cls: 0.0321, acc: 98.7305, loss_bbox: 0.0394, loss_neck_4_adversarial: 0.3576, loss: 0.4423
INFO:mmdet:Epoch [26][1/2]      lr: 1.000e-03, eta: 0:18:01, time: 64.419, data_time: 50.326, memory: 3709, loss_rpn_cls: 0.0095, loss_rpn_bbox: 0.0037, loss_cls: 0.0321, acc: 98.7305, loss_bbox: 0.0394, loss_neck_4_adversarial: 0.3576, loss: 0.4423
2021-09-07 21:07:47,943 - mmdet - INFO - Exp name: faster_rcnn_r50_caffe_fpn_mstrain_1x_coco-person_adaptive.py
INFO:mmdet:Exp name: faster_rcnn_r50_caffe_fpn_mstrain_1x_coco-person_adaptive.py
2021-09-07 21:07:47,943 - mmdet - INFO - Epoch [26][2/2]        lr: 1.000e-03, eta: 0:17:04, time: 1.340, data_time: 0.214, memory: 3709, loss_rpn_cls: 0.0062, loss_rpn_bbox: 0.0025, loss_cls: 0.0318, acc: 98.7183, loss_bbox: 0.0491, loss_neck_4_adversarial: 0.3724, loss: 0.4620
INFO:mmdet:Epoch [26][2/2]      lr: 1.000e-03, eta: 0:17:04, time: 1.340, data_time: 0.214, memory: 3709, loss_rpn_cls: 0.0062, loss_rpn_bbox: 0.0025, loss_cls: 0.0318, acc: 98.7183, loss_bbox: 0.0491, loss_neck_4_adversarial: 0.3724, loss: 0.4620
[>>>>>>>>>>>>>>>>>>>>>>>>>>>>>] 376/375, 19.9 task/s, elapsed: 19s, ETA:     0s

2021-09-07 21:08:33,052 - mmdet - INFO - Evaluating bbox...
INFO:mmdet:Evaluating bbox...
Loading and preparing results...
DONE (t=0.01s)
creating index...
index created!
Running per image evaluation...
Evaluate annotation type *bbox*
DONE (t=0.45s).
Accumulating evaluation results...
DONE (t=0.14s).
 Average Precision  (AP) @[ IoU=0.50:0.95 | area=   all | maxDets=100 ] = 0.514
 Average Precision  (AP) @[ IoU=0.50      | area=   all | maxDets=1000 ] = 0.824
 Average Precision  (AP) @[ IoU=0.75      | area=   all | maxDets=1000 ] = 0.589
 Average Precision  (AP) @[ IoU=0.50:0.95 | area= small | maxDets=1000 ] = 0.378
 Average Precision  (AP) @[ IoU=0.50:0.95 | area=medium | maxDets=1000 ] = 0.546
 Average Precision  (AP) @[ IoU=0.50:0.95 | area= large | maxDets=1000 ] = 0.617
 Average Recall     (AR) @[ IoU=0.50:0.95 | area=   all | maxDets=100 ] = 0.597
 Average Recall     (AR) @[ IoU=0.50:0.95 | area=   all | maxDets=300 ] = 0.597
 Average Recall     (AR) @[ IoU=0.50:0.95 | area=   all | maxDets=1000 ] = 0.597
 Average Recall     (AR) @[ IoU=0.50:0.95 | area= small | maxDets=1000 ] = 0.462
 Average Recall     (AR) @[ IoU=0.50:0.95 | area=medium | maxDets=1000 ] = 0.619
 Average Recall     (AR) @[ IoU=0.50:0.95 | area= large | maxDets=1000 ] = 0.638
Calculating miss-rate@FPPI and LAMR...
LAMR = 0.22846950662422008
2021-09-07 21:08:33,721 - mmdet - INFO - Exp name: faster_rcnn_r50_caffe_fpn_mstrain_1x_coco-person_adaptive.py
INFO:mmdet:Exp name: faster_rcnn_r50_caffe_fpn_mstrain_1x_coco-person_adaptive.py
2021-09-07 21:08:33,722 - mmdet - INFO - Epoch(val) [26][47]    bbox_LAMR: 0.2285, bbox_mAP: 0.5140, bbox_mAP_50: 0.8240, bbox_mAP_75: 0.5890, bbox_mAP_s: 0.3780, bbox_mAP_m: 0.5460, bbox_mAP_l: 0.6170, bbox_mAP_copypaste: 0.514 0.824 0.589 0.378 0.546 0.617
INFO:mmdet:Epoch(val) [26][47]  bbox_LAMR: 0.2285, bbox_mAP: 0.5140, bbox_mAP_50: 0.8240, bbox_mAP_75: 0.5890, bbox_mAP_s: 0.3780, bbox_mAP_m: 0.5460, bbox_mAP_l: 0.6170, bbox_mAP_copypaste: 0.514 0.824 0.589 0.378 0.546 0.617
2021-09-07 21:09:41,033 - mmdet - INFO - Epoch [27][1/2]        lr: 1.000e-03, eta: 0:16:43, time: 67.081, data_time: 53.522, memory: 3709, loss_rpn_cls: 0.0113, loss_rpn_bbox: 0.0028, loss_cls: 0.0283, acc: 99.0601, loss_bbox: 0.0434, loss_neck_4_adversarial: 0.3251, loss: 0.4109
INFO:mmdet:Epoch [27][1/2]      lr: 1.000e-03, eta: 0:16:43, time: 67.081, data_time: 53.522, memory: 3709, loss_rpn_cls: 0.0113, loss_rpn_bbox: 0.0028, loss_cls: 0.0283, acc: 99.0601, loss_bbox: 0.0434, loss_neck_4_adversarial: 0.3251, loss: 0.4109
2021-09-07 21:09:42,733 - mmdet - INFO - Exp name: faster_rcnn_r50_caffe_fpn_mstrain_1x_coco-person_adaptive.py
INFO:mmdet:Exp name: faster_rcnn_r50_caffe_fpn_mstrain_1x_coco-person_adaptive.py
2021-09-07 21:09:42,734 - mmdet - INFO - Epoch [27][2/2]        lr: 1.000e-03, eta: 0:15:49, time: 1.713, data_time: 0.233, memory: 3709, loss_rpn_cls: 0.0079, loss_rpn_bbox: 0.0029, loss_cls: 0.0247, acc: 99.1821, loss_bbox: 0.0346, loss_neck_4_adversarial: 0.3169, loss: 0.3868
INFO:mmdet:Epoch [27][2/2]      lr: 1.000e-03, eta: 0:15:49, time: 1.713, data_time: 0.233, memory: 3709, loss_rpn_cls: 0.0079, loss_rpn_bbox: 0.0029, loss_cls: 0.0247, acc: 99.1821, loss_bbox: 0.0346, loss_neck_4_adversarial: 0.3169, loss: 0.3868
[>>>>>>>>>>>>>>>>>>>>>>>>>>>>>] 376/375, 20.0 task/s, elapsed: 19s, ETA:     0s

2021-09-07 21:10:28,696 - mmdet - INFO - Evaluating bbox...
INFO:mmdet:Evaluating bbox...
Loading and preparing results...
DONE (t=0.01s)
creating index...
index created!
Running per image evaluation...
Evaluate annotation type *bbox*
DONE (t=0.38s).
Accumulating evaluation results...
DONE (t=0.12s).
 Average Precision  (AP) @[ IoU=0.50:0.95 | area=   all | maxDets=100 ] = 0.527
 Average Precision  (AP) @[ IoU=0.50      | area=   all | maxDets=1000 ] = 0.850
 Average Precision  (AP) @[ IoU=0.75      | area=   all | maxDets=1000 ] = 0.606
 Average Precision  (AP) @[ IoU=0.50:0.95 | area= small | maxDets=1000 ] = 0.383
 Average Precision  (AP) @[ IoU=0.50:0.95 | area=medium | maxDets=1000 ] = 0.555
 Average Precision  (AP) @[ IoU=0.50:0.95 | area= large | maxDets=1000 ] = 0.593
 Average Recall     (AR) @[ IoU=0.50:0.95 | area=   all | maxDets=100 ] = 0.615
 Average Recall     (AR) @[ IoU=0.50:0.95 | area=   all | maxDets=300 ] = 0.615
 Average Recall     (AR) @[ IoU=0.50:0.95 | area=   all | maxDets=1000 ] = 0.615
 Average Recall     (AR) @[ IoU=0.50:0.95 | area= small | maxDets=1000 ] = 0.475
 Average Recall     (AR) @[ IoU=0.50:0.95 | area=medium | maxDets=1000 ] = 0.639
 Average Recall     (AR) @[ IoU=0.50:0.95 | area= large | maxDets=1000 ] = 0.622
Calculating miss-rate@FPPI and LAMR...
LAMR = 0.2038020099611137
2021-09-07 21:10:29,266 - mmdet - INFO - Exp name: faster_rcnn_r50_caffe_fpn_mstrain_1x_coco-person_adaptive.py
INFO:mmdet:Exp name: faster_rcnn_r50_caffe_fpn_mstrain_1x_coco-person_adaptive.py
2021-09-07 21:10:29,266 - mmdet - INFO - Epoch(val) [27][47]    bbox_LAMR: 0.2038, bbox_mAP: 0.5270, bbox_mAP_50: 0.8500, bbox_mAP_75: 0.6060, bbox_mAP_s: 0.3830, bbox_mAP_m: 0.5550, bbox_mAP_l: 0.5930, bbox_mAP_copypaste: 0.527 0.850 0.606 0.383 0.555 0.593
INFO:mmdet:Epoch(val) [27][47]  bbox_LAMR: 0.2038, bbox_mAP: 0.5270, bbox_mAP_50: 0.8500, bbox_mAP_75: 0.6060, bbox_mAP_s: 0.3830, bbox_mAP_m: 0.5550, bbox_mAP_l: 0.5930, bbox_mAP_copypaste: 0.527 0.850 0.606 0.383 0.555 0.593
2021-09-07 21:11:35,805 - mmdet - INFO - Epoch [28][1/2]        lr: 1.000e-03, eta: 0:15:26, time: 66.300, data_time: 53.205, memory: 3709, loss_rpn_cls: 0.0050, loss_rpn_bbox: 0.0030, loss_cls: 0.0227, acc: 99.3530, loss_bbox: 0.0385, loss_neck_4_adversarial: 0.2944, loss: 0.3636
INFO:mmdet:Epoch [28][1/2]      lr: 1.000e-03, eta: 0:15:26, time: 66.300, data_time: 53.205, memory: 3709, loss_rpn_cls: 0.0050, loss_rpn_bbox: 0.0030, loss_cls: 0.0227, acc: 99.3530, loss_bbox: 0.0385, loss_neck_4_adversarial: 0.2944, loss: 0.3636
2021-09-07 21:11:36,886 - mmdet - INFO - Exp name: faster_rcnn_r50_caffe_fpn_mstrain_1x_coco-person_adaptive.py
INFO:mmdet:Exp name: faster_rcnn_r50_caffe_fpn_mstrain_1x_coco-person_adaptive.py
2021-09-07 21:11:36,887 - mmdet - INFO - Epoch [28][2/2]        lr: 1.000e-03, eta: 0:14:33, time: 1.053, data_time: 0.252, memory: 3709, loss_rpn_cls: 0.0110, loss_rpn_bbox: 0.0026, loss_cls: 0.0267, acc: 99.1821, loss_bbox: 0.0437, loss_neck_4_adversarial: 0.2780, loss: 0.3621
INFO:mmdet:Epoch [28][2/2]      lr: 1.000e-03, eta: 0:14:33, time: 1.053, data_time: 0.252, memory: 3709, loss_rpn_cls: 0.0110, loss_rpn_bbox: 0.0026, loss_cls: 0.0267, acc: 99.1821, loss_bbox: 0.0437, loss_neck_4_adversarial: 0.2780, loss: 0.3621
[>>>>>>>>>>>>>>>>>>>>>>>>>>>>>] 376/375, 18.9 task/s, elapsed: 20s, ETA:     0s

2021-09-07 21:12:22,564 - mmdet - INFO - Evaluating bbox...
INFO:mmdet:Evaluating bbox...
Loading and preparing results...
DONE (t=0.01s)
creating index...
index created!
Running per image evaluation...
Evaluate annotation type *bbox*
DONE (t=0.34s).
Accumulating evaluation results...
DONE (t=0.12s).
 Average Precision  (AP) @[ IoU=0.50:0.95 | area=   all | maxDets=100 ] = 0.530
 Average Precision  (AP) @[ IoU=0.50      | area=   all | maxDets=1000 ] = 0.855
 Average Precision  (AP) @[ IoU=0.75      | area=   all | maxDets=1000 ] = 0.607
 Average Precision  (AP) @[ IoU=0.50:0.95 | area= small | maxDets=1000 ] = 0.383
 Average Precision  (AP) @[ IoU=0.50:0.95 | area=medium | maxDets=1000 ] = 0.557
 Average Precision  (AP) @[ IoU=0.50:0.95 | area= large | maxDets=1000 ] = 0.602
 Average Recall     (AR) @[ IoU=0.50:0.95 | area=   all | maxDets=100 ] = 0.623
 Average Recall     (AR) @[ IoU=0.50:0.95 | area=   all | maxDets=300 ] = 0.623
 Average Recall     (AR) @[ IoU=0.50:0.95 | area=   all | maxDets=1000 ] = 0.623
 Average Recall     (AR) @[ IoU=0.50:0.95 | area= small | maxDets=1000 ] = 0.469
 Average Recall     (AR) @[ IoU=0.50:0.95 | area=medium | maxDets=1000 ] = 0.650
 Average Recall     (AR) @[ IoU=0.50:0.95 | area= large | maxDets=1000 ] = 0.627
Calculating miss-rate@FPPI and LAMR...
LAMR = 0.20331078013818307
2021-09-07 21:12:23,088 - mmdet - INFO - Exp name: faster_rcnn_r50_caffe_fpn_mstrain_1x_coco-person_adaptive.py
INFO:mmdet:Exp name: faster_rcnn_r50_caffe_fpn_mstrain_1x_coco-person_adaptive.py
2021-09-07 21:12:23,088 - mmdet - INFO - Epoch(val) [28][47]    bbox_LAMR: 0.2033, bbox_mAP: 0.5300, bbox_mAP_50: 0.8550, bbox_mAP_75: 0.6070, bbox_mAP_s: 0.3830, bbox_mAP_m: 0.5570, bbox_mAP_l: 0.6020, bbox_mAP_copypaste: 0.530 0.855 0.607 0.383 0.557 0.602
INFO:mmdet:Epoch(val) [28][47]  bbox_LAMR: 0.2033, bbox_mAP: 0.5300, bbox_mAP_50: 0.8550, bbox_mAP_75: 0.6070, bbox_mAP_s: 0.3830, bbox_mAP_m: 0.5570, bbox_mAP_l: 0.6020, bbox_mAP_copypaste: 0.530 0.855 0.607 0.383 0.557 0.602
2021-09-07 21:13:28,829 - mmdet - INFO - Epoch [29][1/2]        lr: 1.000e-03, eta: 0:14:09, time: 65.525, data_time: 51.682, memory: 3709, loss_rpn_cls: 0.0115, loss_rpn_bbox: 0.0026, loss_cls: 0.0273, acc: 99.1699, loss_bbox: 0.0417, loss_neck_4_adversarial: 0.2656, loss: 0.3488
INFO:mmdet:Epoch [29][1/2]      lr: 1.000e-03, eta: 0:14:09, time: 65.525, data_time: 51.682, memory: 3709, loss_rpn_cls: 0.0115, loss_rpn_bbox: 0.0026, loss_cls: 0.0273, acc: 99.1699, loss_bbox: 0.0417, loss_neck_4_adversarial: 0.2656, loss: 0.3488
2021-09-07 21:13:29,891 - mmdet - INFO - Exp name: faster_rcnn_r50_caffe_fpn_mstrain_1x_coco-person_adaptive.py
INFO:mmdet:Exp name: faster_rcnn_r50_caffe_fpn_mstrain_1x_coco-person_adaptive.py
2021-09-07 21:13:29,892 - mmdet - INFO - Epoch [29][2/2]        lr: 1.000e-03, eta: 0:13:18, time: 0.948, data_time: 0.217, memory: 3709, loss_rpn_cls: 0.0108, loss_rpn_bbox: 0.0029, loss_cls: 0.0277, acc: 99.2432, loss_bbox: 0.0419, loss_neck_4_adversarial: 0.2514, loss: 0.3347
INFO:mmdet:Epoch [29][2/2]      lr: 1.000e-03, eta: 0:13:18, time: 0.948, data_time: 0.217, memory: 3709, loss_rpn_cls: 0.0108, loss_rpn_bbox: 0.0029, loss_cls: 0.0277, acc: 99.2432, loss_bbox: 0.0419, loss_neck_4_adversarial: 0.2514, loss: 0.3347
[>>>>>>>>>>>>>>>>>>>>>>>>>>>>>] 376/375, 18.4 task/s, elapsed: 20s, ETA:     0s

2021-09-07 21:14:16,857 - mmdet - INFO - Evaluating bbox...
INFO:mmdet:Evaluating bbox...
Loading and preparing results...
DONE (t=0.01s)
creating index...
index created!
Running per image evaluation...
Evaluate annotation type *bbox*
DONE (t=0.37s).
Accumulating evaluation results...
DONE (t=0.13s).
 Average Precision  (AP) @[ IoU=0.50:0.95 | area=   all | maxDets=100 ] = 0.530
 Average Precision  (AP) @[ IoU=0.50      | area=   all | maxDets=1000 ] = 0.860
 Average Precision  (AP) @[ IoU=0.75      | area=   all | maxDets=1000 ] = 0.603
 Average Precision  (AP) @[ IoU=0.50:0.95 | area= small | maxDets=1000 ] = 0.379
 Average Precision  (AP) @[ IoU=0.50:0.95 | area=medium | maxDets=1000 ] = 0.556
 Average Precision  (AP) @[ IoU=0.50:0.95 | area= large | maxDets=1000 ] = 0.602
 Average Recall     (AR) @[ IoU=0.50:0.95 | area=   all | maxDets=100 ] = 0.620
 Average Recall     (AR) @[ IoU=0.50:0.95 | area=   all | maxDets=300 ] = 0.620
 Average Recall     (AR) @[ IoU=0.50:0.95 | area=   all | maxDets=1000 ] = 0.620
 Average Recall     (AR) @[ IoU=0.50:0.95 | area= small | maxDets=1000 ] = 0.467
 Average Recall     (AR) @[ IoU=0.50:0.95 | area=medium | maxDets=1000 ] = 0.646
 Average Recall     (AR) @[ IoU=0.50:0.95 | area= large | maxDets=1000 ] = 0.622
Calculating miss-rate@FPPI and LAMR...
LAMR = 0.19655051705008528
2021-09-07 21:14:17,430 - mmdet - INFO - Exp name: faster_rcnn_r50_caffe_fpn_mstrain_1x_coco-person_adaptive.py
INFO:mmdet:Exp name: faster_rcnn_r50_caffe_fpn_mstrain_1x_coco-person_adaptive.py
2021-09-07 21:14:17,431 - mmdet - INFO - Epoch(val) [29][47]    bbox_LAMR: 0.1966, bbox_mAP: 0.5300, bbox_mAP_50: 0.8600, bbox_mAP_75: 0.6030, bbox_mAP_s: 0.3790, bbox_mAP_m: 0.5560, bbox_mAP_l: 0.6020, bbox_mAP_copypaste: 0.530 0.860 0.603 0.379 0.556 0.602
INFO:mmdet:Epoch(val) [29][47]  bbox_LAMR: 0.1966, bbox_mAP: 0.5300, bbox_mAP_50: 0.8600, bbox_mAP_75: 0.6030, bbox_mAP_s: 0.3790, bbox_mAP_m: 0.5560, bbox_mAP_l: 0.6020, bbox_mAP_copypaste: 0.530 0.860 0.603 0.379 0.556 0.602
2021-09-07 21:15:21,502 - mmdet - INFO - Epoch [30][1/2]        lr: 1.000e-03, eta: 0:12:52, time: 63.862, data_time: 50.129, memory: 3709, loss_rpn_cls: 0.0130, loss_rpn_bbox: 0.0019, loss_cls: 0.0262, acc: 99.1577, loss_bbox: 0.0427, loss_neck_4_adversarial: 0.2490, loss: 0.3328
INFO:mmdet:Epoch [30][1/2]      lr: 1.000e-03, eta: 0:12:52, time: 63.862, data_time: 50.129, memory: 3709, loss_rpn_cls: 0.0130, loss_rpn_bbox: 0.0019, loss_cls: 0.0262, acc: 99.1577, loss_bbox: 0.0427, loss_neck_4_adversarial: 0.2490, loss: 0.3328
2021-09-07 21:15:22,816 - mmdet - INFO - Exp name: faster_rcnn_r50_caffe_fpn_mstrain_1x_coco-person_adaptive.py
INFO:mmdet:Exp name: faster_rcnn_r50_caffe_fpn_mstrain_1x_coco-person_adaptive.py
2021-09-07 21:15:22,816 - mmdet - INFO - Epoch [30][2/2]        lr: 1.000e-03, eta: 0:12:03, time: 1.259, data_time: 0.220, memory: 3709, loss_rpn_cls: 0.0078, loss_rpn_bbox: 0.0029, loss_cls: 0.0265, acc: 99.1211, loss_bbox: 0.0414, loss_neck_4_adversarial: 0.2594, loss: 0.3380
INFO:mmdet:Epoch [30][2/2]      lr: 1.000e-03, eta: 0:12:03, time: 1.259, data_time: 0.220, memory: 3709, loss_rpn_cls: 0.0078, loss_rpn_bbox: 0.0029, loss_cls: 0.0265, acc: 99.1211, loss_bbox: 0.0414, loss_neck_4_adversarial: 0.2594, loss: 0.3380
[>>>>>>>>>>>>>>>>>>>>>>>>>>>>>] 376/375, 19.4 task/s, elapsed: 19s, ETA:     0s

2021-09-07 21:16:04,184 - mmdet - INFO - Evaluating bbox...
INFO:mmdet:Evaluating bbox...
Loading and preparing results...
DONE (t=0.01s)
creating index...
index created!
Running per image evaluation...
Evaluate annotation type *bbox*
DONE (t=0.30s).
Accumulating evaluation results...
DONE (t=0.08s).
 Average Precision  (AP) @[ IoU=0.50:0.95 | area=   all | maxDets=100 ] = 0.529
 Average Precision  (AP) @[ IoU=0.50      | area=   all | maxDets=1000 ] = 0.859
 Average Precision  (AP) @[ IoU=0.75      | area=   all | maxDets=1000 ] = 0.599
 Average Precision  (AP) @[ IoU=0.50:0.95 | area= small | maxDets=1000 ] = 0.380
 Average Precision  (AP) @[ IoU=0.50:0.95 | area=medium | maxDets=1000 ] = 0.555
 Average Precision  (AP) @[ IoU=0.50:0.95 | area= large | maxDets=1000 ] = 0.590
 Average Recall     (AR) @[ IoU=0.50:0.95 | area=   all | maxDets=100 ] = 0.618
 Average Recall     (AR) @[ IoU=0.50:0.95 | area=   all | maxDets=300 ] = 0.618
 Average Recall     (AR) @[ IoU=0.50:0.95 | area=   all | maxDets=1000 ] = 0.618
 Average Recall     (AR) @[ IoU=0.50:0.95 | area= small | maxDets=1000 ] = 0.463
 Average Recall     (AR) @[ IoU=0.50:0.95 | area=medium | maxDets=1000 ] = 0.645
 Average Recall     (AR) @[ IoU=0.50:0.95 | area= large | maxDets=1000 ] = 0.611
Calculating miss-rate@FPPI and LAMR...
LAMR = 0.19412982224735564
2021-09-07 21:16:04,609 - mmdet - INFO - Exp name: faster_rcnn_r50_caffe_fpn_mstrain_1x_coco-person_adaptive.py
INFO:mmdet:Exp name: faster_rcnn_r50_caffe_fpn_mstrain_1x_coco-person_adaptive.py
2021-09-07 21:16:04,610 - mmdet - INFO - Epoch(val) [30][47]    bbox_LAMR: 0.1941, bbox_mAP: 0.5290, bbox_mAP_50: 0.8590, bbox_mAP_75: 0.5990, bbox_mAP_s: 0.3800, bbox_mAP_m: 0.5550, bbox_mAP_l: 0.5900, bbox_mAP_copypaste: 0.529 0.859 0.599 0.380 0.555 0.590
INFO:mmdet:Epoch(val) [30][47]  bbox_LAMR: 0.1941, bbox_mAP: 0.5290, bbox_mAP_50: 0.8590, bbox_mAP_75: 0.5990, bbox_mAP_s: 0.3800, bbox_mAP_m: 0.5550, bbox_mAP_l: 0.5900, bbox_mAP_copypaste: 0.529 0.859 0.599 0.380 0.555 0.590
2021-09-07 21:17:12,579 - mmdet - INFO - Epoch [31][1/2]        lr: 1.000e-03, eta: 0:11:37, time: 67.710, data_time: 57.505, memory: 3709, loss_rpn_cls: 0.0097, loss_rpn_bbox: 0.0032, loss_cls: 0.0260, acc: 99.1699, loss_bbox: 0.0453, loss_neck_4_adversarial: 0.2458, loss: 0.3300
INFO:mmdet:Epoch [31][1/2]      lr: 1.000e-03, eta: 0:11:37, time: 67.710, data_time: 57.505, memory: 3709, loss_rpn_cls: 0.0097, loss_rpn_bbox: 0.0032, loss_cls: 0.0260, acc: 99.1699, loss_bbox: 0.0453, loss_neck_4_adversarial: 0.2458, loss: 0.3300
2021-09-07 21:17:13,921 - mmdet - INFO - Exp name: faster_rcnn_r50_caffe_fpn_mstrain_1x_coco-person_adaptive.py
INFO:mmdet:Exp name: faster_rcnn_r50_caffe_fpn_mstrain_1x_coco-person_adaptive.py
2021-09-07 21:17:13,921 - mmdet - INFO - Epoch [31][2/2]        lr: 1.000e-03, eta: 0:10:50, time: 1.380, data_time: 0.273, memory: 3709, loss_rpn_cls: 0.0039, loss_rpn_bbox: 0.0025, loss_cls: 0.0196, acc: 99.4019, loss_bbox: 0.0399, loss_neck_4_adversarial: 0.2419, loss: 0.3077
INFO:mmdet:Epoch [31][2/2]      lr: 1.000e-03, eta: 0:10:50, time: 1.380, data_time: 0.273, memory: 3709, loss_rpn_cls: 0.0039, loss_rpn_bbox: 0.0025, loss_cls: 0.0196, acc: 99.4019, loss_bbox: 0.0399, loss_neck_4_adversarial: 0.2419, loss: 0.3077
[>>>>>>>>>>>>>>>>>>>>>>>>>>>>>] 376/375, 19.2 task/s, elapsed: 20s, ETA:     0s

2021-09-07 21:17:54,901 - mmdet - INFO - Evaluating bbox...
INFO:mmdet:Evaluating bbox...
Loading and preparing results...
DONE (t=0.00s)
creating index...
index created!
Running per image evaluation...
Evaluate annotation type *bbox*
DONE (t=0.27s).
Accumulating evaluation results...
DONE (t=0.08s).
 Average Precision  (AP) @[ IoU=0.50:0.95 | area=   all | maxDets=100 ] = 0.526
 Average Precision  (AP) @[ IoU=0.50      | area=   all | maxDets=1000 ] = 0.858
 Average Precision  (AP) @[ IoU=0.75      | area=   all | maxDets=1000 ] = 0.599
 Average Precision  (AP) @[ IoU=0.50:0.95 | area= small | maxDets=1000 ] = 0.384
 Average Precision  (AP) @[ IoU=0.50:0.95 | area=medium | maxDets=1000 ] = 0.550
 Average Precision  (AP) @[ IoU=0.50:0.95 | area= large | maxDets=1000 ] = 0.584
 Average Recall     (AR) @[ IoU=0.50:0.95 | area=   all | maxDets=100 ] = 0.609
 Average Recall     (AR) @[ IoU=0.50:0.95 | area=   all | maxDets=300 ] = 0.609
 Average Recall     (AR) @[ IoU=0.50:0.95 | area=   all | maxDets=1000 ] = 0.609
 Average Recall     (AR) @[ IoU=0.50:0.95 | area= small | maxDets=1000 ] = 0.459
 Average Recall     (AR) @[ IoU=0.50:0.95 | area=medium | maxDets=1000 ] = 0.636
 Average Recall     (AR) @[ IoU=0.50:0.95 | area= large | maxDets=1000 ] = 0.603
Calculating miss-rate@FPPI and LAMR...
LAMR = 0.1927869803521443
2021-09-07 21:17:55,308 - mmdet - INFO - Exp name: faster_rcnn_r50_caffe_fpn_mstrain_1x_coco-person_adaptive.py
INFO:mmdet:Exp name: faster_rcnn_r50_caffe_fpn_mstrain_1x_coco-person_adaptive.py
2021-09-07 21:17:55,308 - mmdet - INFO - Epoch(val) [31][47]    bbox_LAMR: 0.1928, bbox_mAP: 0.5260, bbox_mAP_50: 0.8580, bbox_mAP_75: 0.5990, bbox_mAP_s: 0.3840, bbox_mAP_m: 0.5500, bbox_mAP_l: 0.5840, bbox_mAP_copypaste: 0.526 0.858 0.599 0.384 0.550 0.584
INFO:mmdet:Epoch(val) [31][47]  bbox_LAMR: 0.1928, bbox_mAP: 0.5260, bbox_mAP_50: 0.8580, bbox_mAP_75: 0.5990, bbox_mAP_s: 0.3840, bbox_mAP_m: 0.5500, bbox_mAP_l: 0.5840, bbox_mAP_copypaste: 0.526 0.858 0.599 0.384 0.550 0.584
2021-09-07 21:19:01,797 - mmdet - INFO - Epoch [32][1/2]        lr: 1.000e-03, eta: 0:10:22, time: 66.128, data_time: 52.254, memory: 3709, loss_rpn_cls: 0.0048, loss_rpn_bbox: 0.0028, loss_cls: 0.0219, acc: 99.1455, loss_bbox: 0.0422, loss_neck_4_adversarial: 0.2332, loss: 0.3049
INFO:mmdet:Epoch [32][1/2]      lr: 1.000e-03, eta: 0:10:22, time: 66.128, data_time: 52.254, memory: 3709, loss_rpn_cls: 0.0048, loss_rpn_bbox: 0.0028, loss_cls: 0.0219, acc: 99.1455, loss_bbox: 0.0422, loss_neck_4_adversarial: 0.2332, loss: 0.3049
2021-09-07 21:19:03,027 - mmdet - INFO - Exp name: faster_rcnn_r50_caffe_fpn_mstrain_1x_coco-person_adaptive.py
INFO:mmdet:Exp name: faster_rcnn_r50_caffe_fpn_mstrain_1x_coco-person_adaptive.py
2021-09-07 21:19:03,028 - mmdet - INFO - Epoch [32][2/2]        lr: 1.000e-03, eta: 0:09:36, time: 1.366, data_time: 0.364, memory: 3709, loss_rpn_cls: 0.0025, loss_rpn_bbox: 0.0024, loss_cls: 0.0175, acc: 99.4507, loss_bbox: 0.0333, loss_neck_4_adversarial: 0.2619, loss: 0.3176
INFO:mmdet:Epoch [32][2/2]      lr: 1.000e-03, eta: 0:09:36, time: 1.366, data_time: 0.364, memory: 3709, loss_rpn_cls: 0.0025, loss_rpn_bbox: 0.0024, loss_cls: 0.0175, acc: 99.4507, loss_bbox: 0.0333, loss_neck_4_adversarial: 0.2619, loss: 0.3176
[>>>>>>>>>>>>>>>>>>>>>>>>>>>>>] 376/375, 18.4 task/s, elapsed: 20s, ETA:     0s

2021-09-07 21:19:46,993 - mmdet - INFO - Evaluating bbox...
INFO:mmdet:Evaluating bbox...
Loading and preparing results...
DONE (t=0.00s)
creating index...
index created!
Running per image evaluation...
Evaluate annotation type *bbox*
DONE (t=0.25s).
Accumulating evaluation results...
DONE (t=0.09s).
 Average Precision  (AP) @[ IoU=0.50:0.95 | area=   all | maxDets=100 ] = 0.523
 Average Precision  (AP) @[ IoU=0.50      | area=   all | maxDets=1000 ] = 0.856
 Average Precision  (AP) @[ IoU=0.75      | area=   all | maxDets=1000 ] = 0.595
 Average Precision  (AP) @[ IoU=0.50:0.95 | area= small | maxDets=1000 ] = 0.382
 Average Precision  (AP) @[ IoU=0.50:0.95 | area=medium | maxDets=1000 ] = 0.546
 Average Precision  (AP) @[ IoU=0.50:0.95 | area= large | maxDets=1000 ] = 0.582
 Average Recall     (AR) @[ IoU=0.50:0.95 | area=   all | maxDets=100 ] = 0.599
 Average Recall     (AR) @[ IoU=0.50:0.95 | area=   all | maxDets=300 ] = 0.599
 Average Recall     (AR) @[ IoU=0.50:0.95 | area=   all | maxDets=1000 ] = 0.599
 Average Recall     (AR) @[ IoU=0.50:0.95 | area= small | maxDets=1000 ] = 0.454
 Average Recall     (AR) @[ IoU=0.50:0.95 | area=medium | maxDets=1000 ] = 0.624
 Average Recall     (AR) @[ IoU=0.50:0.95 | area= large | maxDets=1000 ] = 0.600
Calculating miss-rate@FPPI and LAMR...
LAMR = 0.20968090709305803
2021-09-07 21:19:47,377 - mmdet - INFO - Exp name: faster_rcnn_r50_caffe_fpn_mstrain_1x_coco-person_adaptive.py
INFO:mmdet:Exp name: faster_rcnn_r50_caffe_fpn_mstrain_1x_coco-person_adaptive.py
2021-09-07 21:19:47,378 - mmdet - INFO - Epoch(val) [32][47]    bbox_LAMR: 0.2097, bbox_mAP: 0.5230, bbox_mAP_50: 0.8560, bbox_mAP_75: 0.5950, bbox_mAP_s: 0.3820, bbox_mAP_m: 0.5460, bbox_mAP_l: 0.5820, bbox_mAP_copypaste: 0.523 0.856 0.595 0.382 0.546 0.582
INFO:mmdet:Epoch(val) [32][47]  bbox_LAMR: 0.2097, bbox_mAP: 0.5230, bbox_mAP_50: 0.8560, bbox_mAP_75: 0.5950, bbox_mAP_s: 0.3820, bbox_mAP_m: 0.5460, bbox_mAP_l: 0.5820, bbox_mAP_copypaste: 0.523 0.856 0.595 0.382 0.546 0.582
2021-09-07 21:20:58,308 - mmdet - INFO - Epoch [33][1/2]        lr: 1.000e-03, eta: 0:09:08, time: 70.632, data_time: 54.167, memory: 3709, loss_rpn_cls: 0.0039, loss_rpn_bbox: 0.0024, loss_cls: 0.0231, acc: 99.0479, loss_bbox: 0.0392, loss_neck_4_adversarial: 0.2319, loss: 0.3006
INFO:mmdet:Epoch [33][1/2]      lr: 1.000e-03, eta: 0:09:08, time: 70.632, data_time: 54.167, memory: 3709, loss_rpn_cls: 0.0039, loss_rpn_bbox: 0.0024, loss_cls: 0.0231, acc: 99.0479, loss_bbox: 0.0392, loss_neck_4_adversarial: 0.2319, loss: 0.3006
2021-09-07 21:20:59,447 - mmdet - INFO - Exp name: faster_rcnn_r50_caffe_fpn_mstrain_1x_coco-person_adaptive.py
INFO:mmdet:Exp name: faster_rcnn_r50_caffe_fpn_mstrain_1x_coco-person_adaptive.py
2021-09-07 21:20:59,447 - mmdet - INFO - Epoch [33][2/2]        lr: 1.000e-03, eta: 0:08:24, time: 1.135, data_time: 0.315, memory: 3709, loss_rpn_cls: 0.0031, loss_rpn_bbox: 0.0025, loss_cls: 0.0172, acc: 99.3896, loss_bbox: 0.0372, loss_neck_4_adversarial: 0.3486, loss: 0.4086
INFO:mmdet:Epoch [33][2/2]      lr: 1.000e-03, eta: 0:08:24, time: 1.135, data_time: 0.315, memory: 3709, loss_rpn_cls: 0.0031, loss_rpn_bbox: 0.0025, loss_cls: 0.0172, acc: 99.3896, loss_bbox: 0.0372, loss_neck_4_adversarial: 0.3486, loss: 0.4086
[>>>>>>>>>>>>>>>>>>>>>>>>>>>>>] 376/375, 17.9 task/s, elapsed: 21s, ETA:     0s

2021-09-07 21:21:45,348 - mmdet - INFO - Evaluating bbox...
INFO:mmdet:Evaluating bbox...
Loading and preparing results...
DONE (t=0.00s)
creating index...
index created!
Running per image evaluation...
Evaluate annotation type *bbox*
DONE (t=0.24s).
Accumulating evaluation results...
DONE (t=0.07s).
 Average Precision  (AP) @[ IoU=0.50:0.95 | area=   all | maxDets=100 ] = 0.520
 Average Precision  (AP) @[ IoU=0.50      | area=   all | maxDets=1000 ] = 0.850
 Average Precision  (AP) @[ IoU=0.75      | area=   all | maxDets=1000 ] = 0.585
 Average Precision  (AP) @[ IoU=0.50:0.95 | area= small | maxDets=1000 ] = 0.393
 Average Precision  (AP) @[ IoU=0.50:0.95 | area=medium | maxDets=1000 ] = 0.541
 Average Precision  (AP) @[ IoU=0.50:0.95 | area= large | maxDets=1000 ] = 0.586
 Average Recall     (AR) @[ IoU=0.50:0.95 | area=   all | maxDets=100 ] = 0.593
 Average Recall     (AR) @[ IoU=0.50:0.95 | area=   all | maxDets=300 ] = 0.593
 Average Recall     (AR) @[ IoU=0.50:0.95 | area=   all | maxDets=1000 ] = 0.593
 Average Recall     (AR) @[ IoU=0.50:0.95 | area= small | maxDets=1000 ] = 0.466
 Average Recall     (AR) @[ IoU=0.50:0.95 | area=medium | maxDets=1000 ] = 0.614
 Average Recall     (AR) @[ IoU=0.50:0.95 | area= large | maxDets=1000 ] = 0.603
Calculating miss-rate@FPPI and LAMR...
LAMR = 0.21027428388776473
2021-09-07 21:21:45,696 - mmdet - INFO - Exp name: faster_rcnn_r50_caffe_fpn_mstrain_1x_coco-person_adaptive.py
INFO:mmdet:Exp name: faster_rcnn_r50_caffe_fpn_mstrain_1x_coco-person_adaptive.py
2021-09-07 21:21:45,697 - mmdet - INFO - Epoch(val) [33][47]    bbox_LAMR: 0.2103, bbox_mAP: 0.5200, bbox_mAP_50: 0.8500, bbox_mAP_75: 0.5850, bbox_mAP_s: 0.3930, bbox_mAP_m: 0.5410, bbox_mAP_l: 0.5860, bbox_mAP_copypaste: 0.520 0.850 0.585 0.393 0.541 0.586
INFO:mmdet:Epoch(val) [33][47]  bbox_LAMR: 0.2103, bbox_mAP: 0.5200, bbox_mAP_50: 0.8500, bbox_mAP_75: 0.5850, bbox_mAP_s: 0.3930, bbox_mAP_m: 0.5410, bbox_mAP_l: 0.5860, bbox_mAP_copypaste: 0.520 0.850 0.585 0.393 0.541 0.586
2021-09-07 21:22:52,553 - mmdet - INFO - Epoch [34][1/2]        lr: 1.000e-03, eta: 0:07:54, time: 66.632, data_time: 52.401, memory: 3709, loss_rpn_cls: 0.0033, loss_rpn_bbox: 0.0023, loss_cls: 0.0224, acc: 99.1455, loss_bbox: 0.0420, loss_neck_4_adversarial: 0.2559, loss: 0.3259
INFO:mmdet:Epoch [34][1/2]      lr: 1.000e-03, eta: 0:07:54, time: 66.632, data_time: 52.401, memory: 3709, loss_rpn_cls: 0.0033, loss_rpn_bbox: 0.0023, loss_cls: 0.0224, acc: 99.1455, loss_bbox: 0.0420, loss_neck_4_adversarial: 0.2559, loss: 0.3259
2021-09-07 21:22:54,341 - mmdet - INFO - Exp name: faster_rcnn_r50_caffe_fpn_mstrain_1x_coco-person_adaptive.py
INFO:mmdet:Exp name: faster_rcnn_r50_caffe_fpn_mstrain_1x_coco-person_adaptive.py
2021-09-07 21:22:54,341 - mmdet - INFO - Epoch [34][2/2]        lr: 1.000e-03, eta: 0:07:11, time: 1.779, data_time: 0.218, memory: 3709, loss_rpn_cls: 0.0021, loss_rpn_bbox: 0.0033, loss_cls: 0.0178, acc: 99.3408, loss_bbox: 0.0382, loss_neck_4_adversarial: 0.4247, loss: 0.4862
INFO:mmdet:Epoch [34][2/2]      lr: 1.000e-03, eta: 0:07:11, time: 1.779, data_time: 0.218, memory: 3709, loss_rpn_cls: 0.0021, loss_rpn_bbox: 0.0033, loss_cls: 0.0178, acc: 99.3408, loss_bbox: 0.0382, loss_neck_4_adversarial: 0.4247, loss: 0.4862
[>>>>>>>>>>>>>>>>>>>>>>>>>>>>>] 376/375, 19.3 task/s, elapsed: 19s, ETA:     0s

2021-09-07 21:23:36,347 - mmdet - INFO - Evaluating bbox...
INFO:mmdet:Evaluating bbox...
Loading and preparing results...
DONE (t=0.00s)
creating index...
index created!
Running per image evaluation...
Evaluate annotation type *bbox*
DONE (t=0.24s).
Accumulating evaluation results...
DONE (t=0.08s).
 Average Precision  (AP) @[ IoU=0.50:0.95 | area=   all | maxDets=100 ] = 0.520
 Average Precision  (AP) @[ IoU=0.50      | area=   all | maxDets=1000 ] = 0.849
 Average Precision  (AP) @[ IoU=0.75      | area=   all | maxDets=1000 ] = 0.601
 Average Precision  (AP) @[ IoU=0.50:0.95 | area= small | maxDets=1000 ] = 0.408
 Average Precision  (AP) @[ IoU=0.50:0.95 | area=medium | maxDets=1000 ] = 0.538
 Average Precision  (AP) @[ IoU=0.50:0.95 | area= large | maxDets=1000 ] = 0.602
 Average Recall     (AR) @[ IoU=0.50:0.95 | area=   all | maxDets=100 ] = 0.595
 Average Recall     (AR) @[ IoU=0.50:0.95 | area=   all | maxDets=300 ] = 0.595
 Average Recall     (AR) @[ IoU=0.50:0.95 | area=   all | maxDets=1000 ] = 0.595
 Average Recall     (AR) @[ IoU=0.50:0.95 | area= small | maxDets=1000 ] = 0.485
 Average Recall     (AR) @[ IoU=0.50:0.95 | area=medium | maxDets=1000 ] = 0.613
 Average Recall     (AR) @[ IoU=0.50:0.95 | area= large | maxDets=1000 ] = 0.619
Calculating miss-rate@FPPI and LAMR...
LAMR = 0.2119005701360443
2021-09-07 21:23:36,713 - mmdet - INFO - Exp name: faster_rcnn_r50_caffe_fpn_mstrain_1x_coco-person_adaptive.py
INFO:mmdet:Exp name: faster_rcnn_r50_caffe_fpn_mstrain_1x_coco-person_adaptive.py
2021-09-07 21:23:36,714 - mmdet - INFO - Epoch(val) [34][47]    bbox_LAMR: 0.2119, bbox_mAP: 0.5200, bbox_mAP_50: 0.8490, bbox_mAP_75: 0.6010, bbox_mAP_s: 0.4080, bbox_mAP_m: 0.5380, bbox_mAP_l: 0.6020, bbox_mAP_copypaste: 0.520 0.849 0.601 0.408 0.538 0.602
INFO:mmdet:Epoch(val) [34][47]  bbox_LAMR: 0.2119, bbox_mAP: 0.5200, bbox_mAP_50: 0.8490, bbox_mAP_75: 0.6010, bbox_mAP_s: 0.4080, bbox_mAP_m: 0.5380, bbox_mAP_l: 0.6020, bbox_mAP_copypaste: 0.520 0.849 0.601 0.408 0.538 0.602
2021-09-07 21:24:46,461 - mmdet - INFO - Epoch [35][1/2]        lr: 1.000e-03, eta: 0:06:41, time: 69.521, data_time: 54.502, memory: 3709, loss_rpn_cls: 0.0012, loss_rpn_bbox: 0.0025, loss_cls: 0.0187, acc: 99.2188, loss_bbox: 0.0380, loss_neck_4_adversarial: 0.3917, loss: 0.4521
INFO:mmdet:Epoch [35][1/2]      lr: 1.000e-03, eta: 0:06:41, time: 69.521, data_time: 54.502, memory: 3709, loss_rpn_cls: 0.0012, loss_rpn_bbox: 0.0025, loss_cls: 0.0187, acc: 99.2188, loss_bbox: 0.0380, loss_neck_4_adversarial: 0.3917, loss: 0.4521
2021-09-07 21:24:49,933 - mmdet - INFO - Exp name: faster_rcnn_r50_caffe_fpn_mstrain_1x_coco-person_adaptive.py
INFO:mmdet:Exp name: faster_rcnn_r50_caffe_fpn_mstrain_1x_coco-person_adaptive.py
2021-09-07 21:24:49,933 - mmdet - INFO - Epoch [35][2/2]        lr: 1.000e-03, eta: 0:06:00, time: 3.464, data_time: 0.220, memory: 3709, loss_rpn_cls: 0.0013, loss_rpn_bbox: 0.0024, loss_cls: 0.0189, acc: 99.3408, loss_bbox: 0.0361, loss_neck_4_adversarial: 0.5507, loss: 0.6094
INFO:mmdet:Epoch [35][2/2]      lr: 1.000e-03, eta: 0:06:00, time: 3.464, data_time: 0.220, memory: 3709, loss_rpn_cls: 0.0013, loss_rpn_bbox: 0.0024, loss_cls: 0.0189, acc: 99.3408, loss_bbox: 0.0361, loss_neck_4_adversarial: 0.5507, loss: 0.6094
[>>>>>>>>>>>>>>>>>>>>>>>>>>>>>] 376/375, 17.3 task/s, elapsed: 22s, ETA:     0s

2021-09-07 21:25:34,209 - mmdet - INFO - Evaluating bbox...
INFO:mmdet:Evaluating bbox...
Loading and preparing results...
DONE (t=0.01s)
creating index...
index created!
Running per image evaluation...
Evaluate annotation type *bbox*
DONE (t=0.26s).
Accumulating evaluation results...
DONE (t=0.09s).
 Average Precision  (AP) @[ IoU=0.50:0.95 | area=   all | maxDets=100 ] = 0.506
 Average Precision  (AP) @[ IoU=0.50      | area=   all | maxDets=1000 ] = 0.831
 Average Precision  (AP) @[ IoU=0.75      | area=   all | maxDets=1000 ] = 0.583
 Average Precision  (AP) @[ IoU=0.50:0.95 | area= small | maxDets=1000 ] = 0.403
 Average Precision  (AP) @[ IoU=0.50:0.95 | area=medium | maxDets=1000 ] = 0.524
 Average Precision  (AP) @[ IoU=0.50:0.95 | area= large | maxDets=1000 ] = 0.562
 Average Recall     (AR) @[ IoU=0.50:0.95 | area=   all | maxDets=100 ] = 0.581
 Average Recall     (AR) @[ IoU=0.50:0.95 | area=   all | maxDets=300 ] = 0.581
 Average Recall     (AR) @[ IoU=0.50:0.95 | area=   all | maxDets=1000 ] = 0.581
 Average Recall     (AR) @[ IoU=0.50:0.95 | area= small | maxDets=1000 ] = 0.486
 Average Recall     (AR) @[ IoU=0.50:0.95 | area=medium | maxDets=1000 ] = 0.598
 Average Recall     (AR) @[ IoU=0.50:0.95 | area= large | maxDets=1000 ] = 0.573
Calculating miss-rate@FPPI and LAMR...
LAMR = 0.2327032018390796
2021-09-07 21:25:34,610 - mmdet - INFO - Exp name: faster_rcnn_r50_caffe_fpn_mstrain_1x_coco-person_adaptive.py
INFO:mmdet:Exp name: faster_rcnn_r50_caffe_fpn_mstrain_1x_coco-person_adaptive.py
2021-09-07 21:25:34,611 - mmdet - INFO - Epoch(val) [35][47]    bbox_LAMR: 0.2327, bbox_mAP: 0.5060, bbox_mAP_50: 0.8310, bbox_mAP_75: 0.5830, bbox_mAP_s: 0.4030, bbox_mAP_m: 0.5240, bbox_mAP_l: 0.5620, bbox_mAP_copypaste: 0.506 0.831 0.583 0.403 0.524 0.562
INFO:mmdet:Epoch(val) [35][47]  bbox_LAMR: 0.2327, bbox_mAP: 0.5060, bbox_mAP_50: 0.8310, bbox_mAP_75: 0.5830, bbox_mAP_s: 0.4030, bbox_mAP_m: 0.5240, bbox_mAP_l: 0.5620, bbox_mAP_copypaste: 0.506 0.831 0.583 0.403 0.524 0.562
2021-09-07 21:26:43,700 - mmdet - INFO - Epoch [36][1/2]        lr: 1.000e-03, eta: 0:05:28, time: 68.745, data_time: 52.007, memory: 3709, loss_rpn_cls: 0.0013, loss_rpn_bbox: 0.0029, loss_cls: 0.0212, acc: 99.1211, loss_bbox: 0.0404, loss_neck_4_adversarial: 1.3292, loss: 1.3952
INFO:mmdet:Epoch [36][1/2]      lr: 1.000e-03, eta: 0:05:28, time: 68.745, data_time: 52.007, memory: 3709, loss_rpn_cls: 0.0013, loss_rpn_bbox: 0.0029, loss_cls: 0.0212, acc: 99.1211, loss_bbox: 0.0404, loss_neck_4_adversarial: 1.3292, loss: 1.3952
2021-09-07 21:26:45,004 - mmdet - INFO - Exp name: faster_rcnn_r50_caffe_fpn_mstrain_1x_coco-person_adaptive.py
INFO:mmdet:Exp name: faster_rcnn_r50_caffe_fpn_mstrain_1x_coco-person_adaptive.py
2021-09-07 21:26:45,004 - mmdet - INFO - Epoch [36][2/2]        lr: 1.000e-03, eta: 0:04:47, time: 1.426, data_time: 0.345, memory: 3709, loss_rpn_cls: 0.0017, loss_rpn_bbox: 0.0025, loss_cls: 0.0260, acc: 98.9014, loss_bbox: 0.0444, loss_neck_4_adversarial: 1.4647, loss: 1.5392
INFO:mmdet:Epoch [36][2/2]      lr: 1.000e-03, eta: 0:04:47, time: 1.426, data_time: 0.345, memory: 3709, loss_rpn_cls: 0.0017, loss_rpn_bbox: 0.0025, loss_cls: 0.0260, acc: 98.9014, loss_bbox: 0.0444, loss_neck_4_adversarial: 1.4647, loss: 1.5392
[>>>>>>>>>>>>>>>>>>>>>>>>>>>>>] 376/375, 19.4 task/s, elapsed: 19s, ETA:     0s

2021-09-07 21:27:25,976 - mmdet - INFO - Evaluating bbox...
INFO:mmdet:Evaluating bbox...
Loading and preparing results...
DONE (t=0.00s)
creating index...
index created!
Running per image evaluation...
Evaluate annotation type *bbox*
DONE (t=0.26s).
Accumulating evaluation results...
DONE (t=0.08s).
 Average Precision  (AP) @[ IoU=0.50:0.95 | area=   all | maxDets=100 ] = 0.444
 Average Precision  (AP) @[ IoU=0.50      | area=   all | maxDets=1000 ] = 0.754
 Average Precision  (AP) @[ IoU=0.75      | area=   all | maxDets=1000 ] = 0.496
 Average Precision  (AP) @[ IoU=0.50:0.95 | area= small | maxDets=1000 ] = 0.359
 Average Precision  (AP) @[ IoU=0.50:0.95 | area=medium | maxDets=1000 ] = 0.465
 Average Precision  (AP) @[ IoU=0.50:0.95 | area= large | maxDets=1000 ] = 0.421
 Average Recall     (AR) @[ IoU=0.50:0.95 | area=   all | maxDets=100 ] = 0.530
 Average Recall     (AR) @[ IoU=0.50:0.95 | area=   all | maxDets=300 ] = 0.530
 Average Recall     (AR) @[ IoU=0.50:0.95 | area=   all | maxDets=1000 ] = 0.530
 Average Recall     (AR) @[ IoU=0.50:0.95 | area= small | maxDets=1000 ] = 0.482
 Average Recall     (AR) @[ IoU=0.50:0.95 | area=medium | maxDets=1000 ] = 0.544
 Average Recall     (AR) @[ IoU=0.50:0.95 | area= large | maxDets=1000 ] = 0.424
Calculating miss-rate@FPPI and LAMR...
LAMR = 0.32517821376169115
2021-09-07 21:27:26,360 - mmdet - INFO - Exp name: faster_rcnn_r50_caffe_fpn_mstrain_1x_coco-person_adaptive.py
INFO:mmdet:Exp name: faster_rcnn_r50_caffe_fpn_mstrain_1x_coco-person_adaptive.py
2021-09-07 21:27:26,361 - mmdet - INFO - Epoch(val) [36][47]    bbox_LAMR: 0.3252, bbox_mAP: 0.4440, bbox_mAP_50: 0.7540, bbox_mAP_75: 0.4960, bbox_mAP_s: 0.3590, bbox_mAP_m: 0.4650, bbox_mAP_l: 0.4210, bbox_mAP_copypaste: 0.444 0.754 0.496 0.359 0.465 0.421
INFO:mmdet:Epoch(val) [36][47]  bbox_LAMR: 0.3252, bbox_mAP: 0.4440, bbox_mAP_50: 0.7540, bbox_mAP_75: 0.4960, bbox_mAP_s: 0.3590, bbox_mAP_m: 0.4650, bbox_mAP_l: 0.4210, bbox_mAP_copypaste: 0.444 0.754 0.496 0.359 0.465 0.421
2021-09-07 21:28:30,681 - mmdet - INFO - Epoch [37][1/2]        lr: 1.000e-03, eta: 0:04:14, time: 64.036, data_time: 50.607, memory: 3709, loss_rpn_cls: 0.0026, loss_rpn_bbox: 0.0036, loss_cls: 0.0294, acc: 98.7793, loss_bbox: 0.0513, loss_neck_4_adversarial: 1.4422, loss: 1.5290
INFO:mmdet:Epoch [37][1/2]      lr: 1.000e-03, eta: 0:04:14, time: 64.036, data_time: 50.607, memory: 3709, loss_rpn_cls: 0.0026, loss_rpn_bbox: 0.0036, loss_cls: 0.0294, acc: 98.7793, loss_bbox: 0.0513, loss_neck_4_adversarial: 1.4422, loss: 1.5290
2021-09-07 21:28:32,876 - mmdet - INFO - Exp name: faster_rcnn_r50_caffe_fpn_mstrain_1x_coco-person_adaptive.py
INFO:mmdet:Exp name: faster_rcnn_r50_caffe_fpn_mstrain_1x_coco-person_adaptive.py
2021-09-07 21:28:32,877 - mmdet - INFO - Epoch [37][2/2]        lr: 1.000e-03, eta: 0:03:35, time: 2.237, data_time: 0.301, memory: 3709, loss_rpn_cls: 0.0033, loss_rpn_bbox: 0.0035, loss_cls: 0.0367, acc: 98.5474, loss_bbox: 0.0586, loss_neck_4_adversarial: 1.3991, loss: 1.5013
INFO:mmdet:Epoch [37][2/2]      lr: 1.000e-03, eta: 0:03:35, time: 2.237, data_time: 0.301, memory: 3709, loss_rpn_cls: 0.0033, loss_rpn_bbox: 0.0035, loss_cls: 0.0367, acc: 98.5474, loss_bbox: 0.0586, loss_neck_4_adversarial: 1.3991, loss: 1.5013
[>>>>>>>>>>>>>>>>>>>>>>>>>>>>>] 376/375, 16.0 task/s, elapsed: 23s, ETA:     0s

2021-09-07 21:29:16,822 - mmdet - INFO - Evaluating bbox...
INFO:mmdet:Evaluating bbox...
Loading and preparing results...
DONE (t=0.00s)
creating index...
index created!
Running per image evaluation...
Evaluate annotation type *bbox*
DONE (t=0.28s).
Accumulating evaluation results...
DONE (t=0.08s).
 Average Precision  (AP) @[ IoU=0.50:0.95 | area=   all | maxDets=100 ] = 0.401
 Average Precision  (AP) @[ IoU=0.50      | area=   all | maxDets=1000 ] = 0.696
 Average Precision  (AP) @[ IoU=0.75      | area=   all | maxDets=1000 ] = 0.422
 Average Precision  (AP) @[ IoU=0.50:0.95 | area= small | maxDets=1000 ] = 0.295
 Average Precision  (AP) @[ IoU=0.50:0.95 | area=medium | maxDets=1000 ] = 0.424
 Average Precision  (AP) @[ IoU=0.50:0.95 | area= large | maxDets=1000 ] = 0.356
 Average Recall     (AR) @[ IoU=0.50:0.95 | area=   all | maxDets=100 ] = 0.499
 Average Recall     (AR) @[ IoU=0.50:0.95 | area=   all | maxDets=300 ] = 0.499
 Average Recall     (AR) @[ IoU=0.50:0.95 | area=   all | maxDets=1000 ] = 0.499
 Average Recall     (AR) @[ IoU=0.50:0.95 | area= small | maxDets=1000 ] = 0.474
 Average Recall     (AR) @[ IoU=0.50:0.95 | area=medium | maxDets=1000 ] = 0.510
 Average Recall     (AR) @[ IoU=0.50:0.95 | area= large | maxDets=1000 ] = 0.357
Calculating miss-rate@FPPI and LAMR...
LAMR = 0.3877456419507514
2021-09-07 21:29:17,232 - mmdet - INFO - Exp name: faster_rcnn_r50_caffe_fpn_mstrain_1x_coco-person_adaptive.py
INFO:mmdet:Exp name: faster_rcnn_r50_caffe_fpn_mstrain_1x_coco-person_adaptive.py
2021-09-07 21:29:17,233 - mmdet - INFO - Epoch(val) [37][47]    bbox_LAMR: 0.3877, bbox_mAP: 0.4010, bbox_mAP_50: 0.6960, bbox_mAP_75: 0.4220, bbox_mAP_s: 0.2950, bbox_mAP_m: 0.4240, bbox_mAP_l: 0.3560, bbox_mAP_copypaste: 0.401 0.696 0.422 0.295 0.424 0.356
INFO:mmdet:Epoch(val) [37][47]  bbox_LAMR: 0.3877, bbox_mAP: 0.4010, bbox_mAP_50: 0.6960, bbox_mAP_75: 0.4220, bbox_mAP_s: 0.2950, bbox_mAP_m: 0.4240, bbox_mAP_l: 0.3560, bbox_mAP_copypaste: 0.401 0.696 0.422 0.295 0.424 0.356
2021-09-07 21:30:23,382 - mmdet - INFO - Epoch [38][1/2]        lr: 1.000e-03, eta: 0:03:01, time: 65.784, data_time: 57.128, memory: 3709, loss_rpn_cls: 0.0036, loss_rpn_bbox: 0.0038, loss_cls: 0.0380, acc: 98.4985, loss_bbox: 0.0589, loss_neck_4_adversarial: 1.2535, loss: 1.3577
INFO:mmdet:Epoch [38][1/2]      lr: 1.000e-03, eta: 0:03:01, time: 65.784, data_time: 57.128, memory: 3709, loss_rpn_cls: 0.0036, loss_rpn_bbox: 0.0038, loss_cls: 0.0380, acc: 98.4985, loss_bbox: 0.0589, loss_neck_4_adversarial: 1.2535, loss: 1.3577
2021-09-07 21:30:24,807 - mmdet - INFO - Exp name: faster_rcnn_r50_caffe_fpn_mstrain_1x_coco-person_adaptive.py
INFO:mmdet:Exp name: faster_rcnn_r50_caffe_fpn_mstrain_1x_coco-person_adaptive.py
2021-09-07 21:30:24,807 - mmdet - INFO - Epoch [38][2/2]        lr: 1.000e-03, eta: 0:02:23, time: 1.565, data_time: 0.357, memory: 3709, loss_rpn_cls: 0.0067, loss_rpn_bbox: 0.0040, loss_cls: 0.0474, acc: 98.1079, loss_bbox: 0.0588, loss_neck_4_adversarial: 1.2550, loss: 1.3718
INFO:mmdet:Epoch [38][2/2]      lr: 1.000e-03, eta: 0:02:23, time: 1.565, data_time: 0.357, memory: 3709, loss_rpn_cls: 0.0067, loss_rpn_bbox: 0.0040, loss_cls: 0.0474, acc: 98.1079, loss_bbox: 0.0588, loss_neck_4_adversarial: 1.2550, loss: 1.3718
[>>>>>>>>>>>>>>>>>>>>>>>>>>>>>] 376/375, 16.2 task/s, elapsed: 23s, ETA:     0s

2021-09-07 21:31:08,402 - mmdet - INFO - Evaluating bbox...
INFO:mmdet:Evaluating bbox...
Loading and preparing results...
DONE (t=0.01s)
creating index...
index created!
Running per image evaluation...
Evaluate annotation type *bbox*
DONE (t=0.29s).
Accumulating evaluation results...
DONE (t=0.09s).
 Average Precision  (AP) @[ IoU=0.50:0.95 | area=   all | maxDets=100 ] = 0.427
 Average Precision  (AP) @[ IoU=0.50      | area=   all | maxDets=1000 ] = 0.724
 Average Precision  (AP) @[ IoU=0.75      | area=   all | maxDets=1000 ] = 0.459
 Average Precision  (AP) @[ IoU=0.50:0.95 | area= small | maxDets=1000 ] = 0.298
 Average Precision  (AP) @[ IoU=0.50:0.95 | area=medium | maxDets=1000 ] = 0.454
 Average Precision  (AP) @[ IoU=0.50:0.95 | area= large | maxDets=1000 ] = 0.381
 Average Recall     (AR) @[ IoU=0.50:0.95 | area=   all | maxDets=100 ] = 0.533
 Average Recall     (AR) @[ IoU=0.50:0.95 | area=   all | maxDets=300 ] = 0.533
 Average Recall     (AR) @[ IoU=0.50:0.95 | area=   all | maxDets=1000 ] = 0.533
 Average Recall     (AR) @[ IoU=0.50:0.95 | area= small | maxDets=1000 ] = 0.479
 Average Recall     (AR) @[ IoU=0.50:0.95 | area=medium | maxDets=1000 ] = 0.550
 Average Recall     (AR) @[ IoU=0.50:0.95 | area= large | maxDets=1000 ] = 0.384
Calculating miss-rate@FPPI and LAMR...
LAMR = 0.3473532386574618
2021-09-07 21:31:08,832 - mmdet - INFO - Exp name: faster_rcnn_r50_caffe_fpn_mstrain_1x_coco-person_adaptive.py
INFO:mmdet:Exp name: faster_rcnn_r50_caffe_fpn_mstrain_1x_coco-person_adaptive.py
2021-09-07 21:31:08,833 - mmdet - INFO - Epoch(val) [38][47]    bbox_LAMR: 0.3474, bbox_mAP: 0.4270, bbox_mAP_50: 0.7240, bbox_mAP_75: 0.4590, bbox_mAP_s: 0.2980, bbox_mAP_m: 0.4540, bbox_mAP_l: 0.3810, bbox_mAP_copypaste: 0.427 0.724 0.459 0.298 0.454 0.381
INFO:mmdet:Epoch(val) [38][47]  bbox_LAMR: 0.3474, bbox_mAP: 0.4270, bbox_mAP_50: 0.7240, bbox_mAP_75: 0.4590, bbox_mAP_s: 0.2980, bbox_mAP_m: 0.4540, bbox_mAP_l: 0.3810, bbox_mAP_copypaste: 0.427 0.724 0.459 0.298 0.454 0.381
2021-09-07 21:32:16,847 - mmdet - INFO - Epoch [39][1/2]        lr: 1.000e-03, eta: 0:01:48, time: 67.801, data_time: 49.180, memory: 3709, loss_rpn_cls: 0.0035, loss_rpn_bbox: 0.0039, loss_cls: 0.0407, acc: 98.2544, loss_bbox: 0.0592, loss_neck_4_adversarial: 1.1117, loss: 1.2189
INFO:mmdet:Epoch [39][1/2]      lr: 1.000e-03, eta: 0:01:48, time: 67.801, data_time: 49.180, memory: 3709, loss_rpn_cls: 0.0035, loss_rpn_bbox: 0.0039, loss_cls: 0.0407, acc: 98.2544, loss_bbox: 0.0592, loss_neck_4_adversarial: 1.1117, loss: 1.2189
2021-09-07 21:32:17,998 - mmdet - INFO - Exp name: faster_rcnn_r50_caffe_fpn_mstrain_1x_coco-person_adaptive.py
INFO:mmdet:Exp name: faster_rcnn_r50_caffe_fpn_mstrain_1x_coco-person_adaptive.py
2021-09-07 21:32:17,999 - mmdet - INFO - Epoch [39][2/2]        lr: 1.000e-03, eta: 0:01:11, time: 1.093, data_time: 0.207, memory: 3709, loss_rpn_cls: 0.0025, loss_rpn_bbox: 0.0037, loss_cls: 0.0388, acc: 98.4253, loss_bbox: 0.0593, loss_neck_4_adversarial: 1.1025, loss: 1.2068
INFO:mmdet:Epoch [39][2/2]      lr: 1.000e-03, eta: 0:01:11, time: 1.093, data_time: 0.207, memory: 3709, loss_rpn_cls: 0.0025, loss_rpn_bbox: 0.0037, loss_cls: 0.0388, acc: 98.4253, loss_bbox: 0.0593, loss_neck_4_adversarial: 1.1025, loss: 1.2068
[>>>>>>>>>>>>>>>>>>>>>>>>>>>>>] 376/375, 19.6 task/s, elapsed: 19s, ETA:     0s

2021-09-07 21:33:03,577 - mmdet - INFO - Evaluating bbox...
INFO:mmdet:Evaluating bbox...
Loading and preparing results...
DONE (t=0.01s)
creating index...
index created!
Running per image evaluation...
Evaluate annotation type *bbox*
DONE (t=0.32s).
Accumulating evaluation results...
DONE (t=0.11s).
 Average Precision  (AP) @[ IoU=0.50:0.95 | area=   all | maxDets=100 ] = 0.479
 Average Precision  (AP) @[ IoU=0.50      | area=   all | maxDets=1000 ] = 0.793
 Average Precision  (AP) @[ IoU=0.75      | area=   all | maxDets=1000 ] = 0.534
 Average Precision  (AP) @[ IoU=0.50:0.95 | area= small | maxDets=1000 ] = 0.365
 Average Precision  (AP) @[ IoU=0.50:0.95 | area=medium | maxDets=1000 ] = 0.506
 Average Precision  (AP) @[ IoU=0.50:0.95 | area= large | maxDets=1000 ] = 0.428
 Average Recall     (AR) @[ IoU=0.50:0.95 | area=   all | maxDets=100 ] = 0.586
 Average Recall     (AR) @[ IoU=0.50:0.95 | area=   all | maxDets=300 ] = 0.586
 Average Recall     (AR) @[ IoU=0.50:0.95 | area=   all | maxDets=1000 ] = 0.586
 Average Recall     (AR) @[ IoU=0.50:0.95 | area= small | maxDets=1000 ] = 0.478
 Average Recall     (AR) @[ IoU=0.50:0.95 | area=medium | maxDets=1000 ] = 0.612
 Average Recall     (AR) @[ IoU=0.50:0.95 | area= large | maxDets=1000 ] = 0.438
Calculating miss-rate@FPPI and LAMR...
LAMR = 0.2731110142000771
2021-09-07 21:33:04,070 - mmdet - INFO - Exp name: faster_rcnn_r50_caffe_fpn_mstrain_1x_coco-person_adaptive.py
INFO:mmdet:Exp name: faster_rcnn_r50_caffe_fpn_mstrain_1x_coco-person_adaptive.py
2021-09-07 21:33:04,071 - mmdet - INFO - Epoch(val) [39][47]    bbox_LAMR: 0.2731, bbox_mAP: 0.4790, bbox_mAP_50: 0.7930, bbox_mAP_75: 0.5340, bbox_mAP_s: 0.3650, bbox_mAP_m: 0.5060, bbox_mAP_l: 0.4280, bbox_mAP_copypaste: 0.479 0.793 0.534 0.365 0.506 0.428
INFO:mmdet:Epoch(val) [39][47]  bbox_LAMR: 0.2731, bbox_mAP: 0.4790, bbox_mAP_50: 0.7930, bbox_mAP_75: 0.5340, bbox_mAP_s: 0.3650, bbox_mAP_m: 0.5060, bbox_mAP_l: 0.4280, bbox_mAP_copypaste: 0.479 0.793 0.534 0.365 0.506 0.428
2021-09-07 21:34:12,365 - mmdet - INFO - Epoch [40][1/2]        lr: 1.000e-03, eta: 0:00:36, time: 67.963, data_time: 56.350, memory: 3709, loss_rpn_cls: 0.0018, loss_rpn_bbox: 0.0039, loss_cls: 0.0292, acc: 98.9258, loss_bbox: 0.0410, loss_neck_4_adversarial: 1.0045, loss: 1.0804
INFO:mmdet:Epoch [40][1/2]      lr: 1.000e-03, eta: 0:00:36, time: 67.963, data_time: 56.350, memory: 3709, loss_rpn_cls: 0.0018, loss_rpn_bbox: 0.0039, loss_cls: 0.0292, acc: 98.9258, loss_bbox: 0.0410, loss_neck_4_adversarial: 1.0045, loss: 1.0804
2021-09-07 21:34:14,004 - mmdet - INFO - Exp name: faster_rcnn_r50_caffe_fpn_mstrain_1x_coco-person_adaptive.py
INFO:mmdet:Exp name: faster_rcnn_r50_caffe_fpn_mstrain_1x_coco-person_adaptive.py
2021-09-07 21:34:14,005 - mmdet - INFO - Epoch [40][2/2]        lr: 1.000e-03, eta: 0:00:00, time: 1.740, data_time: 0.336, memory: 3709, loss_rpn_cls: 0.0018, loss_rpn_bbox: 0.0028, loss_cls: 0.0329, acc: 98.9258, loss_bbox: 0.0470, loss_neck_4_adversarial: 1.0039, loss: 1.0884
INFO:mmdet:Epoch [40][2/2]      lr: 1.000e-03, eta: 0:00:00, time: 1.740, data_time: 0.336, memory: 3709, loss_rpn_cls: 0.0018, loss_rpn_bbox: 0.0028, loss_cls: 0.0329, acc: 98.9258, loss_bbox: 0.0470, loss_neck_4_adversarial: 1.0039, loss: 1.0884
[>>>>>>>>>>>>>>>>>>>>>>>>>>>>>] 376/375, 19.9 task/s, elapsed: 19s, ETA:     0s

2021-09-07 21:34:55,870 - mmdet - INFO - Evaluating bbox...
INFO:mmdet:Evaluating bbox...
Loading and preparing results...
DONE (t=0.01s)
creating index...
index created!
Running per image evaluation...
Evaluate annotation type *bbox*
DONE (t=0.30s).
Accumulating evaluation results...
DONE (t=0.08s).
 Average Precision  (AP) @[ IoU=0.50:0.95 | area=   all | maxDets=100 ] = 0.489
 Average Precision  (AP) @[ IoU=0.50      | area=   all | maxDets=1000 ] = 0.779
 Average Precision  (AP) @[ IoU=0.75      | area=   all | maxDets=1000 ] = 0.559
 Average Precision  (AP) @[ IoU=0.50:0.95 | area= small | maxDets=1000 ] = 0.380
 Average Precision  (AP) @[ IoU=0.50:0.95 | area=medium | maxDets=1000 ] = 0.517
 Average Precision  (AP) @[ IoU=0.50:0.95 | area= large | maxDets=1000 ] = 0.511
 Average Recall     (AR) @[ IoU=0.50:0.95 | area=   all | maxDets=100 ] = 0.593
 Average Recall     (AR) @[ IoU=0.50:0.95 | area=   all | maxDets=300 ] = 0.593
 Average Recall     (AR) @[ IoU=0.50:0.95 | area=   all | maxDets=1000 ] = 0.593
 Average Recall     (AR) @[ IoU=0.50:0.95 | area= small | maxDets=1000 ] = 0.450
 Average Recall     (AR) @[ IoU=0.50:0.95 | area=medium | maxDets=1000 ] = 0.620
 Average Recall     (AR) @[ IoU=0.50:0.95 | area= large | maxDets=1000 ] = 0.527
Calculating miss-rate@FPPI and LAMR...
LAMR = 0.2854605200349484
2021-09-07 21:34:56,303 - mmdet - INFO - Saving checkpoint at 40 epochs
INFO:mmdet:Saving checkpoint at 40 epochs
2021-09-07 21:34:57,867 - mmdet - INFO - Exp name: faster_rcnn_r50_caffe_fpn_mstrain_1x_coco-person_adaptive.py
INFO:mmdet:Exp name: faster_rcnn_r50_caffe_fpn_mstrain_1x_coco-person_adaptive.py
2021-09-07 21:34:57,867 - mmdet - INFO - Epoch(val) [40][47]    bbox_LAMR: 0.2855, bbox_mAP: 0.4890, bbox_mAP_50: 0.7790, bbox_mAP_75: 0.5590, bbox_mAP_s: 0.3800, bbox_mAP_m: 0.5170, bbox_mAP_l: 0.5110, bbox_mAP_copypaste: 0.489 0.779 0.559 0.380 0.517 0.511
INFO:mmdet:Epoch(val) [40][47]  bbox_LAMR: 0.2855, bbox_mAP: 0.4890, bbox_mAP_50: 0.7790, bbox_mAP_75: 0.5590, bbox_mAP_s: 0.3800, bbox_mAP_m: 0.5170, bbox_mAP_l: 0.5110, bbox_mAP_copypaste: 0.489 0.779 0.559 0.380 0.517 0.511
*****************************************
Setting OMP_NUM_THREADS environment variable for each process to be 1 in default, to avoid your system being overloaded, please further tune the variable for optimal performance in your application as needed. 
*****************************************