2021-07-21 04:24:20,104 - mmdet - INFO - Environment info:
------------------------------------------------------------
sys.platform: linux
Python: 3.9.5 (default, May 18 2021, 19:34:48) [GCC 7.3.0]
CUDA available: True
GPU 0,1,2,3,4,5,6,7: NVIDIA GeForce GTX 1080 Ti
CUDA_HOME: /usr/local/cuda-10.1
NVCC: Cuda compilation tools, release 10.1, V10.1.105
GCC: gcc (Ubuntu 6.5.0-2ubuntu1~18.04) 6.5.0 20181026
PyTorch: 1.8.1
PyTorch compiling details: PyTorch built with:
  - GCC 7.3
  - C++ Version: 201402
  - Intel(R) oneAPI Math Kernel Library Version 2021.2-Product Build 20210312 for Intel(R) 64 architecture applications
  - Intel(R) MKL-DNN v1.7.0 (Git Hash 7aed236906b1f7a05c0917e5257a1af05e9ff683)
  - OpenMP 201511 (a.k.a. OpenMP 4.5)
  - NNPACK is enabled
  - CPU capability usage: AVX2
  - CUDA Runtime 10.1
  - NVCC architecture flags: -gencode;arch=compute_37,code=sm_37;-gencode;arch=compute_50,code=sm_50;-gencode;arch=compute_60,code=sm_60;-gencode;arch=compute_61,code=sm_61;-gencode;arch=compute_70,code=sm_70;-gencode;arch=compute_75,code=sm_75;-gencode;arch=compute_37,code=compute_37
  - CuDNN 7.6.3
  - Magma 2.5.2
  - Build settings: BLAS_INFO=mkl, BUILD_TYPE=Release, CUDA_VERSION=10.1, CUDNN_VERSION=7.6.3, CXX_COMPILER=/opt/rh/devtoolset-7/root/usr/bin/c++, CXX_FLAGS= -Wno-deprecated -fvisibility-inlines-hidden -DUSE_PTHREADPOOL -fopenmp -DNDEBUG -DUSE_KINETO -DUSE_FBGEMM -DUSE_QNNPACK -DUSE_PYTORCH_QNNPACK -DUSE_XNNPACK -O2 -fPIC -Wno-narrowing -Wall -Wextra -Werror=return-type -Wno-missing-field-initializers -Wno-type-limits -Wno-array-bounds -Wno-unknown-pragmas -Wno-sign-compare -Wno-unused-parameter -Wno-unused-variable -Wno-unused-function -Wno-unused-result -Wno-unused-local-typedefs -Wno-strict-overflow -Wno-strict-aliasing -Wno-error=deprecated-declarations -Wno-stringop-overflow -Wno-psabi -Wno-error=pedantic -Wno-error=redundant-decls -Wno-error=old-style-cast -fdiagnostics-color=always -faligned-new -Wno-unused-but-set-variable -Wno-maybe-uninitialized -fno-math-errno -fno-trapping-math -Werror=format -Wno-stringop-overflow, LAPACK_INFO=mkl, PERF_WITH_AVX=1, PERF_WITH_AVX2=1, PERF_WITH_AVX512=1, TORCH_VERSION=1.8.1, USE_CUDA=ON, USE_CUDNN=ON, USE_EXCEPTION_PTR=1, USE_GFLAGS=OFF, USE_GLOG=OFF, USE_MKL=ON, USE_MKLDNN=ON, USE_MPI=OFF, USE_NCCL=ON, USE_NNPACK=ON, USE_OPENMP=ON, 

TorchVision: 0.2.2
OpenCV: 4.5.2
MMCV: 1.3.6
MMCV Compiler: GCC 7.5
MMCV CUDA Compiler: 10.1
MMDetection: 2.13.0+957abcb
------------------------------------------------------------

INFO:mmdet:Environment info:
------------------------------------------------------------
sys.platform: linux
Python: 3.9.5 (default, May 18 2021, 19:34:48) [GCC 7.3.0]
CUDA available: True
GPU 0,1,2,3,4,5,6,7: NVIDIA GeForce GTX 1080 Ti
CUDA_HOME: /usr/local/cuda-10.1
NVCC: Cuda compilation tools, release 10.1, V10.1.105
GCC: gcc (Ubuntu 6.5.0-2ubuntu1~18.04) 6.5.0 20181026
PyTorch: 1.8.1
PyTorch compiling details: PyTorch built with:
  - GCC 7.3
  - C++ Version: 201402
  - Intel(R) oneAPI Math Kernel Library Version 2021.2-Product Build 20210312 for Intel(R) 64 architecture applications
  - Intel(R) MKL-DNN v1.7.0 (Git Hash 7aed236906b1f7a05c0917e5257a1af05e9ff683)
  - OpenMP 201511 (a.k.a. OpenMP 4.5)
  - NNPACK is enabled
  - CPU capability usage: AVX2
  - CUDA Runtime 10.1
  - NVCC architecture flags: -gencode;arch=compute_37,code=sm_37;-gencode;arch=compute_50,code=sm_50;-gencode;arch=compute_60,code=sm_60;-gencode;arch=compute_61,code=sm_61;-gencode;arch=compute_70,code=sm_70;-gencode;arch=compute_75,code=sm_75;-gencode;arch=compute_37,code=compute_37
  - CuDNN 7.6.3
  - Magma 2.5.2
  - Build settings: BLAS_INFO=mkl, BUILD_TYPE=Release, CUDA_VERSION=10.1, CUDNN_VERSION=7.6.3, CXX_COMPILER=/opt/rh/devtoolset-7/root/usr/bin/c++, CXX_FLAGS= -Wno-deprecated -fvisibility-inlines-hidden -DUSE_PTHREADPOOL -fopenmp -DNDEBUG -DUSE_KINETO -DUSE_FBGEMM -DUSE_QNNPACK -DUSE_PYTORCH_QNNPACK -DUSE_XNNPACK -O2 -fPIC -Wno-narrowing -Wall -Wextra -Werror=return-type -Wno-missing-field-initializers -Wno-type-limits -Wno-array-bounds -Wno-unknown-pragmas -Wno-sign-compare -Wno-unused-parameter -Wno-unused-variable -Wno-unused-function -Wno-unused-result -Wno-unused-local-typedefs -Wno-strict-overflow -Wno-strict-aliasing -Wno-error=deprecated-declarations -Wno-stringop-overflow -Wno-psabi -Wno-error=pedantic -Wno-error=redundant-decls -Wno-error=old-style-cast -fdiagnostics-color=always -faligned-new -Wno-unused-but-set-variable -Wno-maybe-uninitialized -fno-math-errno -fno-trapping-math -Werror=format -Wno-stringop-overflow, LAPACK_INFO=mkl, PERF_WITH_AVX=1, PERF_WITH_AVX2=1, PERF_WITH_AVX512=1, TORCH_VERSION=1.8.1, USE_CUDA=ON, USE_CUDNN=ON, USE_EXCEPTION_PTR=1, USE_GFLAGS=OFF, USE_GLOG=OFF, USE_MKL=ON, USE_MKLDNN=ON, USE_MPI=OFF, USE_NCCL=ON, USE_NNPACK=ON, USE_OPENMP=ON, 

TorchVision: 0.2.2
OpenCV: 4.5.2
MMCV: 1.3.6
MMCV Compiler: GCC 7.5
MMCV CUDA Compiler: 10.1
MMDetection: 2.13.0+957abcb
------------------------------------------------------------

2021-07-21 04:24:20,553 - mmdet - INFO - Distributed training: True
INFO:mmdet:Distributed training: True
2021-07-21 04:24:21,096 - mmdet - INFO - Config:
model = dict(
    type='TwoStageDetectorAdaptive',
    pretrained='open-mmlab://detectron2/resnet50_caffe',
    backbone=dict(
        type='ResNet',
        depth=50,
        num_stages=4,
        out_indices=(0, 1, 2, 3),
        frozen_stages=1,
        norm_cfg=dict(type='BN', requires_grad=False),
        norm_eval=True,
        style='caffe'),
    neck=dict(
        type='FPN',
        in_channels=[256, 512, 1024, 2048],
        out_channels=256,
        num_outs=5),
    rpn_head=dict(
        type='RPNHead',
        in_channels=256,
        feat_channels=256,
        anchor_generator=dict(
            type='AnchorGenerator',
            scales=[8],
            ratios=[0.5, 1.0, 2.0],
            strides=[4, 8, 16, 32, 64]),
        bbox_coder=dict(
            type='DeltaXYWHBBoxCoder',
            target_means=[0.0, 0.0, 0.0, 0.0],
            target_stds=[1.0, 1.0, 1.0, 1.0]),
        loss_cls=dict(
            type='CrossEntropyLoss', use_sigmoid=True, loss_weight=1.0),
        loss_bbox=dict(type='L1Loss', loss_weight=1.0)),
    roi_head=dict(
        type='StandardRoIHeadAdaptive',
        bbox_roi_extractor=dict(
            type='SingleRoIExtractor',
            roi_layer=dict(type='RoIAlign', output_size=7, sampling_ratio=0),
            out_channels=256,
            featmap_strides=[4, 8, 16, 32]),
        bbox_head=dict(
            type='Shared2FCBBoxHeadAdaptive',
            in_channels=256,
            fc_out_channels=1024,
            roi_feat_size=7,
            num_classes=1,
            bbox_coder=dict(
                type='DeltaXYWHBBoxCoder',
                target_means=[0.0, 0.0, 0.0, 0.0],
                target_stds=[0.1, 0.1, 0.2, 0.2]),
            reg_class_agnostic=False,
            loss_cls=dict(
                type='CrossEntropyLoss', use_sigmoid=False, loss_weight=1.0),
            loss_bbox=dict(type='L1Loss', loss_weight=1.0))),
    train_cfg=dict(
        loss_weight_da=1.0,
        loss_weight_da_roi=0,
        loss_weight_da_rcnn=0.1,
        loss_weight_da_intra=1000.0,
        loss_weight_da_inter=0,
        rpn=dict(
            assigner=dict(
                type='MaxIoUAssigner',
                pos_iou_thr=0.7,
                neg_iou_thr=0.3,
                min_pos_iou=0.3,
                match_low_quality=True,
                ignore_iof_thr=-1),
            sampler=dict(
                type='RandomSampler',
                num=256,
                pos_fraction=0.5,
                neg_pos_ub=-1,
                add_gt_as_proposals=False),
            allowed_border=-1,
            pos_weight=-1,
            debug=False),
        rpn_proposal=dict(
            nms_pre=2000,
            max_per_img=1000,
            nms=dict(type='nms', iou_threshold=0.7),
            min_bbox_size=0),
        rcnn=dict(
            assigner=dict(
                type='MaxIoUAssigner',
                pos_iou_thr=0.5,
                neg_iou_thr=0.5,
                min_pos_iou=0.5,
                match_low_quality=False,
                ignore_iof_thr=-1),
            sampler=dict(
                type='RandomSampler',
                num=512,
                pos_fraction=0.25,
                neg_pos_ub=-1,
                add_gt_as_proposals=True),
            pos_weight=-1,
            debug=False)),
    test_cfg=dict(
        rpn=dict(
            nms_pre=1000,
            max_per_img=1000,
            nms=dict(type='nms', iou_threshold=0.7),
            min_bbox_size=0),
        rcnn=dict(
            score_thr=0.05,
            nms=dict(type='nms', iou_threshold=0.5),
            max_per_img=100)))
dataset_type = 'CocoDataset'
data_root_src = 'data/PIROPO/'
data_root_tgt = 'data/MW-18Mar/'
classes = ('person', )
img_norm_cfg = dict(
    mean=[103.53, 116.28, 123.675], std=[1.0, 1.0, 1.0], to_rgb=False)
train_pipeline_src = [
    dict(type='LoadImageFromFile'),
    dict(type='LoadAnnotations', with_bbox=True),
    dict(type='Resize', img_scale=(800, 800), keep_ratio=True),
    dict(type='RandomFlip', flip_ratio=0.5),
    dict(
        type='Normalize',
        mean=[103.53, 116.28, 123.675],
        std=[1.0, 1.0, 1.0],
        to_rgb=False),
    dict(type='Pad', size_divisor=32),
    dict(type='DefaultFormatBundle'),
    dict(type='Collect', keys=['img', 'gt_bboxes', 'gt_labels'])
]
train_pipeline_tgt = [
    dict(type='LoadImageFromFile'),
    dict(type='LoadAnnotations', with_bbox=True),
    dict(type='Resize', img_scale=(800, 800), keep_ratio=True),
    dict(type='RandomFlip', flip_ratio=0.5),
    dict(
        type='Albu',
        transforms=[
            dict(
                type='ShiftScaleRotate',
                shift_limit=0.0,
                scale_limit=0.0,
                rotate_limit=180,
                interpolation=1,
                p=1.0)
        ],
        bbox_params=dict(
            type='BboxParams',
            format='pascal_voc',
            label_fields=['gt_labels'],
            min_visibility=0.0,
            filter_lost_elements=True),
        keymap=dict(img='image', gt_masks='masks', gt_bboxes='bboxes'),
        update_pad_shape=False,
        skip_img_without_anno=False),
    dict(
        type='Normalize',
        mean=[103.53, 116.28, 123.675],
        std=[1.0, 1.0, 1.0],
        to_rgb=False),
    dict(type='Pad', size_divisor=32),
    dict(type='DefaultFormatBundle'),
    dict(type='Collect', keys=['img', 'gt_bboxes', 'gt_labels'])
]
test_pipeline = [
    dict(type='LoadImageFromFile'),
    dict(
        type='MultiScaleFlipAug',
        img_scale=(1333, 800),
        flip=False,
        transforms=[
            dict(type='Resize', keep_ratio=True),
            dict(type='RandomFlip'),
            dict(
                type='Normalize',
                mean=[103.53, 116.28, 123.675],
                std=[1.0, 1.0, 1.0],
                to_rgb=False),
            dict(type='Pad', size_divisor=32),
            dict(type='ImageToTensor', keys=['img']),
            dict(type='Collect', keys=['img'])
        ])
]
data = dict(
    samples_per_gpu=2,
    workers_per_gpu=2,
    train_src=dict(
        type='CocoDataset',
        ann_file='/data/COCO/annotations/person_train2017.json',
        img_prefix='/data/COCO/train2017',
        pipeline=[
            dict(type='LoadImageFromFile'),
            dict(type='LoadAnnotations', with_bbox=True),
            dict(type='Resize', img_scale=(800, 800), keep_ratio=True),
            dict(type='RandomFlip', flip_ratio=0.5),
            dict(
                type='Normalize',
                mean=[103.53, 116.28, 123.675],
                std=[1.0, 1.0, 1.0],
                to_rgb=False),
            dict(type='Pad', size_divisor=32),
            dict(type='DefaultFormatBundle'),
            dict(type='Collect', keys=['img', 'gt_bboxes', 'gt_labels'])
        ],
        classes=('person', )),
    train_tgt=dict(
        type='CocoDataset',
        ann_file='/data/PIROPO/omni_training_100a.json',
        img_prefix='None',
        pipeline=[
            dict(type='LoadImageFromFile'),
            dict(type='LoadAnnotations', with_bbox=True),
            dict(type='Resize', img_scale=(800, 800), keep_ratio=True),
            dict(type='RandomFlip', flip_ratio=0.5),
            dict(
                type='Albu',
                transforms=[
                    dict(
                        type='ShiftScaleRotate',
                        shift_limit=0.0,
                        scale_limit=0.0,
                        rotate_limit=180,
                        interpolation=1,
                        p=1.0)
                ],
                bbox_params=dict(
                    type='BboxParams',
                    format='pascal_voc',
                    label_fields=['gt_labels'],
                    min_visibility=0.0,
                    filter_lost_elements=True),
                keymap=dict(img='image', gt_masks='masks', gt_bboxes='bboxes'),
                update_pad_shape=False,
                skip_img_without_anno=False),
            dict(
                type='Normalize',
                mean=[103.53, 116.28, 123.675],
                std=[1.0, 1.0, 1.0],
                to_rgb=False),
            dict(type='Pad', size_divisor=32),
            dict(type='DefaultFormatBundle'),
            dict(type='Collect', keys=['img', 'gt_bboxes', 'gt_labels'])
        ],
        classes=('person', )),
    val=dict(
        type='CocoDataset',
        ann_file='/data/PIROPO/omni_test2.json',
        img_prefix='None',
        pipeline=[
            dict(type='LoadImageFromFile'),
            dict(
                type='MultiScaleFlipAug',
                img_scale=(1333, 800),
                flip=False,
                transforms=[
                    dict(type='Resize', keep_ratio=True),
                    dict(type='RandomFlip'),
                    dict(
                        type='Normalize',
                        mean=[103.53, 116.28, 123.675],
                        std=[1.0, 1.0, 1.0],
                        to_rgb=False),
                    dict(type='Pad', size_divisor=32),
                    dict(type='ImageToTensor', keys=['img']),
                    dict(type='Collect', keys=['img'])
                ])
        ],
        classes=('person', )),
    test=dict(
        type='CocoDataset',
        ann_file='data/MW-18Mar/test.json',
        img_prefix='data/MW-18Mar/',
        pipeline=[
            dict(type='LoadImageFromFile'),
            dict(
                type='MultiScaleFlipAug',
                img_scale=(1333, 800),
                flip=False,
                transforms=[
                    dict(type='Resize', keep_ratio=True),
                    dict(type='RandomFlip'),
                    dict(
                        type='Normalize',
                        mean=[103.53, 116.28, 123.675],
                        std=[1.0, 1.0, 1.0],
                        to_rgb=False),
                    dict(type='Pad', size_divisor=32),
                    dict(type='ImageToTensor', keys=['img']),
                    dict(type='Collect', keys=['img'])
                ])
        ],
        classes=('person', )))
evaluation = dict(interval=7, metric='bbox')
optimizer = dict(type='SGD', lr=0.001, momentum=0.9, weight_decay=0.0001)
optimizer_config = dict(grad_clip=None)
lr_config = dict(policy='step', warmup=None, step=[200])
runner = dict(type='IterBasedRunnerAdaptive', max_iters=140)
checkpoint_config = dict(interval=200)
log_config = dict(interval=1, hooks=[dict(type='TextLoggerHook')])
custom_hooks = [dict(type='NumClassCheckHook')]
dist_params = dict(backend='nccl')
log_level = 'INFO'
load_from = 'mmdetection/checkpoints/faster_rcnn_r50_fpn_1x_coco-person_20201216_175929-d022e227.pth'
resume_from = None
workflow = [('train', 1)]
work_dir = 'work_dirs/GPA/tuning/coco_piropo_100a_da_rcnn01_intra1000_inter0_euclidean_nostep_iter'
gpu_ids = range(0, 8)

INFO:mmdet:Config:
model = dict(
    type='TwoStageDetectorAdaptive',
    pretrained='open-mmlab://detectron2/resnet50_caffe',
    backbone=dict(
        type='ResNet',
        depth=50,
        num_stages=4,
        out_indices=(0, 1, 2, 3),
        frozen_stages=1,
        norm_cfg=dict(type='BN', requires_grad=False),
        norm_eval=True,
        style='caffe'),
    neck=dict(
        type='FPN',
        in_channels=[256, 512, 1024, 2048],
        out_channels=256,
        num_outs=5),
    rpn_head=dict(
        type='RPNHead',
        in_channels=256,
        feat_channels=256,
        anchor_generator=dict(
            type='AnchorGenerator',
            scales=[8],
            ratios=[0.5, 1.0, 2.0],
            strides=[4, 8, 16, 32, 64]),
        bbox_coder=dict(
            type='DeltaXYWHBBoxCoder',
            target_means=[0.0, 0.0, 0.0, 0.0],
            target_stds=[1.0, 1.0, 1.0, 1.0]),
        loss_cls=dict(
            type='CrossEntropyLoss', use_sigmoid=True, loss_weight=1.0),
        loss_bbox=dict(type='L1Loss', loss_weight=1.0)),
    roi_head=dict(
        type='StandardRoIHeadAdaptive',
        bbox_roi_extractor=dict(
            type='SingleRoIExtractor',
            roi_layer=dict(type='RoIAlign', output_size=7, sampling_ratio=0),
            out_channels=256,
            featmap_strides=[4, 8, 16, 32]),
        bbox_head=dict(
            type='Shared2FCBBoxHeadAdaptive',
            in_channels=256,
            fc_out_channels=1024,
            roi_feat_size=7,
            num_classes=1,
            bbox_coder=dict(
                type='DeltaXYWHBBoxCoder',
                target_means=[0.0, 0.0, 0.0, 0.0],
                target_stds=[0.1, 0.1, 0.2, 0.2]),
            reg_class_agnostic=False,
            loss_cls=dict(
                type='CrossEntropyLoss', use_sigmoid=False, loss_weight=1.0),
            loss_bbox=dict(type='L1Loss', loss_weight=1.0))),
    train_cfg=dict(
        loss_weight_da=1.0,
        loss_weight_da_roi=0,
        loss_weight_da_rcnn=0.1,
        loss_weight_da_intra=1000.0,
        loss_weight_da_inter=0,
        rpn=dict(
            assigner=dict(
                type='MaxIoUAssigner',
                pos_iou_thr=0.7,
                neg_iou_thr=0.3,
                min_pos_iou=0.3,
                match_low_quality=True,
                ignore_iof_thr=-1),
            sampler=dict(
                type='RandomSampler',
                num=256,
                pos_fraction=0.5,
                neg_pos_ub=-1,
                add_gt_as_proposals=False),
            allowed_border=-1,
            pos_weight=-1,
            debug=False),
        rpn_proposal=dict(
            nms_pre=2000,
            max_per_img=1000,
            nms=dict(type='nms', iou_threshold=0.7),
            min_bbox_size=0),
        rcnn=dict(
            assigner=dict(
                type='MaxIoUAssigner',
                pos_iou_thr=0.5,
                neg_iou_thr=0.5,
                min_pos_iou=0.5,
                match_low_quality=False,
                ignore_iof_thr=-1),
            sampler=dict(
                type='RandomSampler',
                num=512,
                pos_fraction=0.25,
                neg_pos_ub=-1,
                add_gt_as_proposals=True),
            pos_weight=-1,
            debug=False)),
    test_cfg=dict(
        rpn=dict(
            nms_pre=1000,
            max_per_img=1000,
            nms=dict(type='nms', iou_threshold=0.7),
            min_bbox_size=0),
        rcnn=dict(
            score_thr=0.05,
            nms=dict(type='nms', iou_threshold=0.5),
            max_per_img=100)))
dataset_type = 'CocoDataset'
data_root_src = 'data/PIROPO/'
data_root_tgt = 'data/MW-18Mar/'
classes = ('person', )
img_norm_cfg = dict(
    mean=[103.53, 116.28, 123.675], std=[1.0, 1.0, 1.0], to_rgb=False)
train_pipeline_src = [
    dict(type='LoadImageFromFile'),
    dict(type='LoadAnnotations', with_bbox=True),
    dict(type='Resize', img_scale=(800, 800), keep_ratio=True),
    dict(type='RandomFlip', flip_ratio=0.5),
    dict(
        type='Normalize',
        mean=[103.53, 116.28, 123.675],
        std=[1.0, 1.0, 1.0],
        to_rgb=False),
    dict(type='Pad', size_divisor=32),
    dict(type='DefaultFormatBundle'),
    dict(type='Collect', keys=['img', 'gt_bboxes', 'gt_labels'])
]
train_pipeline_tgt = [
    dict(type='LoadImageFromFile'),
    dict(type='LoadAnnotations', with_bbox=True),
    dict(type='Resize', img_scale=(800, 800), keep_ratio=True),
    dict(type='RandomFlip', flip_ratio=0.5),
    dict(
        type='Albu',
        transforms=[
            dict(
                type='ShiftScaleRotate',
                shift_limit=0.0,
                scale_limit=0.0,
                rotate_limit=180,
                interpolation=1,
                p=1.0)
        ],
        bbox_params=dict(
            type='BboxParams',
            format='pascal_voc',
            label_fields=['gt_labels'],
            min_visibility=0.0,
            filter_lost_elements=True),
        keymap=dict(img='image', gt_masks='masks', gt_bboxes='bboxes'),
        update_pad_shape=False,
        skip_img_without_anno=False),
    dict(
        type='Normalize',
        mean=[103.53, 116.28, 123.675],
        std=[1.0, 1.0, 1.0],
        to_rgb=False),
    dict(type='Pad', size_divisor=32),
    dict(type='DefaultFormatBundle'),
    dict(type='Collect', keys=['img', 'gt_bboxes', 'gt_labels'])
]
test_pipeline = [
    dict(type='LoadImageFromFile'),
    dict(
        type='MultiScaleFlipAug',
        img_scale=(1333, 800),
        flip=False,
        transforms=[
            dict(type='Resize', keep_ratio=True),
            dict(type='RandomFlip'),
            dict(
                type='Normalize',
                mean=[103.53, 116.28, 123.675],
                std=[1.0, 1.0, 1.0],
                to_rgb=False),
            dict(type='Pad', size_divisor=32),
            dict(type='ImageToTensor', keys=['img']),
            dict(type='Collect', keys=['img'])
        ])
]
data = dict(
    samples_per_gpu=2,
    workers_per_gpu=2,
    train_src=dict(
        type='CocoDataset',
        ann_file='/data/COCO/annotations/person_train2017.json',
        img_prefix='/data/COCO/train2017',
        pipeline=[
            dict(type='LoadImageFromFile'),
            dict(type='LoadAnnotations', with_bbox=True),
            dict(type='Resize', img_scale=(800, 800), keep_ratio=True),
            dict(type='RandomFlip', flip_ratio=0.5),
            dict(
                type='Normalize',
                mean=[103.53, 116.28, 123.675],
                std=[1.0, 1.0, 1.0],
                to_rgb=False),
            dict(type='Pad', size_divisor=32),
            dict(type='DefaultFormatBundle'),
            dict(type='Collect', keys=['img', 'gt_bboxes', 'gt_labels'])
        ],
        classes=('person', )),
    train_tgt=dict(
        type='CocoDataset',
        ann_file='/data/PIROPO/omni_training_100a.json',
        img_prefix='None',
        pipeline=[
            dict(type='LoadImageFromFile'),
            dict(type='LoadAnnotations', with_bbox=True),
            dict(type='Resize', img_scale=(800, 800), keep_ratio=True),
            dict(type='RandomFlip', flip_ratio=0.5),
            dict(
                type='Albu',
                transforms=[
                    dict(
                        type='ShiftScaleRotate',
                        shift_limit=0.0,
                        scale_limit=0.0,
                        rotate_limit=180,
                        interpolation=1,
                        p=1.0)
                ],
                bbox_params=dict(
                    type='BboxParams',
                    format='pascal_voc',
                    label_fields=['gt_labels'],
                    min_visibility=0.0,
                    filter_lost_elements=True),
                keymap=dict(img='image', gt_masks='masks', gt_bboxes='bboxes'),
                update_pad_shape=False,
                skip_img_without_anno=False),
            dict(
                type='Normalize',
                mean=[103.53, 116.28, 123.675],
                std=[1.0, 1.0, 1.0],
                to_rgb=False),
            dict(type='Pad', size_divisor=32),
            dict(type='DefaultFormatBundle'),
            dict(type='Collect', keys=['img', 'gt_bboxes', 'gt_labels'])
        ],
        classes=('person', )),
    val=dict(
        type='CocoDataset',
        ann_file='/data/PIROPO/omni_test2.json',
        img_prefix='None',
        pipeline=[
            dict(type='LoadImageFromFile'),
            dict(
                type='MultiScaleFlipAug',
                img_scale=(1333, 800),
                flip=False,
                transforms=[
                    dict(type='Resize', keep_ratio=True),
                    dict(type='RandomFlip'),
                    dict(
                        type='Normalize',
                        mean=[103.53, 116.28, 123.675],
                        std=[1.0, 1.0, 1.0],
                        to_rgb=False),
                    dict(type='Pad', size_divisor=32),
                    dict(type='ImageToTensor', keys=['img']),
                    dict(type='Collect', keys=['img'])
                ])
        ],
        classes=('person', )),
    test=dict(
        type='CocoDataset',
        ann_file='data/MW-18Mar/test.json',
        img_prefix='data/MW-18Mar/',
        pipeline=[
            dict(type='LoadImageFromFile'),
            dict(
                type='MultiScaleFlipAug',
                img_scale=(1333, 800),
                flip=False,
                transforms=[
                    dict(type='Resize', keep_ratio=True),
                    dict(type='RandomFlip'),
                    dict(
                        type='Normalize',
                        mean=[103.53, 116.28, 123.675],
                        std=[1.0, 1.0, 1.0],
                        to_rgb=False),
                    dict(type='Pad', size_divisor=32),
                    dict(type='ImageToTensor', keys=['img']),
                    dict(type='Collect', keys=['img'])
                ])
        ],
        classes=('person', )))
evaluation = dict(interval=7, metric='bbox')
optimizer = dict(type='SGD', lr=0.001, momentum=0.9, weight_decay=0.0001)
optimizer_config = dict(grad_clip=None)
lr_config = dict(policy='step', warmup=None, step=[200])
runner = dict(type='IterBasedRunnerAdaptive', max_iters=140)
checkpoint_config = dict(interval=200)
log_config = dict(interval=1, hooks=[dict(type='TextLoggerHook')])
custom_hooks = [dict(type='NumClassCheckHook')]
dist_params = dict(backend='nccl')
log_level = 'INFO'
load_from = 'mmdetection/checkpoints/faster_rcnn_r50_fpn_1x_coco-person_20201216_175929-d022e227.pth'
resume_from = None
workflow = [('train', 1)]
work_dir = 'work_dirs/GPA/tuning/coco_piropo_100a_da_rcnn01_intra1000_inter0_euclidean_nostep_iter'
gpu_ids = range(0, 8)

/home/thaddaus/MasterthesisCode/mmdetection/mmdet/models/detectors/two_stage_adaptive.py:29: UserWarning: DeprecationWarning: pretrained is deprecated, please use "init_cfg" instead
  warnings.warn('DeprecationWarning: pretrained is deprecated, '
/home/thaddaus/MasterthesisCode/mmdetection/mmdet/models/backbones/resnet.py:400: UserWarning: DeprecationWarning: pretrained is deprecated, please use "init_cfg" instead
  warnings.warn('DeprecationWarning: pretrained is deprecated, '
/home/thaddaus/MasterthesisCode/mmdetection/mmdet/models/detectors/two_stage_adaptive.py:29: UserWarning: DeprecationWarning: pretrained is deprecated, please use "init_cfg" instead
  warnings.warn('DeprecationWarning: pretrained is deprecated, '
/home/thaddaus/MasterthesisCode/mmdetection/mmdet/models/backbones/resnet.py:400: UserWarning: DeprecationWarning: pretrained is deprecated, please use "init_cfg" instead
  warnings.warn('DeprecationWarning: pretrained is deprecated, '
/home/thaddaus/MasterthesisCode/mmdetection/mmdet/models/detectors/two_stage_adaptive.py:29: UserWarning: DeprecationWarning: pretrained is deprecated, please use "init_cfg" instead
  warnings.warn('DeprecationWarning: pretrained is deprecated, '
/home/thaddaus/MasterthesisCode/mmdetection/mmdet/models/backbones/resnet.py:400: UserWarning: DeprecationWarning: pretrained is deprecated, please use "init_cfg" instead
  warnings.warn('DeprecationWarning: pretrained is deprecated, '
/home/thaddaus/MasterthesisCode/mmdetection/mmdet/models/detectors/two_stage_adaptive.py:29: UserWarning: DeprecationWarning: pretrained is deprecated, please use "init_cfg" instead
  warnings.warn('DeprecationWarning: pretrained is deprecated, '
/home/thaddaus/MasterthesisCode/mmdetection/mmdet/models/backbones/resnet.py:400: UserWarning: DeprecationWarning: pretrained is deprecated, please use "init_cfg" instead
  warnings.warn('DeprecationWarning: pretrained is deprecated, '
/home/thaddaus/MasterthesisCode/mmdetection/mmdet/models/detectors/two_stage_adaptive.py:29: UserWarning: DeprecationWarning: pretrained is deprecated, please use "init_cfg" instead
  warnings.warn('DeprecationWarning: pretrained is deprecated, '
/home/thaddaus/MasterthesisCode/mmdetection/mmdet/models/backbones/resnet.py:400: UserWarning: DeprecationWarning: pretrained is deprecated, please use "init_cfg" instead
  warnings.warn('DeprecationWarning: pretrained is deprecated, '
/home/thaddaus/MasterthesisCode/mmdetection/mmdet/models/detectors/two_stage_adaptive.py:29: UserWarning: DeprecationWarning: pretrained is deprecated, please use "init_cfg" instead
  warnings.warn('DeprecationWarning: pretrained is deprecated, '
/home/thaddaus/MasterthesisCode/mmdetection/mmdet/models/backbones/resnet.py:400: UserWarning: DeprecationWarning: pretrained is deprecated, please use "init_cfg" instead
  warnings.warn('DeprecationWarning: pretrained is deprecated, '
/home/thaddaus/MasterthesisCode/mmdetection/mmdet/models/detectors/two_stage_adaptive.py:29: UserWarning: DeprecationWarning: pretrained is deprecated, please use "init_cfg" instead
  warnings.warn('DeprecationWarning: pretrained is deprecated, '
/home/thaddaus/MasterthesisCode/mmdetection/mmdet/models/backbones/resnet.py:400: UserWarning: DeprecationWarning: pretrained is deprecated, please use "init_cfg" instead
  warnings.warn('DeprecationWarning: pretrained is deprecated, '
/home/thaddaus/MasterthesisCode/mmdetection/mmdet/models/detectors/two_stage_adaptive.py:29: UserWarning: DeprecationWarning: pretrained is deprecated, please use "init_cfg" instead
  warnings.warn('DeprecationWarning: pretrained is deprecated, '
/home/thaddaus/MasterthesisCode/mmdetection/mmdet/models/backbones/resnet.py:400: UserWarning: DeprecationWarning: pretrained is deprecated, please use "init_cfg" instead
  warnings.warn('DeprecationWarning: pretrained is deprecated, '
2021-07-21 04:24:21,495 - mmcv - INFO - load model from: open-mmlab://detectron2/resnet50_caffe
INFO:mmcv:load model from: open-mmlab://detectron2/resnet50_caffe
2021-07-21 04:24:21,495 - mmcv - INFO - Use load_from_openmmlab loader
INFO:mmcv:Use load_from_openmmlab loader
2021-07-21 04:24:27,730 - mmcv - WARNING - The model and loaded state dict do not match exactly

unexpected key in source state_dict: conv1.bias

WARNING:mmcv:The model and loaded state dict do not match exactly

unexpected key in source state_dict: conv1.bias

/home/thaddaus/anaconda3/envs/open-mmlab/lib/python3.9/site-packages/mmcv/cnn/utils/weight_init.py:118: UserWarning: init_cfg without layer key, if you do not define override key either, this init_cfg will do nothing
  warnings.warn(
/home/thaddaus/anaconda3/envs/open-mmlab/lib/python3.9/site-packages/mmcv/cnn/utils/weight_init.py:118: UserWarning: init_cfg without layer key, if you do not define override key either, this init_cfg will do nothing
  warnings.warn(
/home/thaddaus/anaconda3/envs/open-mmlab/lib/python3.9/site-packages/mmcv/cnn/utils/weight_init.py:118: UserWarning: init_cfg without layer key, if you do not define override key either, this init_cfg will do nothing
  warnings.warn(
/home/thaddaus/anaconda3/envs/open-mmlab/lib/python3.9/site-packages/mmcv/cnn/utils/weight_init.py:118: UserWarning: init_cfg without layer key, if you do not define override key either, this init_cfg will do nothing
  warnings.warn(
/home/thaddaus/anaconda3/envs/open-mmlab/lib/python3.9/site-packages/mmcv/cnn/utils/weight_init.py:118: UserWarning: init_cfg without layer key, if you do not define override key either, this init_cfg will do nothing
  warnings.warn(
/home/thaddaus/anaconda3/envs/open-mmlab/lib/python3.9/site-packages/mmcv/cnn/utils/weight_init.py:118: UserWarning: init_cfg without layer key, if you do not define override key either, this init_cfg will do nothing
  warnings.warn(
/home/thaddaus/anaconda3/envs/open-mmlab/lib/python3.9/site-packages/mmcv/cnn/utils/weight_init.py:118: UserWarning: init_cfg without layer key, if you do not define override key either, this init_cfg will do nothing
  warnings.warn(
/home/thaddaus/anaconda3/envs/open-mmlab/lib/python3.9/site-packages/mmcv/cnn/utils/weight_init.py:118: UserWarning: init_cfg without layer key, if you do not define override key either, this init_cfg will do nothing
  warnings.warn(
loading annotations into memory...loading annotations into memory...

loading annotations into memory...
loading annotations into memory...
loading annotations into memory...
loading annotations into memory...
loading annotations into memory...
loading annotations into memory...
Done (t=6.00s)
creating index...
Done (t=6.08s)
creating index...
Done (t=6.27s)
creating index...
Done (t=6.27s)
creating index...
index created!
index created!
index created!
index created!
Done (t=6.67s)
creating index...
Done (t=6.73s)
creating index...
loading annotations into memory...
Done (t=0.02s)
creating index...
index created!
loading annotations into memory...
Done (t=0.02s)
creating index...
index created!
index created!
Done (t=7.13s)
creating index...
Done (t=6.99s)
creating index...
index created!
loading annotations into memory...
Done (t=0.02s)
creating index...
index created!
loading annotations into memory...
Done (t=0.02s)
creating index...
index created!
index created!
index created!
loading annotations into memory...
Done (t=0.02s)
creating index...
index created!
loading annotations into memory...
Done (t=0.02s)
creating index...
index created!
loading annotations into memory...
loading annotations into memory...
Done (t=0.07s)
creating index...
index created!
Done (t=0.03s)
creating index...
index created!
loading annotations into memory...
loading annotations into memory...
loading annotations into memory...
loading annotations into memory...
loading annotations into memory...
Done (t=0.00s)
creating index...
loading annotations into memory...Done (t=0.00s)

creating index...
Done (t=0.00s)
creating index...
index created!
index created!
index created!
loading annotations into memory...
Done (t=0.00s)
creating index...
2021-07-21 04:24:37,714 - mmdet - INFO - load checkpoint from mmdetection/checkpoints/faster_rcnn_r50_fpn_1x_coco-person_20201216_175929-d022e227.pth
index created!
INFO:mmdet:load checkpoint from mmdetection/checkpoints/faster_rcnn_r50_fpn_1x_coco-person_20201216_175929-d022e227.pth
2021-07-21 04:24:37,714 - mmdet - INFO - Use load_from_local loader
INFO:mmdet:Use load_from_local loader
Done (t=0.00s)
creating index...
Done (t=0.00s)
creating index...
index created!
index created!
Done (t=0.00s)
creating index...
index created!
loading annotations into memory...
Done (t=0.00s)
creating index...
index created!
2021-07-21 04:24:38,087 - mmdet - WARNING - The model and loaded state dict do not match exactly

missing keys in source state_dict: da_fc_roi.weight, da_fc_roi.bias, da_fc_rcnn.weight, da_fc_rcnn.bias

WARNING:mmdet:The model and loaded state dict do not match exactly

missing keys in source state_dict: da_fc_roi.weight, da_fc_roi.bias, da_fc_rcnn.weight, da_fc_rcnn.bias

2021-07-21 04:24:38,098 - mmdet - INFO - Start running, host: thaddaus@wu02, work_dir: /home/thaddaus/MasterthesisCode/work_dirs/GPA/tuning/coco_piropo_100a_da_rcnn01_intra1000_inter0_euclidean_nostep_iter
INFO:mmdet:Start running, host: thaddaus@wu02, work_dir: /home/thaddaus/MasterthesisCode/work_dirs/GPA/tuning/coco_piropo_100a_da_rcnn01_intra1000_inter0_euclidean_nostep_iter
2021-07-21 04:24:38,099 - mmdet - INFO - workflow: [('train', 1)], max: 140 iters
INFO:mmdet:workflow: [('train', 1)], max: 140 iters
2021-07-21 04:25:08,494 - mmdet - INFO - Iter [1/140]	lr: 1.000e-03, eta: 0:18:17, time: 7.893, data_time: 4.656, memory: 3100, loss_rpn_cls: 0.0659, loss_rpn_bbox: 0.0074, loss_cls: 0.1155, acc: 97.7173, loss_bbox: 0.0753, roi_loss_intra: 0.0000, roi_loss_inter: 0.0000, rcnn_loss_intra: 37.4699, rcnn_loss_inter: 0.0000, loss: 37.7339
INFO:mmdet:Iter [1/140]	lr: 1.000e-03, eta: 0:18:17, time: 7.893, data_time: 4.656, memory: 3100, loss_rpn_cls: 0.0659, loss_rpn_bbox: 0.0074, loss_cls: 0.1155, acc: 97.7173, loss_bbox: 0.0753, roi_loss_intra: 0.0000, roi_loss_inter: 0.0000, rcnn_loss_intra: 37.4699, rcnn_loss_inter: 0.0000, loss: 37.7339
2021-07-21 04:25:08,510 - mmcv - INFO - Reducer buckets have been rebuilt in this iteration.
INFO:mmcv:Reducer buckets have been rebuilt in this iteration.
2021-07-21 04:25:10,844 - mmdet - INFO - Iter [2/140]	lr: 1.000e-03, eta: 0:11:47, time: 2.355, data_time: 0.480, memory: 3100, loss_rpn_cls: 0.0235, loss_rpn_bbox: 0.0085, loss_cls: 0.1296, acc: 95.5933, loss_bbox: 0.0921, roi_loss_intra: 0.0000, roi_loss_inter: 0.0000, rcnn_loss_intra: 23.2280, rcnn_loss_inter: 0.0000, loss: 23.4818
INFO:mmdet:Iter [2/140]	lr: 1.000e-03, eta: 0:11:47, time: 2.355, data_time: 0.480, memory: 3100, loss_rpn_cls: 0.0235, loss_rpn_bbox: 0.0085, loss_cls: 0.1296, acc: 95.5933, loss_bbox: 0.0921, roi_loss_intra: 0.0000, roi_loss_inter: 0.0000, rcnn_loss_intra: 23.2280, rcnn_loss_inter: 0.0000, loss: 23.4818
2021-07-21 04:25:12,892 - mmdet - INFO - Iter [3/140]	lr: 1.000e-03, eta: 0:09:19, time: 2.001, data_time: 0.479, memory: 3222, loss_rpn_cls: 0.0727, loss_rpn_bbox: 0.0068, loss_cls: 0.0440, acc: 99.1821, loss_bbox: 0.0310, roi_loss_intra: 0.0000, roi_loss_inter: 0.0000, rcnn_loss_intra: 20.7504, rcnn_loss_inter: 0.0000, loss: 20.9047
INFO:mmdet:Iter [3/140]	lr: 1.000e-03, eta: 0:09:19, time: 2.001, data_time: 0.479, memory: 3222, loss_rpn_cls: 0.0727, loss_rpn_bbox: 0.0068, loss_cls: 0.0440, acc: 99.1821, loss_bbox: 0.0310, roi_loss_intra: 0.0000, roi_loss_inter: 0.0000, rcnn_loss_intra: 20.7504, rcnn_loss_inter: 0.0000, loss: 20.9047
2021-07-21 04:25:15,005 - mmdet - INFO - Iter [4/140]	lr: 1.000e-03, eta: 0:08:11, time: 2.210, data_time: 0.522, memory: 3375, loss_rpn_cls: 2.4430, loss_rpn_bbox: 0.0764, loss_cls: 0.0575, acc: 99.5361, loss_bbox: 0.0274, roi_loss_intra: 0.0000, roi_loss_inter: 0.0000, rcnn_loss_intra: 337.3396, rcnn_loss_inter: 0.0000, loss: 339.9439
INFO:mmdet:Iter [4/140]	lr: 1.000e-03, eta: 0:08:11, time: 2.210, data_time: 0.522, memory: 3375, loss_rpn_cls: 2.4430, loss_rpn_bbox: 0.0764, loss_cls: 0.0575, acc: 99.5361, loss_bbox: 0.0274, roi_loss_intra: 0.0000, roi_loss_inter: 0.0000, rcnn_loss_intra: 337.3396, rcnn_loss_inter: 0.0000, loss: 339.9439
2021-07-21 04:25:17,063 - mmdet - INFO - Iter [5/140]	lr: 1.000e-03, eta: 0:07:28, time: 2.157, data_time: 0.422, memory: 3375, loss_rpn_cls: 101237.7109, loss_rpn_bbox: 2303.3008, loss_cls: 14784.8730, acc: 99.8047, loss_bbox: 669.1276, roi_loss_intra: 0.0000, roi_loss_inter: 0.0000, rcnn_loss_intra: 131521856.0000, rcnn_loss_inter: 0.0000, loss: 131640848.0000
INFO:mmdet:Iter [5/140]	lr: 1.000e-03, eta: 0:07:28, time: 2.157, data_time: 0.422, memory: 3375, loss_rpn_cls: 101237.7109, loss_rpn_bbox: 2303.3008, loss_cls: 14784.8730, acc: 99.8047, loss_bbox: 669.1276, roi_loss_intra: 0.0000, roi_loss_inter: 0.0000, rcnn_loss_intra: 131521856.0000, rcnn_loss_inter: 0.0000, loss: 131640848.0000
2021-07-21 04:25:19,073 - mmdet - INFO - Iter [6/140]	lr: 1.000e-03, eta: 0:06:54, time: 1.959, data_time: 0.328, memory: 3375, loss_rpn_cls: nan, loss_rpn_bbox: nan, loss_cls: nan, acc: 0.1953, loss_bbox: nan, roi_loss_intra: nan, roi_loss_inter: nan, rcnn_loss_intra: nan, rcnn_loss_inter: nan, loss: nan
INFO:mmdet:Iter [6/140]	lr: 1.000e-03, eta: 0:06:54, time: 1.959, data_time: 0.328, memory: 3375, loss_rpn_cls: nan, loss_rpn_bbox: nan, loss_cls: nan, acc: 0.1953, loss_bbox: nan, roi_loss_intra: nan, roi_loss_inter: nan, rcnn_loss_intra: nan, rcnn_loss_inter: nan, loss: nan
2021-07-21 04:25:21,177 - mmdet - INFO - Iter [7/140]	lr: 1.000e-03, eta: 0:06:32, time: 2.082, data_time: 0.376, memory: 3375, loss_rpn_cls: nan, loss_rpn_bbox: nan, loss_cls: nan, acc: 0.1953, loss_bbox: nan, roi_loss_intra: nan, roi_loss_inter: nan, rcnn_loss_intra: nan, rcnn_loss_inter: nan, loss: nan
INFO:mmdet:Iter [7/140]	lr: 1.000e-03, eta: 0:06:32, time: 2.082, data_time: 0.376, memory: 3375, loss_rpn_cls: nan, loss_rpn_bbox: nan, loss_cls: nan, acc: 0.1953, loss_bbox: nan, roi_loss_intra: nan, roi_loss_inter: nan, rcnn_loss_intra: nan, rcnn_loss_inter: nan, loss: nan
2021-07-21 04:25:29,594 - mmdet - INFO - Iter [8/140]	lr: 1.000e-03, eta: 0:07:59, time: 8.381, data_time: 5.257, memory: 3375, loss_rpn_cls: nan, loss_rpn_bbox: nan, loss_cls: nan, acc: 0.1953, loss_bbox: nan, roi_loss_intra: nan, roi_loss_inter: nan, rcnn_loss_intra: nan, rcnn_loss_inter: nan, loss: nan
INFO:mmdet:Iter [8/140]	lr: 1.000e-03, eta: 0:07:59, time: 8.381, data_time: 5.257, memory: 3375, loss_rpn_cls: nan, loss_rpn_bbox: nan, loss_cls: nan, acc: 0.1953, loss_bbox: nan, roi_loss_intra: nan, roi_loss_inter: nan, rcnn_loss_intra: nan, rcnn_loss_inter: nan, loss: nan
2021-07-21 04:25:31,474 - mmdet - INFO - Iter [9/140]	lr: 1.000e-03, eta: 0:07:30, time: 1.899, data_time: 0.455, memory: 3375, loss_rpn_cls: nan, loss_rpn_bbox: nan, loss_cls: nan, acc: 0.1953, loss_bbox: nan, roi_loss_intra: nan, roi_loss_inter: nan, rcnn_loss_intra: nan, rcnn_loss_inter: nan, loss: nan
INFO:mmdet:Iter [9/140]	lr: 1.000e-03, eta: 0:07:30, time: 1.899, data_time: 0.455, memory: 3375, loss_rpn_cls: nan, loss_rpn_bbox: nan, loss_cls: nan, acc: 0.1953, loss_bbox: nan, roi_loss_intra: nan, roi_loss_inter: nan, rcnn_loss_intra: nan, rcnn_loss_inter: nan, loss: nan
2021-07-21 04:25:33,439 - mmdet - INFO - Iter [10/140]	lr: 1.000e-03, eta: 0:07:08, time: 2.029, data_time: 0.420, memory: 3375, loss_rpn_cls: nan, loss_rpn_bbox: nan, loss_cls: nan, acc: 0.1953, loss_bbox: nan, roi_loss_intra: nan, roi_loss_inter: nan, rcnn_loss_intra: nan, rcnn_loss_inter: nan, loss: nan
INFO:mmdet:Iter [10/140]	lr: 1.000e-03, eta: 0:07:08, time: 2.029, data_time: 0.420, memory: 3375, loss_rpn_cls: nan, loss_rpn_bbox: nan, loss_cls: nan, acc: 0.1953, loss_bbox: nan, roi_loss_intra: nan, roi_loss_inter: nan, rcnn_loss_intra: nan, rcnn_loss_inter: nan, loss: nan
2021-07-21 04:25:35,378 - mmdet - INFO - Iter [11/140]	lr: 1.000e-03, eta: 0:06:48, time: 1.835, data_time: 0.357, memory: 3375, loss_rpn_cls: nan, loss_rpn_bbox: nan, loss_cls: nan, acc: 0.1953, loss_bbox: nan, roi_loss_intra: nan, roi_loss_inter: nan, rcnn_loss_intra: nan, rcnn_loss_inter: nan, loss: nan
INFO:mmdet:Iter [11/140]	lr: 1.000e-03, eta: 0:06:48, time: 1.835, data_time: 0.357, memory: 3375, loss_rpn_cls: nan, loss_rpn_bbox: nan, loss_cls: nan, acc: 0.1953, loss_bbox: nan, roi_loss_intra: nan, roi_loss_inter: nan, rcnn_loss_intra: nan, rcnn_loss_inter: nan, loss: nan
2021-07-21 04:25:37,129 - mmdet - INFO - Iter [12/140]	lr: 1.000e-03, eta: 0:06:30, time: 1.803, data_time: 0.455, memory: 3375, loss_rpn_cls: nan, loss_rpn_bbox: nan, loss_cls: nan, acc: 0.1953, loss_bbox: nan, roi_loss_intra: nan, roi_loss_inter: nan, rcnn_loss_intra: nan, rcnn_loss_inter: nan, loss: nan
INFO:mmdet:Iter [12/140]	lr: 1.000e-03, eta: 0:06:30, time: 1.803, data_time: 0.455, memory: 3375, loss_rpn_cls: nan, loss_rpn_bbox: nan, loss_cls: nan, acc: 0.1953, loss_bbox: nan, roi_loss_intra: nan, roi_loss_inter: nan, rcnn_loss_intra: nan, rcnn_loss_inter: nan, loss: nan
2021-07-21 04:25:39,028 - mmdet - INFO - Iter [13/140]	lr: 1.000e-03, eta: 0:06:16, time: 1.920, data_time: 0.406, memory: 3375, loss_rpn_cls: nan, loss_rpn_bbox: nan, loss_cls: nan, acc: 0.1953, loss_bbox: nan, roi_loss_intra: nan, roi_loss_inter: nan, rcnn_loss_intra: nan, rcnn_loss_inter: nan, loss: nan
INFO:mmdet:Iter [13/140]	lr: 1.000e-03, eta: 0:06:16, time: 1.920, data_time: 0.406, memory: 3375, loss_rpn_cls: nan, loss_rpn_bbox: nan, loss_cls: nan, acc: 0.1953, loss_bbox: nan, roi_loss_intra: nan, roi_loss_inter: nan, rcnn_loss_intra: nan, rcnn_loss_inter: nan, loss: nan
2021-07-21 04:25:41,270 - mmdet - INFO - Iter [14/140]	lr: 1.000e-03, eta: 0:06:06, time: 2.212, data_time: 0.383, memory: 3375, loss_rpn_cls: nan, loss_rpn_bbox: nan, loss_cls: nan, acc: 0.1953, loss_bbox: nan, roi_loss_intra: nan, roi_loss_inter: nan, rcnn_loss_intra: nan, rcnn_loss_inter: nan, loss: nan
INFO:mmdet:Iter [14/140]	lr: 1.000e-03, eta: 0:06:06, time: 2.212, data_time: 0.383, memory: 3375, loss_rpn_cls: nan, loss_rpn_bbox: nan, loss_cls: nan, acc: 0.1953, loss_bbox: nan, roi_loss_intra: nan, roi_loss_inter: nan, rcnn_loss_intra: nan, rcnn_loss_inter: nan, loss: nan
2021-07-21 04:25:50,154 - mmdet - INFO - Iter [15/140]	lr: 1.000e-03, eta: 0:06:53, time: 8.867, data_time: 7.762, memory: 3375, loss_rpn_cls: nan, loss_rpn_bbox: nan, loss_cls: nan, acc: 0.1953, loss_bbox: nan, roi_loss_intra: nan, roi_loss_inter: nan, rcnn_loss_intra: nan, rcnn_loss_inter: nan, loss: nan
INFO:mmdet:Iter [15/140]	lr: 1.000e-03, eta: 0:06:53, time: 8.867, data_time: 7.762, memory: 3375, loss_rpn_cls: nan, loss_rpn_bbox: nan, loss_cls: nan, acc: 0.1953, loss_bbox: nan, roi_loss_intra: nan, roi_loss_inter: nan, rcnn_loss_intra: nan, rcnn_loss_inter: nan, loss: nan
2021-07-21 04:25:52,175 - mmdet - INFO - Iter [16/140]	lr: 1.000e-03, eta: 0:06:40, time: 2.029, data_time: 0.440, memory: 3375, loss_rpn_cls: nan, loss_rpn_bbox: nan, loss_cls: nan, acc: 0.1953, loss_bbox: nan, roi_loss_intra: nan, roi_loss_inter: nan, rcnn_loss_intra: nan, rcnn_loss_inter: nan, loss: nan
INFO:mmdet:Iter [16/140]	lr: 1.000e-03, eta: 0:06:40, time: 2.029, data_time: 0.440, memory: 3375, loss_rpn_cls: nan, loss_rpn_bbox: nan, loss_cls: nan, acc: 0.1953, loss_bbox: nan, roi_loss_intra: nan, roi_loss_inter: nan, rcnn_loss_intra: nan, rcnn_loss_inter: nan, loss: nan
2021-07-21 04:25:54,407 - mmdet - INFO - Iter [17/140]	lr: 1.000e-03, eta: 0:06:29, time: 2.207, data_time: 0.421, memory: 3375, loss_rpn_cls: nan, loss_rpn_bbox: nan, loss_cls: nan, acc: 0.1953, loss_bbox: nan, roi_loss_intra: nan, roi_loss_inter: nan, rcnn_loss_intra: nan, rcnn_loss_inter: nan, loss: nan
INFO:mmdet:Iter [17/140]	lr: 1.000e-03, eta: 0:06:29, time: 2.207, data_time: 0.421, memory: 3375, loss_rpn_cls: nan, loss_rpn_bbox: nan, loss_cls: nan, acc: 0.1953, loss_bbox: nan, roi_loss_intra: nan, roi_loss_inter: nan, rcnn_loss_intra: nan, rcnn_loss_inter: nan, loss: nan
2021-07-21 04:25:56,094 - mmdet - INFO - Iter [18/140]	lr: 1.000e-03, eta: 0:06:16, time: 1.726, data_time: 0.453, memory: 3375, loss_rpn_cls: nan, loss_rpn_bbox: nan, loss_cls: nan, acc: 0.1953, loss_bbox: nan, roi_loss_intra: nan, roi_loss_inter: nan, rcnn_loss_intra: nan, rcnn_loss_inter: nan, loss: nan
INFO:mmdet:Iter [18/140]	lr: 1.000e-03, eta: 0:06:16, time: 1.726, data_time: 0.453, memory: 3375, loss_rpn_cls: nan, loss_rpn_bbox: nan, loss_cls: nan, acc: 0.1953, loss_bbox: nan, roi_loss_intra: nan, roi_loss_inter: nan, rcnn_loss_intra: nan, rcnn_loss_inter: nan, loss: nan
2021-07-21 04:25:58,220 - mmdet - INFO - Iter [19/140]	lr: 1.000e-03, eta: 0:06:07, time: 2.087, data_time: 0.408, memory: 3375, loss_rpn_cls: nan, loss_rpn_bbox: nan, loss_cls: nan, acc: 0.1953, loss_bbox: nan, roi_loss_intra: nan, roi_loss_inter: nan, rcnn_loss_intra: nan, rcnn_loss_inter: nan, loss: nan
INFO:mmdet:Iter [19/140]	lr: 1.000e-03, eta: 0:06:07, time: 2.087, data_time: 0.408, memory: 3375, loss_rpn_cls: nan, loss_rpn_bbox: nan, loss_cls: nan, acc: 0.1953, loss_bbox: nan, roi_loss_intra: nan, roi_loss_inter: nan, rcnn_loss_intra: nan, rcnn_loss_inter: nan, loss: nan
2021-07-21 04:26:00,215 - mmdet - INFO - Iter [20/140]	lr: 1.000e-03, eta: 0:05:58, time: 2.079, data_time: 0.447, memory: 3375, loss_rpn_cls: nan, loss_rpn_bbox: nan, loss_cls: nan, acc: 0.1953, loss_bbox: nan, roi_loss_intra: nan, roi_loss_inter: nan, rcnn_loss_intra: nan, rcnn_loss_inter: nan, loss: nan
INFO:mmdet:Iter [20/140]	lr: 1.000e-03, eta: 0:05:58, time: 2.079, data_time: 0.447, memory: 3375, loss_rpn_cls: nan, loss_rpn_bbox: nan, loss_cls: nan, acc: 0.1953, loss_bbox: nan, roi_loss_intra: nan, roi_loss_inter: nan, rcnn_loss_intra: nan, rcnn_loss_inter: nan, loss: nan
2021-07-21 04:26:02,383 - mmdet - INFO - Iter [21/140]	lr: 1.000e-03, eta: 0:05:50, time: 2.103, data_time: 0.363, memory: 3375, loss_rpn_cls: nan, loss_rpn_bbox: nan, loss_cls: nan, acc: 0.1953, loss_bbox: nan, roi_loss_intra: nan, roi_loss_inter: nan, rcnn_loss_intra: nan, rcnn_loss_inter: nan, loss: nan
INFO:mmdet:Iter [21/140]	lr: 1.000e-03, eta: 0:05:50, time: 2.103, data_time: 0.363, memory: 3375, loss_rpn_cls: nan, loss_rpn_bbox: nan, loss_cls: nan, acc: 0.1953, loss_bbox: nan, roi_loss_intra: nan, roi_loss_inter: nan, rcnn_loss_intra: nan, rcnn_loss_inter: nan, loss: nan
2021-07-21 04:26:11,446 - mmdet - INFO - Iter [22/140]	lr: 1.000e-03, eta: 0:06:20, time: 9.079, data_time: 7.282, memory: 3375, loss_rpn_cls: nan, loss_rpn_bbox: nan, loss_cls: nan, acc: 0.1953, loss_bbox: nan, roi_loss_intra: nan, roi_loss_inter: nan, rcnn_loss_intra: nan, rcnn_loss_inter: nan, loss: nan
INFO:mmdet:Iter [22/140]	lr: 1.000e-03, eta: 0:06:20, time: 9.079, data_time: 7.282, memory: 3375, loss_rpn_cls: nan, loss_rpn_bbox: nan, loss_cls: nan, acc: 0.1953, loss_bbox: nan, roi_loss_intra: nan, roi_loss_inter: nan, rcnn_loss_intra: nan, rcnn_loss_inter: nan, loss: nan
2021-07-21 04:26:13,622 - mmdet - INFO - Iter [23/140]	lr: 1.000e-03, eta: 0:06:11, time: 2.120, data_time: 0.415, memory: 3375, loss_rpn_cls: nan, loss_rpn_bbox: nan, loss_cls: nan, acc: 0.1953, loss_bbox: nan, roi_loss_intra: nan, roi_loss_inter: nan, rcnn_loss_intra: nan, rcnn_loss_inter: nan, loss: nan
INFO:mmdet:Iter [23/140]	lr: 1.000e-03, eta: 0:06:11, time: 2.120, data_time: 0.415, memory: 3375, loss_rpn_cls: nan, loss_rpn_bbox: nan, loss_cls: nan, acc: 0.1953, loss_bbox: nan, roi_loss_intra: nan, roi_loss_inter: nan, rcnn_loss_intra: nan, rcnn_loss_inter: nan, loss: nan
2021-07-21 04:26:15,661 - mmdet - INFO - Iter [24/140]	lr: 1.000e-03, eta: 0:06:02, time: 2.070, data_time: 0.477, memory: 3375, loss_rpn_cls: nan, loss_rpn_bbox: nan, loss_cls: nan, acc: 0.1953, loss_bbox: nan, roi_loss_intra: nan, roi_loss_inter: nan, rcnn_loss_intra: nan, rcnn_loss_inter: nan, loss: nan
INFO:mmdet:Iter [24/140]	lr: 1.000e-03, eta: 0:06:02, time: 2.070, data_time: 0.477, memory: 3375, loss_rpn_cls: nan, loss_rpn_bbox: nan, loss_cls: nan, acc: 0.1953, loss_bbox: nan, roi_loss_intra: nan, roi_loss_inter: nan, rcnn_loss_intra: nan, rcnn_loss_inter: nan, loss: nan
2021-07-21 04:26:17,477 - mmdet - INFO - Iter [25/140]	lr: 1.000e-03, eta: 0:05:54, time: 1.859, data_time: 0.441, memory: 3375, loss_rpn_cls: nan, loss_rpn_bbox: nan, loss_cls: nan, acc: 0.1953, loss_bbox: nan, roi_loss_intra: nan, roi_loss_inter: nan, rcnn_loss_intra: nan, rcnn_loss_inter: nan, loss: nan
INFO:mmdet:Iter [25/140]	lr: 1.000e-03, eta: 0:05:54, time: 1.859, data_time: 0.441, memory: 3375, loss_rpn_cls: nan, loss_rpn_bbox: nan, loss_cls: nan, acc: 0.1953, loss_bbox: nan, roi_loss_intra: nan, roi_loss_inter: nan, rcnn_loss_intra: nan, rcnn_loss_inter: nan, loss: nan
2021-07-21 04:26:19,554 - mmdet - INFO - Iter [26/140]	lr: 1.000e-03, eta: 0:05:46, time: 2.111, data_time: 0.390, memory: 3375, loss_rpn_cls: nan, loss_rpn_bbox: nan, loss_cls: nan, acc: 0.1953, loss_bbox: nan, roi_loss_intra: nan, roi_loss_inter: nan, rcnn_loss_intra: nan, rcnn_loss_inter: nan, loss: nan
INFO:mmdet:Iter [26/140]	lr: 1.000e-03, eta: 0:05:46, time: 2.111, data_time: 0.390, memory: 3375, loss_rpn_cls: nan, loss_rpn_bbox: nan, loss_cls: nan, acc: 0.1953, loss_bbox: nan, roi_loss_intra: nan, roi_loss_inter: nan, rcnn_loss_intra: nan, rcnn_loss_inter: nan, loss: nan
2021-07-21 04:26:21,621 - mmdet - INFO - Iter [27/140]	lr: 1.000e-03, eta: 0:05:39, time: 2.005, data_time: 0.374, memory: 3375, loss_rpn_cls: nan, loss_rpn_bbox: nan, loss_cls: nan, acc: 0.1953, loss_bbox: nan, roi_loss_intra: nan, roi_loss_inter: nan, rcnn_loss_intra: nan, rcnn_loss_inter: nan, loss: nan
INFO:mmdet:Iter [27/140]	lr: 1.000e-03, eta: 0:05:39, time: 2.005, data_time: 0.374, memory: 3375, loss_rpn_cls: nan, loss_rpn_bbox: nan, loss_cls: nan, acc: 0.1953, loss_bbox: nan, roi_loss_intra: nan, roi_loss_inter: nan, rcnn_loss_intra: nan, rcnn_loss_inter: nan, loss: nan
2021-07-21 04:26:23,703 - mmdet - INFO - Iter [28/140]	lr: 1.000e-03, eta: 0:05:32, time: 2.107, data_time: 0.424, memory: 3375, loss_rpn_cls: nan, loss_rpn_bbox: nan, loss_cls: nan, acc: 0.1953, loss_bbox: nan, roi_loss_intra: nan, roi_loss_inter: nan, rcnn_loss_intra: nan, rcnn_loss_inter: nan, loss: nan
INFO:mmdet:Iter [28/140]	lr: 1.000e-03, eta: 0:05:32, time: 2.107, data_time: 0.424, memory: 3375, loss_rpn_cls: nan, loss_rpn_bbox: nan, loss_cls: nan, acc: 0.1953, loss_bbox: nan, roi_loss_intra: nan, roi_loss_inter: nan, rcnn_loss_intra: nan, rcnn_loss_inter: nan, loss: nan
2021-07-21 04:26:32,536 - mmdet - INFO - Iter [29/140]	lr: 1.000e-03, eta: 0:05:52, time: 8.826, data_time: 5.401, memory: 3375, loss_rpn_cls: nan, loss_rpn_bbox: nan, loss_cls: nan, acc: 0.1953, loss_bbox: nan, roi_loss_intra: nan, roi_loss_inter: nan, rcnn_loss_intra: nan, rcnn_loss_inter: nan, loss: nan
INFO:mmdet:Iter [29/140]	lr: 1.000e-03, eta: 0:05:52, time: 8.826, data_time: 5.401, memory: 3375, loss_rpn_cls: nan, loss_rpn_bbox: nan, loss_cls: nan, acc: 0.1953, loss_bbox: nan, roi_loss_intra: nan, roi_loss_inter: nan, rcnn_loss_intra: nan, rcnn_loss_inter: nan, loss: nan
2021-07-21 04:26:34,297 - mmdet - INFO - Iter [30/140]	lr: 1.000e-03, eta: 0:05:43, time: 1.728, data_time: 0.413, memory: 3375, loss_rpn_cls: nan, loss_rpn_bbox: nan, loss_cls: nan, acc: 0.1953, loss_bbox: nan, roi_loss_intra: nan, roi_loss_inter: nan, rcnn_loss_intra: nan, rcnn_loss_inter: nan, loss: nan
INFO:mmdet:Iter [30/140]	lr: 1.000e-03, eta: 0:05:43, time: 1.728, data_time: 0.413, memory: 3375, loss_rpn_cls: nan, loss_rpn_bbox: nan, loss_cls: nan, acc: 0.1953, loss_bbox: nan, roi_loss_intra: nan, roi_loss_inter: nan, rcnn_loss_intra: nan, rcnn_loss_inter: nan, loss: nan
2021-07-21 04:26:36,494 - mmdet - INFO - Iter [31/140]	lr: 1.000e-03, eta: 0:05:37, time: 2.171, data_time: 0.437, memory: 3375, loss_rpn_cls: nan, loss_rpn_bbox: nan, loss_cls: nan, acc: 0.1953, loss_bbox: nan, roi_loss_intra: nan, roi_loss_inter: nan, rcnn_loss_intra: nan, rcnn_loss_inter: nan, loss: nan
INFO:mmdet:Iter [31/140]	lr: 1.000e-03, eta: 0:05:37, time: 2.171, data_time: 0.437, memory: 3375, loss_rpn_cls: nan, loss_rpn_bbox: nan, loss_cls: nan, acc: 0.1953, loss_bbox: nan, roi_loss_intra: nan, roi_loss_inter: nan, rcnn_loss_intra: nan, rcnn_loss_inter: nan, loss: nan
2021-07-21 04:26:38,297 - mmdet - INFO - Iter [32/140]	lr: 1.000e-03, eta: 0:05:30, time: 1.878, data_time: 0.464, memory: 3375, loss_rpn_cls: nan, loss_rpn_bbox: nan, loss_cls: nan, acc: 0.1953, loss_bbox: nan, roi_loss_intra: nan, roi_loss_inter: nan, rcnn_loss_intra: nan, rcnn_loss_inter: nan, loss: nan
INFO:mmdet:Iter [32/140]	lr: 1.000e-03, eta: 0:05:30, time: 1.878, data_time: 0.464, memory: 3375, loss_rpn_cls: nan, loss_rpn_bbox: nan, loss_cls: nan, acc: 0.1953, loss_bbox: nan, roi_loss_intra: nan, roi_loss_inter: nan, rcnn_loss_intra: nan, rcnn_loss_inter: nan, loss: nan
2021-07-21 04:26:40,465 - mmdet - INFO - Iter [33/140]	lr: 1.000e-03, eta: 0:05:23, time: 2.135, data_time: 0.386, memory: 3375, loss_rpn_cls: nan, loss_rpn_bbox: nan, loss_cls: nan, acc: 0.1953, loss_bbox: nan, roi_loss_intra: nan, roi_loss_inter: nan, rcnn_loss_intra: nan, rcnn_loss_inter: nan, loss: nan
INFO:mmdet:Iter [33/140]	lr: 1.000e-03, eta: 0:05:23, time: 2.135, data_time: 0.386, memory: 3375, loss_rpn_cls: nan, loss_rpn_bbox: nan, loss_cls: nan, acc: 0.1953, loss_bbox: nan, roi_loss_intra: nan, roi_loss_inter: nan, rcnn_loss_intra: nan, rcnn_loss_inter: nan, loss: nan
2021-07-21 04:26:42,675 - mmdet - INFO - Iter [34/140]	lr: 1.000e-03, eta: 0:05:18, time: 2.215, data_time: 0.427, memory: 3375, loss_rpn_cls: nan, loss_rpn_bbox: nan, loss_cls: nan, acc: 0.1953, loss_bbox: nan, roi_loss_intra: nan, roi_loss_inter: nan, rcnn_loss_intra: nan, rcnn_loss_inter: nan, loss: nan
INFO:mmdet:Iter [34/140]	lr: 1.000e-03, eta: 0:05:18, time: 2.215, data_time: 0.427, memory: 3375, loss_rpn_cls: nan, loss_rpn_bbox: nan, loss_cls: nan, acc: 0.1953, loss_bbox: nan, roi_loss_intra: nan, roi_loss_inter: nan, rcnn_loss_intra: nan, rcnn_loss_inter: nan, loss: nan
2021-07-21 04:26:44,660 - mmdet - INFO - Iter [35/140]	lr: 1.000e-03, eta: 0:05:12, time: 2.010, data_time: 0.416, memory: 3375, loss_rpn_cls: nan, loss_rpn_bbox: nan, loss_cls: nan, acc: 0.1953, loss_bbox: nan, roi_loss_intra: nan, roi_loss_inter: nan, rcnn_loss_intra: nan, rcnn_loss_inter: nan, loss: nan
INFO:mmdet:Iter [35/140]	lr: 1.000e-03, eta: 0:05:12, time: 2.010, data_time: 0.416, memory: 3375, loss_rpn_cls: nan, loss_rpn_bbox: nan, loss_cls: nan, acc: 0.1953, loss_bbox: nan, roi_loss_intra: nan, roi_loss_inter: nan, rcnn_loss_intra: nan, rcnn_loss_inter: nan, loss: nan
2021-07-21 04:26:53,368 - mmdet - INFO - Iter [36/140]	lr: 1.000e-03, eta: 0:05:26, time: 8.747, data_time: 7.161, memory: 3375, loss_rpn_cls: nan, loss_rpn_bbox: nan, loss_cls: nan, acc: 0.1953, loss_bbox: nan, roi_loss_intra: nan, roi_loss_inter: nan, rcnn_loss_intra: nan, rcnn_loss_inter: nan, loss: nan
INFO:mmdet:Iter [36/140]	lr: 1.000e-03, eta: 0:05:26, time: 8.747, data_time: 7.161, memory: 3375, loss_rpn_cls: nan, loss_rpn_bbox: nan, loss_cls: nan, acc: 0.1953, loss_bbox: nan, roi_loss_intra: nan, roi_loss_inter: nan, rcnn_loss_intra: nan, rcnn_loss_inter: nan, loss: nan
2021-07-21 04:26:55,370 - mmdet - INFO - Iter [37/140]	lr: 1.000e-03, eta: 0:05:19, time: 1.944, data_time: 0.362, memory: 3375, loss_rpn_cls: nan, loss_rpn_bbox: nan, loss_cls: nan, acc: 0.1953, loss_bbox: nan, roi_loss_intra: nan, roi_loss_inter: nan, rcnn_loss_intra: nan, rcnn_loss_inter: nan, loss: nan
INFO:mmdet:Iter [37/140]	lr: 1.000e-03, eta: 0:05:19, time: 1.944, data_time: 0.362, memory: 3375, loss_rpn_cls: nan, loss_rpn_bbox: nan, loss_cls: nan, acc: 0.1953, loss_bbox: nan, roi_loss_intra: nan, roi_loss_inter: nan, rcnn_loss_intra: nan, rcnn_loss_inter: nan, loss: nan
2021-07-21 04:26:57,516 - mmdet - INFO - Iter [38/140]	lr: 1.000e-03, eta: 0:05:13, time: 2.130, data_time: 0.406, memory: 3375, loss_rpn_cls: nan, loss_rpn_bbox: nan, loss_cls: nan, acc: 0.1953, loss_bbox: nan, roi_loss_intra: nan, roi_loss_inter: nan, rcnn_loss_intra: nan, rcnn_loss_inter: nan, loss: nan
INFO:mmdet:Iter [38/140]	lr: 1.000e-03, eta: 0:05:13, time: 2.130, data_time: 0.406, memory: 3375, loss_rpn_cls: nan, loss_rpn_bbox: nan, loss_cls: nan, acc: 0.1953, loss_bbox: nan, roi_loss_intra: nan, roi_loss_inter: nan, rcnn_loss_intra: nan, rcnn_loss_inter: nan, loss: nan
2021-07-21 04:26:59,493 - mmdet - INFO - Iter [39/140]	lr: 1.000e-03, eta: 0:05:08, time: 2.008, data_time: 0.438, memory: 3375, loss_rpn_cls: nan, loss_rpn_bbox: nan, loss_cls: nan, acc: 0.1953, loss_bbox: nan, roi_loss_intra: nan, roi_loss_inter: nan, rcnn_loss_intra: nan, rcnn_loss_inter: nan, loss: nan
INFO:mmdet:Iter [39/140]	lr: 1.000e-03, eta: 0:05:08, time: 2.008, data_time: 0.438, memory: 3375, loss_rpn_cls: nan, loss_rpn_bbox: nan, loss_cls: nan, acc: 0.1953, loss_bbox: nan, roi_loss_intra: nan, roi_loss_inter: nan, rcnn_loss_intra: nan, rcnn_loss_inter: nan, loss: nan
2021-07-21 04:27:01,803 - mmdet - INFO - Iter [40/140]	lr: 1.000e-03, eta: 0:05:03, time: 2.229, data_time: 0.395, memory: 3375, loss_rpn_cls: nan, loss_rpn_bbox: nan, loss_cls: nan, acc: 0.1953, loss_bbox: nan, roi_loss_intra: nan, roi_loss_inter: nan, rcnn_loss_intra: nan, rcnn_loss_inter: nan, loss: nan
INFO:mmdet:Iter [40/140]	lr: 1.000e-03, eta: 0:05:03, time: 2.229, data_time: 0.395, memory: 3375, loss_rpn_cls: nan, loss_rpn_bbox: nan, loss_cls: nan, acc: 0.1953, loss_bbox: nan, roi_loss_intra: nan, roi_loss_inter: nan, rcnn_loss_intra: nan, rcnn_loss_inter: nan, loss: nan
2021-07-21 04:27:03,658 - mmdet - INFO - Iter [41/140]	lr: 1.000e-03, eta: 0:04:57, time: 1.891, data_time: 0.480, memory: 3375, loss_rpn_cls: nan, loss_rpn_bbox: nan, loss_cls: nan, acc: 0.1953, loss_bbox: nan, roi_loss_intra: nan, roi_loss_inter: nan, rcnn_loss_intra: nan, rcnn_loss_inter: nan, loss: nan
INFO:mmdet:Iter [41/140]	lr: 1.000e-03, eta: 0:04:57, time: 1.891, data_time: 0.480, memory: 3375, loss_rpn_cls: nan, loss_rpn_bbox: nan, loss_cls: nan, acc: 0.1953, loss_bbox: nan, roi_loss_intra: nan, roi_loss_inter: nan, rcnn_loss_intra: nan, rcnn_loss_inter: nan, loss: nan
2021-07-21 04:27:05,705 - mmdet - INFO - Iter [42/140]	lr: 1.000e-03, eta: 0:04:52, time: 2.048, data_time: 0.441, memory: 3375, loss_rpn_cls: nan, loss_rpn_bbox: nan, loss_cls: nan, acc: 0.1953, loss_bbox: nan, roi_loss_intra: nan, roi_loss_inter: nan, rcnn_loss_intra: nan, rcnn_loss_inter: nan, loss: nan
INFO:mmdet:Iter [42/140]	lr: 1.000e-03, eta: 0:04:52, time: 2.048, data_time: 0.441, memory: 3375, loss_rpn_cls: nan, loss_rpn_bbox: nan, loss_cls: nan, acc: 0.1953, loss_bbox: nan, roi_loss_intra: nan, roi_loss_inter: nan, rcnn_loss_intra: nan, rcnn_loss_inter: nan, loss: nan
2021-07-21 04:27:15,435 - mmdet - INFO - Iter [43/140]	lr: 1.000e-03, eta: 0:05:04, time: 9.747, data_time: 8.099, memory: 3375, loss_rpn_cls: nan, loss_rpn_bbox: nan, loss_cls: nan, acc: 0.1953, loss_bbox: nan, roi_loss_intra: nan, roi_loss_inter: nan, rcnn_loss_intra: nan, rcnn_loss_inter: nan, loss: nan
INFO:mmdet:Iter [43/140]	lr: 1.000e-03, eta: 0:05:04, time: 9.747, data_time: 8.099, memory: 3375, loss_rpn_cls: nan, loss_rpn_bbox: nan, loss_cls: nan, acc: 0.1953, loss_bbox: nan, roi_loss_intra: nan, roi_loss_inter: nan, rcnn_loss_intra: nan, rcnn_loss_inter: nan, loss: nan
2021-07-21 04:27:17,165 - mmdet - INFO - Iter [44/140]	lr: 1.000e-03, eta: 0:04:58, time: 1.789, data_time: 0.420, memory: 3375, loss_rpn_cls: nan, loss_rpn_bbox: nan, loss_cls: nan, acc: 0.1953, loss_bbox: nan, roi_loss_intra: nan, roi_loss_inter: nan, rcnn_loss_intra: nan, rcnn_loss_inter: nan, loss: nan
INFO:mmdet:Iter [44/140]	lr: 1.000e-03, eta: 0:04:58, time: 1.789, data_time: 0.420, memory: 3375, loss_rpn_cls: nan, loss_rpn_bbox: nan, loss_cls: nan, acc: 0.1953, loss_bbox: nan, roi_loss_intra: nan, roi_loss_inter: nan, rcnn_loss_intra: nan, rcnn_loss_inter: nan, loss: nan
2021-07-21 04:27:19,255 - mmdet - INFO - Iter [45/140]	lr: 1.000e-03, eta: 0:04:52, time: 2.035, data_time: 0.363, memory: 3375, loss_rpn_cls: nan, loss_rpn_bbox: nan, loss_cls: nan, acc: 0.1953, loss_bbox: nan, roi_loss_intra: nan, roi_loss_inter: nan, rcnn_loss_intra: nan, rcnn_loss_inter: nan, loss: nan
INFO:mmdet:Iter [45/140]	lr: 1.000e-03, eta: 0:04:52, time: 2.035, data_time: 0.363, memory: 3375, loss_rpn_cls: nan, loss_rpn_bbox: nan, loss_cls: nan, acc: 0.1953, loss_bbox: nan, roi_loss_intra: nan, roi_loss_inter: nan, rcnn_loss_intra: nan, rcnn_loss_inter: nan, loss: nan
2021-07-21 04:27:21,217 - mmdet - INFO - Iter [46/140]	lr: 1.000e-03, eta: 0:04:47, time: 1.956, data_time: 0.418, memory: 3375, loss_rpn_cls: nan, loss_rpn_bbox: nan, loss_cls: nan, acc: 0.1953, loss_bbox: nan, roi_loss_intra: nan, roi_loss_inter: nan, rcnn_loss_intra: nan, rcnn_loss_inter: nan, loss: nan
INFO:mmdet:Iter [46/140]	lr: 1.000e-03, eta: 0:04:47, time: 1.956, data_time: 0.418, memory: 3375, loss_rpn_cls: nan, loss_rpn_bbox: nan, loss_cls: nan, acc: 0.1953, loss_bbox: nan, roi_loss_intra: nan, roi_loss_inter: nan, rcnn_loss_intra: nan, rcnn_loss_inter: nan, loss: nan
2021-07-21 04:27:23,223 - mmdet - INFO - Iter [47/140]	lr: 1.000e-03, eta: 0:04:42, time: 2.000, data_time: 0.428, memory: 3375, loss_rpn_cls: nan, loss_rpn_bbox: nan, loss_cls: nan, acc: 0.1953, loss_bbox: nan, roi_loss_intra: nan, roi_loss_inter: nan, rcnn_loss_intra: nan, rcnn_loss_inter: nan, loss: nan
INFO:mmdet:Iter [47/140]	lr: 1.000e-03, eta: 0:04:42, time: 2.000, data_time: 0.428, memory: 3375, loss_rpn_cls: nan, loss_rpn_bbox: nan, loss_cls: nan, acc: 0.1953, loss_bbox: nan, roi_loss_intra: nan, roi_loss_inter: nan, rcnn_loss_intra: nan, rcnn_loss_inter: nan, loss: nan
2021-07-21 04:27:25,295 - mmdet - INFO - Iter [48/140]	lr: 1.000e-03, eta: 0:04:37, time: 2.064, data_time: 0.431, memory: 3375, loss_rpn_cls: nan, loss_rpn_bbox: nan, loss_cls: nan, acc: 0.1953, loss_bbox: nan, roi_loss_intra: nan, roi_loss_inter: nan, rcnn_loss_intra: nan, rcnn_loss_inter: nan, loss: nan
INFO:mmdet:Iter [48/140]	lr: 1.000e-03, eta: 0:04:37, time: 2.064, data_time: 0.431, memory: 3375, loss_rpn_cls: nan, loss_rpn_bbox: nan, loss_cls: nan, acc: 0.1953, loss_bbox: nan, roi_loss_intra: nan, roi_loss_inter: nan, rcnn_loss_intra: nan, rcnn_loss_inter: nan, loss: nan
2021-07-21 04:27:27,188 - mmdet - INFO - Iter [49/140]	lr: 1.000e-03, eta: 0:04:32, time: 1.907, data_time: 0.439, memory: 3375, loss_rpn_cls: nan, loss_rpn_bbox: nan, loss_cls: nan, acc: 0.1953, loss_bbox: nan, roi_loss_intra: nan, roi_loss_inter: nan, rcnn_loss_intra: nan, rcnn_loss_inter: nan, loss: nan
INFO:mmdet:Iter [49/140]	lr: 1.000e-03, eta: 0:04:32, time: 1.907, data_time: 0.439, memory: 3375, loss_rpn_cls: nan, loss_rpn_bbox: nan, loss_cls: nan, acc: 0.1953, loss_bbox: nan, roi_loss_intra: nan, roi_loss_inter: nan, rcnn_loss_intra: nan, rcnn_loss_inter: nan, loss: nan
2021-07-21 04:27:36,294 - mmdet - INFO - Iter [50/140]	lr: 1.000e-03, eta: 0:04:40, time: 9.108, data_time: 7.236, memory: 3375, loss_rpn_cls: nan, loss_rpn_bbox: nan, loss_cls: nan, acc: 0.1953, loss_bbox: nan, roi_loss_intra: nan, roi_loss_inter: nan, rcnn_loss_intra: nan, rcnn_loss_inter: nan, loss: nan
INFO:mmdet:Iter [50/140]	lr: 1.000e-03, eta: 0:04:40, time: 9.108, data_time: 7.236, memory: 3375, loss_rpn_cls: nan, loss_rpn_bbox: nan, loss_cls: nan, acc: 0.1953, loss_bbox: nan, roi_loss_intra: nan, roi_loss_inter: nan, rcnn_loss_intra: nan, rcnn_loss_inter: nan, loss: nan
2021-07-21 04:27:38,063 - mmdet - INFO - Iter [51/140]	lr: 1.000e-03, eta: 0:04:34, time: 1.783, data_time: 0.423, memory: 3375, loss_rpn_cls: nan, loss_rpn_bbox: nan, loss_cls: nan, acc: 0.1953, loss_bbox: nan, roi_loss_intra: nan, roi_loss_inter: nan, rcnn_loss_intra: nan, rcnn_loss_inter: nan, loss: nan
INFO:mmdet:Iter [51/140]	lr: 1.000e-03, eta: 0:04:34, time: 1.783, data_time: 0.423, memory: 3375, loss_rpn_cls: nan, loss_rpn_bbox: nan, loss_cls: nan, acc: 0.1953, loss_bbox: nan, roi_loss_intra: nan, roi_loss_inter: nan, rcnn_loss_intra: nan, rcnn_loss_inter: nan, loss: nan
2021-07-21 04:27:40,131 - mmdet - INFO - Iter [52/140]	lr: 1.000e-03, eta: 0:04:30, time: 2.040, data_time: 0.410, memory: 3375, loss_rpn_cls: nan, loss_rpn_bbox: nan, loss_cls: nan, acc: 0.1953, loss_bbox: nan, roi_loss_intra: nan, roi_loss_inter: nan, rcnn_loss_intra: nan, rcnn_loss_inter: nan, loss: nan
INFO:mmdet:Iter [52/140]	lr: 1.000e-03, eta: 0:04:30, time: 2.040, data_time: 0.410, memory: 3375, loss_rpn_cls: nan, loss_rpn_bbox: nan, loss_cls: nan, acc: 0.1953, loss_bbox: nan, roi_loss_intra: nan, roi_loss_inter: nan, rcnn_loss_intra: nan, rcnn_loss_inter: nan, loss: nan
2021-07-21 04:27:42,043 - mmdet - INFO - Iter [53/140]	lr: 1.000e-03, eta: 0:04:25, time: 1.991, data_time: 0.438, memory: 3375, loss_rpn_cls: nan, loss_rpn_bbox: nan, loss_cls: nan, acc: 0.1953, loss_bbox: nan, roi_loss_intra: nan, roi_loss_inter: nan, rcnn_loss_intra: nan, rcnn_loss_inter: nan, loss: nan
INFO:mmdet:Iter [53/140]	lr: 1.000e-03, eta: 0:04:25, time: 1.991, data_time: 0.438, memory: 3375, loss_rpn_cls: nan, loss_rpn_bbox: nan, loss_cls: nan, acc: 0.1953, loss_bbox: nan, roi_loss_intra: nan, roi_loss_inter: nan, rcnn_loss_intra: nan, rcnn_loss_inter: nan, loss: nan
2021-07-21 04:27:44,204 - mmdet - INFO - Iter [54/140]	lr: 1.000e-03, eta: 0:04:20, time: 2.117, data_time: 0.358, memory: 3375, loss_rpn_cls: nan, loss_rpn_bbox: nan, loss_cls: nan, acc: 0.1953, loss_bbox: nan, roi_loss_intra: nan, roi_loss_inter: nan, rcnn_loss_intra: nan, rcnn_loss_inter: nan, loss: nan
INFO:mmdet:Iter [54/140]	lr: 1.000e-03, eta: 0:04:20, time: 2.117, data_time: 0.358, memory: 3375, loss_rpn_cls: nan, loss_rpn_bbox: nan, loss_cls: nan, acc: 0.1953, loss_bbox: nan, roi_loss_intra: nan, roi_loss_inter: nan, rcnn_loss_intra: nan, rcnn_loss_inter: nan, loss: nan
2021-07-21 04:27:46,239 - mmdet - INFO - Iter [55/140]	lr: 1.000e-03, eta: 0:04:16, time: 2.112, data_time: 0.404, memory: 3375, loss_rpn_cls: nan, loss_rpn_bbox: nan, loss_cls: nan, acc: 0.1953, loss_bbox: nan, roi_loss_intra: nan, roi_loss_inter: nan, rcnn_loss_intra: nan, rcnn_loss_inter: nan, loss: nan
INFO:mmdet:Iter [55/140]	lr: 1.000e-03, eta: 0:04:16, time: 2.112, data_time: 0.404, memory: 3375, loss_rpn_cls: nan, loss_rpn_bbox: nan, loss_cls: nan, acc: 0.1953, loss_bbox: nan, roi_loss_intra: nan, roi_loss_inter: nan, rcnn_loss_intra: nan, rcnn_loss_inter: nan, loss: nan
2021-07-21 04:27:48,475 - mmdet - INFO - Iter [56/140]	lr: 1.000e-03, eta: 0:04:11, time: 2.098, data_time: 0.326, memory: 3375, loss_rpn_cls: nan, loss_rpn_bbox: nan, loss_cls: nan, acc: 0.1953, loss_bbox: nan, roi_loss_intra: nan, roi_loss_inter: nan, rcnn_loss_intra: nan, rcnn_loss_inter: nan, loss: nan
INFO:mmdet:Iter [56/140]	lr: 1.000e-03, eta: 0:04:11, time: 2.098, data_time: 0.326, memory: 3375, loss_rpn_cls: nan, loss_rpn_bbox: nan, loss_cls: nan, acc: 0.1953, loss_bbox: nan, roi_loss_intra: nan, roi_loss_inter: nan, rcnn_loss_intra: nan, rcnn_loss_inter: nan, loss: nan
2021-07-21 04:27:58,111 - mmdet - INFO - Iter [57/140]	lr: 1.000e-03, eta: 0:04:18, time: 9.727, data_time: 8.595, memory: 3375, loss_rpn_cls: nan, loss_rpn_bbox: nan, loss_cls: nan, acc: 0.1953, loss_bbox: nan, roi_loss_intra: nan, roi_loss_inter: nan, rcnn_loss_intra: nan, rcnn_loss_inter: nan, loss: nan
INFO:mmdet:Iter [57/140]	lr: 1.000e-03, eta: 0:04:18, time: 9.727, data_time: 8.595, memory: 3375, loss_rpn_cls: nan, loss_rpn_bbox: nan, loss_cls: nan, acc: 0.1953, loss_bbox: nan, roi_loss_intra: nan, roi_loss_inter: nan, rcnn_loss_intra: nan, rcnn_loss_inter: nan, loss: nan
2021-07-21 04:27:59,997 - mmdet - INFO - Iter [58/140]	lr: 1.000e-03, eta: 0:04:13, time: 1.837, data_time: 0.371, memory: 3375, loss_rpn_cls: nan, loss_rpn_bbox: nan, loss_cls: nan, acc: 0.1953, loss_bbox: nan, roi_loss_intra: nan, roi_loss_inter: nan, rcnn_loss_intra: nan, rcnn_loss_inter: nan, loss: nan
INFO:mmdet:Iter [58/140]	lr: 1.000e-03, eta: 0:04:13, time: 1.837, data_time: 0.371, memory: 3375, loss_rpn_cls: nan, loss_rpn_bbox: nan, loss_cls: nan, acc: 0.1953, loss_bbox: nan, roi_loss_intra: nan, roi_loss_inter: nan, rcnn_loss_intra: nan, rcnn_loss_inter: nan, loss: nan
2021-07-21 04:28:02,081 - mmdet - INFO - Iter [59/140]	lr: 1.000e-03, eta: 0:04:09, time: 2.089, data_time: 0.422, memory: 3375, loss_rpn_cls: nan, loss_rpn_bbox: nan, loss_cls: nan, acc: 0.1953, loss_bbox: nan, roi_loss_intra: nan, roi_loss_inter: nan, rcnn_loss_intra: nan, rcnn_loss_inter: nan, loss: nan
INFO:mmdet:Iter [59/140]	lr: 1.000e-03, eta: 0:04:09, time: 2.089, data_time: 0.422, memory: 3375, loss_rpn_cls: nan, loss_rpn_bbox: nan, loss_cls: nan, acc: 0.1953, loss_bbox: nan, roi_loss_intra: nan, roi_loss_inter: nan, rcnn_loss_intra: nan, rcnn_loss_inter: nan, loss: nan
2021-07-21 04:28:04,127 - mmdet - INFO - Iter [60/140]	lr: 1.000e-03, eta: 0:04:04, time: 2.048, data_time: 0.412, memory: 3375, loss_rpn_cls: nan, loss_rpn_bbox: nan, loss_cls: nan, acc: 0.1953, loss_bbox: nan, roi_loss_intra: nan, roi_loss_inter: nan, rcnn_loss_intra: nan, rcnn_loss_inter: nan, loss: nan
INFO:mmdet:Iter [60/140]	lr: 1.000e-03, eta: 0:04:04, time: 2.048, data_time: 0.412, memory: 3375, loss_rpn_cls: nan, loss_rpn_bbox: nan, loss_cls: nan, acc: 0.1953, loss_bbox: nan, roi_loss_intra: nan, roi_loss_inter: nan, rcnn_loss_intra: nan, rcnn_loss_inter: nan, loss: nan
2021-07-21 04:28:06,136 - mmdet - INFO - Iter [61/140]	lr: 1.000e-03, eta: 0:04:00, time: 1.967, data_time: 0.419, memory: 3375, loss_rpn_cls: nan, loss_rpn_bbox: nan, loss_cls: nan, acc: 0.1953, loss_bbox: nan, roi_loss_intra: nan, roi_loss_inter: nan, rcnn_loss_intra: nan, rcnn_loss_inter: nan, loss: nan
INFO:mmdet:Iter [61/140]	lr: 1.000e-03, eta: 0:04:00, time: 1.967, data_time: 0.419, memory: 3375, loss_rpn_cls: nan, loss_rpn_bbox: nan, loss_cls: nan, acc: 0.1953, loss_bbox: nan, roi_loss_intra: nan, roi_loss_inter: nan, rcnn_loss_intra: nan, rcnn_loss_inter: nan, loss: nan
2021-07-21 04:28:08,000 - mmdet - INFO - Iter [62/140]	lr: 1.000e-03, eta: 0:03:55, time: 1.892, data_time: 0.455, memory: 3375, loss_rpn_cls: nan, loss_rpn_bbox: nan, loss_cls: nan, acc: 0.1953, loss_bbox: nan, roi_loss_intra: nan, roi_loss_inter: nan, rcnn_loss_intra: nan, rcnn_loss_inter: nan, loss: nan
INFO:mmdet:Iter [62/140]	lr: 1.000e-03, eta: 0:03:55, time: 1.892, data_time: 0.455, memory: 3375, loss_rpn_cls: nan, loss_rpn_bbox: nan, loss_cls: nan, acc: 0.1953, loss_bbox: nan, roi_loss_intra: nan, roi_loss_inter: nan, rcnn_loss_intra: nan, rcnn_loss_inter: nan, loss: nan
2021-07-21 04:28:10,192 - mmdet - INFO - Iter [63/140]	lr: 1.000e-03, eta: 0:03:51, time: 2.213, data_time: 0.438, memory: 3375, loss_rpn_cls: nan, loss_rpn_bbox: nan, loss_cls: nan, acc: 0.1953, loss_bbox: nan, roi_loss_intra: nan, roi_loss_inter: nan, rcnn_loss_intra: nan, rcnn_loss_inter: nan, loss: nan
INFO:mmdet:Iter [63/140]	lr: 1.000e-03, eta: 0:03:51, time: 2.213, data_time: 0.438, memory: 3375, loss_rpn_cls: nan, loss_rpn_bbox: nan, loss_cls: nan, acc: 0.1953, loss_bbox: nan, roi_loss_intra: nan, roi_loss_inter: nan, rcnn_loss_intra: nan, rcnn_loss_inter: nan, loss: nan
2021-07-21 04:28:19,652 - mmdet - INFO - Iter [64/140]	lr: 1.000e-03, eta: 0:03:56, time: 9.402, data_time: 7.200, memory: 3375, loss_rpn_cls: nan, loss_rpn_bbox: nan, loss_cls: nan, acc: 0.1953, loss_bbox: nan, roi_loss_intra: nan, roi_loss_inter: nan, rcnn_loss_intra: nan, rcnn_loss_inter: nan, loss: nan
INFO:mmdet:Iter [64/140]	lr: 1.000e-03, eta: 0:03:56, time: 9.402, data_time: 7.200, memory: 3375, loss_rpn_cls: nan, loss_rpn_bbox: nan, loss_cls: nan, acc: 0.1953, loss_bbox: nan, roi_loss_intra: nan, roi_loss_inter: nan, rcnn_loss_intra: nan, rcnn_loss_inter: nan, loss: nan
2021-07-21 04:28:21,771 - mmdet - INFO - Iter [65/140]	lr: 1.000e-03, eta: 0:03:52, time: 2.157, data_time: 0.476, memory: 3375, loss_rpn_cls: nan, loss_rpn_bbox: nan, loss_cls: nan, acc: 0.1953, loss_bbox: nan, roi_loss_intra: nan, roi_loss_inter: nan, rcnn_loss_intra: nan, rcnn_loss_inter: nan, loss: nan
INFO:mmdet:Iter [65/140]	lr: 1.000e-03, eta: 0:03:52, time: 2.157, data_time: 0.476, memory: 3375, loss_rpn_cls: nan, loss_rpn_bbox: nan, loss_cls: nan, acc: 0.1953, loss_bbox: nan, roi_loss_intra: nan, roi_loss_inter: nan, rcnn_loss_intra: nan, rcnn_loss_inter: nan, loss: nan
2021-07-21 04:28:24,059 - mmdet - INFO - Iter [66/140]	lr: 1.000e-03, eta: 0:03:48, time: 2.148, data_time: 0.425, memory: 3375, loss_rpn_cls: nan, loss_rpn_bbox: nan, loss_cls: nan, acc: 0.1953, loss_bbox: nan, roi_loss_intra: nan, roi_loss_inter: nan, rcnn_loss_intra: nan, rcnn_loss_inter: nan, loss: nan
INFO:mmdet:Iter [66/140]	lr: 1.000e-03, eta: 0:03:48, time: 2.148, data_time: 0.425, memory: 3375, loss_rpn_cls: nan, loss_rpn_bbox: nan, loss_cls: nan, acc: 0.1953, loss_bbox: nan, roi_loss_intra: nan, roi_loss_inter: nan, rcnn_loss_intra: nan, rcnn_loss_inter: nan, loss: nan
2021-07-21 04:28:26,168 - mmdet - INFO - Iter [67/140]	lr: 1.000e-03, eta: 0:03:44, time: 2.269, data_time: 0.577, memory: 3375, loss_rpn_cls: nan, loss_rpn_bbox: nan, loss_cls: nan, acc: 0.1953, loss_bbox: nan, roi_loss_intra: nan, roi_loss_inter: nan, rcnn_loss_intra: nan, rcnn_loss_inter: nan, loss: nan
INFO:mmdet:Iter [67/140]	lr: 1.000e-03, eta: 0:03:44, time: 2.269, data_time: 0.577, memory: 3375, loss_rpn_cls: nan, loss_rpn_bbox: nan, loss_cls: nan, acc: 0.1953, loss_bbox: nan, roi_loss_intra: nan, roi_loss_inter: nan, rcnn_loss_intra: nan, rcnn_loss_inter: nan, loss: nan
2021-07-21 04:28:28,243 - mmdet - INFO - Iter [68/140]	lr: 1.000e-03, eta: 0:03:39, time: 2.106, data_time: 0.403, memory: 3375, loss_rpn_cls: nan, loss_rpn_bbox: nan, loss_cls: nan, acc: 0.1953, loss_bbox: nan, roi_loss_intra: nan, roi_loss_inter: nan, rcnn_loss_intra: nan, rcnn_loss_inter: nan, loss: nan
INFO:mmdet:Iter [68/140]	lr: 1.000e-03, eta: 0:03:39, time: 2.106, data_time: 0.403, memory: 3375, loss_rpn_cls: nan, loss_rpn_bbox: nan, loss_cls: nan, acc: 0.1953, loss_bbox: nan, roi_loss_intra: nan, roi_loss_inter: nan, rcnn_loss_intra: nan, rcnn_loss_inter: nan, loss: nan
2021-07-21 04:28:30,143 - mmdet - INFO - Iter [69/140]	lr: 1.000e-03, eta: 0:03:35, time: 1.893, data_time: 0.374, memory: 3375, loss_rpn_cls: nan, loss_rpn_bbox: nan, loss_cls: nan, acc: 0.1953, loss_bbox: nan, roi_loss_intra: nan, roi_loss_inter: nan, rcnn_loss_intra: nan, rcnn_loss_inter: nan, loss: nan
INFO:mmdet:Iter [69/140]	lr: 1.000e-03, eta: 0:03:35, time: 1.893, data_time: 0.374, memory: 3375, loss_rpn_cls: nan, loss_rpn_bbox: nan, loss_cls: nan, acc: 0.1953, loss_bbox: nan, roi_loss_intra: nan, roi_loss_inter: nan, rcnn_loss_intra: nan, rcnn_loss_inter: nan, loss: nan
2021-07-21 04:28:32,290 - mmdet - INFO - Iter [70/140]	lr: 1.000e-03, eta: 0:03:31, time: 2.135, data_time: 0.383, memory: 3375, loss_rpn_cls: nan, loss_rpn_bbox: nan, loss_cls: nan, acc: 0.1953, loss_bbox: nan, roi_loss_intra: nan, roi_loss_inter: nan, rcnn_loss_intra: nan, rcnn_loss_inter: nan, loss: nan
INFO:mmdet:Iter [70/140]	lr: 1.000e-03, eta: 0:03:31, time: 2.135, data_time: 0.383, memory: 3375, loss_rpn_cls: nan, loss_rpn_bbox: nan, loss_cls: nan, acc: 0.1953, loss_bbox: nan, roi_loss_intra: nan, roi_loss_inter: nan, rcnn_loss_intra: nan, rcnn_loss_inter: nan, loss: nan
2021-07-21 04:28:41,019 - mmdet - INFO - Iter [71/140]	lr: 1.000e-03, eta: 0:03:34, time: 8.677, data_time: 7.783, memory: 3375, loss_rpn_cls: nan, loss_rpn_bbox: nan, loss_cls: nan, acc: 0.1953, loss_bbox: nan, roi_loss_intra: nan, roi_loss_inter: nan, rcnn_loss_intra: nan, rcnn_loss_inter: nan, loss: nan
INFO:mmdet:Iter [71/140]	lr: 1.000e-03, eta: 0:03:34, time: 8.677, data_time: 7.783, memory: 3375, loss_rpn_cls: nan, loss_rpn_bbox: nan, loss_cls: nan, acc: 0.1953, loss_bbox: nan, roi_loss_intra: nan, roi_loss_inter: nan, rcnn_loss_intra: nan, rcnn_loss_inter: nan, loss: nan
2021-07-21 04:28:43,023 - mmdet - INFO - Iter [72/140]	lr: 1.000e-03, eta: 0:03:30, time: 2.049, data_time: 0.444, memory: 3375, loss_rpn_cls: nan, loss_rpn_bbox: nan, loss_cls: nan, acc: 0.1953, loss_bbox: nan, roi_loss_intra: nan, roi_loss_inter: nan, rcnn_loss_intra: nan, rcnn_loss_inter: nan, loss: nan
INFO:mmdet:Iter [72/140]	lr: 1.000e-03, eta: 0:03:30, time: 2.049, data_time: 0.444, memory: 3375, loss_rpn_cls: nan, loss_rpn_bbox: nan, loss_cls: nan, acc: 0.1953, loss_bbox: nan, roi_loss_intra: nan, roi_loss_inter: nan, rcnn_loss_intra: nan, rcnn_loss_inter: nan, loss: nan
2021-07-21 04:28:44,942 - mmdet - INFO - Iter [73/140]	lr: 1.000e-03, eta: 0:03:25, time: 1.903, data_time: 0.407, memory: 3375, loss_rpn_cls: nan, loss_rpn_bbox: nan, loss_cls: nan, acc: 0.1953, loss_bbox: nan, roi_loss_intra: nan, roi_loss_inter: nan, rcnn_loss_intra: nan, rcnn_loss_inter: nan, loss: nan
INFO:mmdet:Iter [73/140]	lr: 1.000e-03, eta: 0:03:25, time: 1.903, data_time: 0.407, memory: 3375, loss_rpn_cls: nan, loss_rpn_bbox: nan, loss_cls: nan, acc: 0.1953, loss_bbox: nan, roi_loss_intra: nan, roi_loss_inter: nan, rcnn_loss_intra: nan, rcnn_loss_inter: nan, loss: nan
2021-07-21 04:28:46,874 - mmdet - INFO - Iter [74/140]	lr: 1.000e-03, eta: 0:03:21, time: 1.918, data_time: 0.417, memory: 3375, loss_rpn_cls: nan, loss_rpn_bbox: nan, loss_cls: nan, acc: 0.1953, loss_bbox: nan, roi_loss_intra: nan, roi_loss_inter: nan, rcnn_loss_intra: nan, rcnn_loss_inter: nan, loss: nan
INFO:mmdet:Iter [74/140]	lr: 1.000e-03, eta: 0:03:21, time: 1.918, data_time: 0.417, memory: 3375, loss_rpn_cls: nan, loss_rpn_bbox: nan, loss_cls: nan, acc: 0.1953, loss_bbox: nan, roi_loss_intra: nan, roi_loss_inter: nan, rcnn_loss_intra: nan, rcnn_loss_inter: nan, loss: nan
2021-07-21 04:28:48,984 - mmdet - INFO - Iter [75/140]	lr: 1.000e-03, eta: 0:03:18, time: 2.157, data_time: 0.431, memory: 3375, loss_rpn_cls: nan, loss_rpn_bbox: nan, loss_cls: nan, acc: 0.1953, loss_bbox: nan, roi_loss_intra: nan, roi_loss_inter: nan, rcnn_loss_intra: nan, rcnn_loss_inter: nan, loss: nan
INFO:mmdet:Iter [75/140]	lr: 1.000e-03, eta: 0:03:18, time: 2.157, data_time: 0.431, memory: 3375, loss_rpn_cls: nan, loss_rpn_bbox: nan, loss_cls: nan, acc: 0.1953, loss_bbox: nan, roi_loss_intra: nan, roi_loss_inter: nan, rcnn_loss_intra: nan, rcnn_loss_inter: nan, loss: nan
2021-07-21 04:28:50,887 - mmdet - INFO - Iter [76/140]	lr: 1.000e-03, eta: 0:03:13, time: 1.889, data_time: 0.385, memory: 3375, loss_rpn_cls: nan, loss_rpn_bbox: nan, loss_cls: nan, acc: 0.1953, loss_bbox: nan, roi_loss_intra: nan, roi_loss_inter: nan, rcnn_loss_intra: nan, rcnn_loss_inter: nan, loss: nan
INFO:mmdet:Iter [76/140]	lr: 1.000e-03, eta: 0:03:13, time: 1.889, data_time: 0.385, memory: 3375, loss_rpn_cls: nan, loss_rpn_bbox: nan, loss_cls: nan, acc: 0.1953, loss_bbox: nan, roi_loss_intra: nan, roi_loss_inter: nan, rcnn_loss_intra: nan, rcnn_loss_inter: nan, loss: nan
2021-07-21 04:28:53,021 - mmdet - INFO - Iter [77/140]	lr: 1.000e-03, eta: 0:03:10, time: 2.100, data_time: 0.399, memory: 3375, loss_rpn_cls: nan, loss_rpn_bbox: nan, loss_cls: nan, acc: 0.1953, loss_bbox: nan, roi_loss_intra: nan, roi_loss_inter: nan, rcnn_loss_intra: nan, rcnn_loss_inter: nan, loss: nan
INFO:mmdet:Iter [77/140]	lr: 1.000e-03, eta: 0:03:10, time: 2.100, data_time: 0.399, memory: 3375, loss_rpn_cls: nan, loss_rpn_bbox: nan, loss_cls: nan, acc: 0.1953, loss_bbox: nan, roi_loss_intra: nan, roi_loss_inter: nan, rcnn_loss_intra: nan, rcnn_loss_inter: nan, loss: nan
2021-07-21 04:29:01,807 - mmdet - INFO - Iter [78/140]	lr: 1.000e-03, eta: 0:03:11, time: 8.851, data_time: 7.973, memory: 3375, loss_rpn_cls: nan, loss_rpn_bbox: nan, loss_cls: nan, acc: 0.1953, loss_bbox: nan, roi_loss_intra: nan, roi_loss_inter: nan, rcnn_loss_intra: nan, rcnn_loss_inter: nan, loss: nan
INFO:mmdet:Iter [78/140]	lr: 1.000e-03, eta: 0:03:11, time: 8.851, data_time: 7.973, memory: 3375, loss_rpn_cls: nan, loss_rpn_bbox: nan, loss_cls: nan, acc: 0.1953, loss_bbox: nan, roi_loss_intra: nan, roi_loss_inter: nan, rcnn_loss_intra: nan, rcnn_loss_inter: nan, loss: nan
2021-07-21 04:29:03,380 - mmdet - INFO - Iter [79/140]	lr: 1.000e-03, eta: 0:03:07, time: 1.503, data_time: 0.369, memory: 3375, loss_rpn_cls: nan, loss_rpn_bbox: nan, loss_cls: nan, acc: 0.1953, loss_bbox: nan, roi_loss_intra: nan, roi_loss_inter: nan, rcnn_loss_intra: nan, rcnn_loss_inter: nan, loss: nan
INFO:mmdet:Iter [79/140]	lr: 1.000e-03, eta: 0:03:07, time: 1.503, data_time: 0.369, memory: 3375, loss_rpn_cls: nan, loss_rpn_bbox: nan, loss_cls: nan, acc: 0.1953, loss_bbox: nan, roi_loss_intra: nan, roi_loss_inter: nan, rcnn_loss_intra: nan, rcnn_loss_inter: nan, loss: nan
2021-07-21 04:29:05,315 - mmdet - INFO - Iter [80/140]	lr: 1.000e-03, eta: 0:03:03, time: 1.983, data_time: 0.436, memory: 3375, loss_rpn_cls: nan, loss_rpn_bbox: nan, loss_cls: nan, acc: 0.1953, loss_bbox: nan, roi_loss_intra: nan, roi_loss_inter: nan, rcnn_loss_intra: nan, rcnn_loss_inter: nan, loss: nan
INFO:mmdet:Iter [80/140]	lr: 1.000e-03, eta: 0:03:03, time: 1.983, data_time: 0.436, memory: 3375, loss_rpn_cls: nan, loss_rpn_bbox: nan, loss_cls: nan, acc: 0.1953, loss_bbox: nan, roi_loss_intra: nan, roi_loss_inter: nan, rcnn_loss_intra: nan, rcnn_loss_inter: nan, loss: nan
2021-07-21 04:29:07,220 - mmdet - INFO - Iter [81/140]	lr: 1.000e-03, eta: 0:02:59, time: 1.863, data_time: 0.388, memory: 3375, loss_rpn_cls: nan, loss_rpn_bbox: nan, loss_cls: nan, acc: 0.1953, loss_bbox: nan, roi_loss_intra: nan, roi_loss_inter: nan, rcnn_loss_intra: nan, rcnn_loss_inter: nan, loss: nan
INFO:mmdet:Iter [81/140]	lr: 1.000e-03, eta: 0:02:59, time: 1.863, data_time: 0.388, memory: 3375, loss_rpn_cls: nan, loss_rpn_bbox: nan, loss_cls: nan, acc: 0.1953, loss_bbox: nan, roi_loss_intra: nan, roi_loss_inter: nan, rcnn_loss_intra: nan, rcnn_loss_inter: nan, loss: nan
2021-07-21 04:29:09,147 - mmdet - INFO - Iter [82/140]	lr: 1.000e-03, eta: 0:02:55, time: 1.920, data_time: 0.435, memory: 3375, loss_rpn_cls: nan, loss_rpn_bbox: nan, loss_cls: nan, acc: 0.1953, loss_bbox: nan, roi_loss_intra: nan, roi_loss_inter: nan, rcnn_loss_intra: nan, rcnn_loss_inter: nan, loss: nan
INFO:mmdet:Iter [82/140]	lr: 1.000e-03, eta: 0:02:55, time: 1.920, data_time: 0.435, memory: 3375, loss_rpn_cls: nan, loss_rpn_bbox: nan, loss_cls: nan, acc: 0.1953, loss_bbox: nan, roi_loss_intra: nan, roi_loss_inter: nan, rcnn_loss_intra: nan, rcnn_loss_inter: nan, loss: nan
2021-07-21 04:29:11,174 - mmdet - INFO - Iter [83/140]	lr: 1.000e-03, eta: 0:02:52, time: 2.052, data_time: 0.441, memory: 3375, loss_rpn_cls: nan, loss_rpn_bbox: nan, loss_cls: nan, acc: 0.1953, loss_bbox: nan, roi_loss_intra: nan, roi_loss_inter: nan, rcnn_loss_intra: nan, rcnn_loss_inter: nan, loss: nan
INFO:mmdet:Iter [83/140]	lr: 1.000e-03, eta: 0:02:52, time: 2.052, data_time: 0.441, memory: 3375, loss_rpn_cls: nan, loss_rpn_bbox: nan, loss_cls: nan, acc: 0.1953, loss_bbox: nan, roi_loss_intra: nan, roi_loss_inter: nan, rcnn_loss_intra: nan, rcnn_loss_inter: nan, loss: nan
2021-07-21 04:29:13,200 - mmdet - INFO - Iter [84/140]	lr: 1.000e-03, eta: 0:02:48, time: 2.005, data_time: 0.413, memory: 3375, loss_rpn_cls: nan, loss_rpn_bbox: nan, loss_cls: nan, acc: 0.1953, loss_bbox: nan, roi_loss_intra: nan, roi_loss_inter: nan, rcnn_loss_intra: nan, rcnn_loss_inter: nan, loss: nan
INFO:mmdet:Iter [84/140]	lr: 1.000e-03, eta: 0:02:48, time: 2.005, data_time: 0.413, memory: 3375, loss_rpn_cls: nan, loss_rpn_bbox: nan, loss_cls: nan, acc: 0.1953, loss_bbox: nan, roi_loss_intra: nan, roi_loss_inter: nan, rcnn_loss_intra: nan, rcnn_loss_inter: nan, loss: nan
2021-07-21 04:29:22,057 - mmdet - INFO - Iter [85/140]	lr: 1.000e-03, eta: 0:02:49, time: 8.879, data_time: 8.023, memory: 3375, loss_rpn_cls: nan, loss_rpn_bbox: nan, loss_cls: nan, acc: 0.1953, loss_bbox: nan, roi_loss_intra: nan, roi_loss_inter: nan, rcnn_loss_intra: nan, rcnn_loss_inter: nan, loss: nan
INFO:mmdet:Iter [85/140]	lr: 1.000e-03, eta: 0:02:49, time: 8.879, data_time: 8.023, memory: 3375, loss_rpn_cls: nan, loss_rpn_bbox: nan, loss_cls: nan, acc: 0.1953, loss_bbox: nan, roi_loss_intra: nan, roi_loss_inter: nan, rcnn_loss_intra: nan, rcnn_loss_inter: nan, loss: nan
2021-07-21 04:29:24,082 - mmdet - INFO - Iter [86/140]	lr: 1.000e-03, eta: 0:02:45, time: 2.017, data_time: 0.411, memory: 3375, loss_rpn_cls: nan, loss_rpn_bbox: nan, loss_cls: nan, acc: 0.1953, loss_bbox: nan, roi_loss_intra: nan, roi_loss_inter: nan, rcnn_loss_intra: nan, rcnn_loss_inter: nan, loss: nan
INFO:mmdet:Iter [86/140]	lr: 1.000e-03, eta: 0:02:45, time: 2.017, data_time: 0.411, memory: 3375, loss_rpn_cls: nan, loss_rpn_bbox: nan, loss_cls: nan, acc: 0.1953, loss_bbox: nan, roi_loss_intra: nan, roi_loss_inter: nan, rcnn_loss_intra: nan, rcnn_loss_inter: nan, loss: nan
2021-07-21 04:29:26,243 - mmdet - INFO - Iter [87/140]	lr: 1.000e-03, eta: 0:02:41, time: 2.177, data_time: 0.423, memory: 3375, loss_rpn_cls: nan, loss_rpn_bbox: nan, loss_cls: nan, acc: 0.1953, loss_bbox: nan, roi_loss_intra: nan, roi_loss_inter: nan, rcnn_loss_intra: nan, rcnn_loss_inter: nan, loss: nan
INFO:mmdet:Iter [87/140]	lr: 1.000e-03, eta: 0:02:41, time: 2.177, data_time: 0.423, memory: 3375, loss_rpn_cls: nan, loss_rpn_bbox: nan, loss_cls: nan, acc: 0.1953, loss_bbox: nan, roi_loss_intra: nan, roi_loss_inter: nan, rcnn_loss_intra: nan, rcnn_loss_inter: nan, loss: nan
2021-07-21 04:29:28,008 - mmdet - INFO - Iter [88/140]	lr: 1.000e-03, eta: 0:02:38, time: 1.782, data_time: 0.407, memory: 3375, loss_rpn_cls: nan, loss_rpn_bbox: nan, loss_cls: nan, acc: 0.1953, loss_bbox: nan, roi_loss_intra: nan, roi_loss_inter: nan, rcnn_loss_intra: nan, rcnn_loss_inter: nan, loss: nan
INFO:mmdet:Iter [88/140]	lr: 1.000e-03, eta: 0:02:38, time: 1.782, data_time: 0.407, memory: 3375, loss_rpn_cls: nan, loss_rpn_bbox: nan, loss_cls: nan, acc: 0.1953, loss_bbox: nan, roi_loss_intra: nan, roi_loss_inter: nan, rcnn_loss_intra: nan, rcnn_loss_inter: nan, loss: nan
2021-07-21 04:29:30,042 - mmdet - INFO - Iter [89/140]	lr: 1.000e-03, eta: 0:02:34, time: 1.993, data_time: 0.387, memory: 3375, loss_rpn_cls: nan, loss_rpn_bbox: nan, loss_cls: nan, acc: 0.1953, loss_bbox: nan, roi_loss_intra: nan, roi_loss_inter: nan, rcnn_loss_intra: nan, rcnn_loss_inter: nan, loss: nan
INFO:mmdet:Iter [89/140]	lr: 1.000e-03, eta: 0:02:34, time: 1.993, data_time: 0.387, memory: 3375, loss_rpn_cls: nan, loss_rpn_bbox: nan, loss_cls: nan, acc: 0.1953, loss_bbox: nan, roi_loss_intra: nan, roi_loss_inter: nan, rcnn_loss_intra: nan, rcnn_loss_inter: nan, loss: nan
2021-07-21 04:29:32,142 - mmdet - INFO - Iter [90/140]	lr: 1.000e-03, eta: 0:02:30, time: 2.079, data_time: 0.433, memory: 3375, loss_rpn_cls: nan, loss_rpn_bbox: nan, loss_cls: nan, acc: 0.1953, loss_bbox: nan, roi_loss_intra: nan, roi_loss_inter: nan, rcnn_loss_intra: nan, rcnn_loss_inter: nan, loss: nan
INFO:mmdet:Iter [90/140]	lr: 1.000e-03, eta: 0:02:30, time: 2.079, data_time: 0.433, memory: 3375, loss_rpn_cls: nan, loss_rpn_bbox: nan, loss_cls: nan, acc: 0.1953, loss_bbox: nan, roi_loss_intra: nan, roi_loss_inter: nan, rcnn_loss_intra: nan, rcnn_loss_inter: nan, loss: nan
2021-07-21 04:29:33,351 - mmdet - INFO - Iter [91/140]	lr: 1.000e-03, eta: 0:02:26, time: 1.259, data_time: 0.454, memory: 3375, loss_rpn_cls: nan, loss_rpn_bbox: nan, loss_cls: nan, acc: 0.1953, loss_bbox: nan, roi_loss_intra: nan, roi_loss_inter: nan, rcnn_loss_intra: nan, rcnn_loss_inter: nan, loss: nan
INFO:mmdet:Iter [91/140]	lr: 1.000e-03, eta: 0:02:26, time: 1.259, data_time: 0.454, memory: 3375, loss_rpn_cls: nan, loss_rpn_bbox: nan, loss_cls: nan, acc: 0.1953, loss_bbox: nan, roi_loss_intra: nan, roi_loss_inter: nan, rcnn_loss_intra: nan, rcnn_loss_inter: nan, loss: nan
2021-07-21 04:29:42,079 - mmdet - INFO - Iter [92/140]	lr: 1.000e-03, eta: 0:02:26, time: 8.689, data_time: 7.879, memory: 3375, loss_rpn_cls: nan, loss_rpn_bbox: nan, loss_cls: nan, acc: 0.1953, loss_bbox: nan, roi_loss_intra: nan, roi_loss_inter: nan, rcnn_loss_intra: nan, rcnn_loss_inter: nan, loss: nan
INFO:mmdet:Iter [92/140]	lr: 1.000e-03, eta: 0:02:26, time: 8.689, data_time: 7.879, memory: 3375, loss_rpn_cls: nan, loss_rpn_bbox: nan, loss_cls: nan, acc: 0.1953, loss_bbox: nan, roi_loss_intra: nan, roi_loss_inter: nan, rcnn_loss_intra: nan, rcnn_loss_inter: nan, loss: nan
